{"C:\\Users\\imartinez.CDSA\\Desktop\\Proyectos\\Printer-Logs-Analyzer\\frontend\\src\\__tests__\\fixtures\\events.ts": {"path":"C:\\Users\\imartinez.CDSA\\Desktop\\Proyectos\\Printer-Logs-Analyzer\\frontend\\src\\__tests__\\fixtures\\events.ts","statementMap":{"0":{"start":{"line":5,"column":2},"end":{"line":17,"column":null}},"1":{"start":{"line":21,"column":17},"end":{"line":21,"column":null}},"2":{"start":{"line":22,"column":2},"end":{"line":36,"column":null}},"3":{"start":{"line":40,"column":14},"end":{"line":40,"column":null}},"4":{"start":{"line":41,"column":2},"end":{"line":54,"column":null}},"5":{"start":{"line":57,"column":41},"end":{"line":98,"column":null}},"6":{"start":{"line":100,"column":43},"end":{"line":100,"column":null}},"7":{"start":{"line":100,"column":72},"end":{"line":100,"column":80}}},"fnMap":{"0":{"name":"mockEvent","decl":{"start":{"line":4,"column":16},"end":{"line":4,"column":26}},"loc":{"start":{"line":4,"column":81},"end":{"line":18,"column":null}},"line":4},"1":{"name":"mockIncident","decl":{"start":{"line":20,"column":16},"end":{"line":20,"column":29}},"loc":{"start":{"line":20,"column":74},"end":{"line":37,"column":null}},"line":20},"2":{"name":"mockIncidentRow","decl":{"start":{"line":39,"column":16},"end":{"line":39,"column":32}},"loc":{"start":{"line":39,"column":83},"end":{"line":55,"column":null}},"line":39},"3":{"name":"(anonymous_3)","decl":{"start":{"line":100,"column":65},"end":{"line":100,"column":66}},"loc":{"start":{"line":100,"column":72},"end":{"line":100,"column":80}},"line":100}},"branchMap":{"0":{"loc":{"start":{"line":4,"column":26},"end":{"line":4,"column":81}},"type":"default-arg","locations":[{"start":{"line":4,"column":62},"end":{"line":4,"column":81}}],"line":4},"1":{"loc":{"start":{"line":20,"column":29},"end":{"line":20,"column":74}},"type":"default-arg","locations":[{"start":{"line":20,"column":60},"end":{"line":20,"column":74}}],"line":20},"2":{"loc":{"start":{"line":21,"column":17},"end":{"line":21,"column":null}},"type":"binary-expr","locations":[{"start":{"line":21,"column":17},"end":{"line":21,"column":37}},{"start":{"line":21,"column":37},"end":{"line":21,"column":null}}],"line":21},"3":{"loc":{"start":{"line":25,"column":20},"end":{"line":25,"column":null}},"type":"binary-expr","locations":[{"start":{"line":25,"column":20},"end":{"line":25,"column":50}},{"start":{"line":25,"column":50},"end":{"line":25,"column":null}}],"line":25},"4":{"loc":{"start":{"line":39,"column":32},"end":{"line":39,"column":83}},"type":"default-arg","locations":[{"start":{"line":39,"column":66},"end":{"line":39,"column":83}}],"line":39},"5":{"loc":{"start":{"line":44,"column":20},"end":{"line":44,"column":null}},"type":"binary-expr","locations":[{"start":{"line":44,"column":20},"end":{"line":44,"column":44}},{"start":{"line":44,"column":44},"end":{"line":44,"column":null}}],"line":44}},"s":{"0":31,"1":9,"2":9,"3":4,"4":4,"5":3,"6":3,"7":9},"f":{"0":31,"1":9,"2":4,"3":9},"b":{"0":[31],"1":[9],"2":[9,0],"3":[9,0],"4":[4],"5":[4,0]},"meta":{"lastBranch":6,"lastFunction":4,"lastStatement":8,"seen":{"f:4:16:4:26":0,"b:4:62:4:81":0,"s:5:2:17:Infinity":0,"f:20:16:20:29":1,"b:20:60:20:74":1,"s:21:17:21:Infinity":1,"b:21:17:21:37:21:37:21:Infinity":2,"s:22:2:36:Infinity":2,"b:25:20:25:50:25:50:25:Infinity":3,"f:39:16:39:32":2,"b:39:66:39:83":4,"s:40:14:40:Infinity":3,"s:41:2:54:Infinity":4,"b:44:20:44:44:44:44:44:Infinity":5,"s:57:41:98:Infinity":5,"s:100:43:100:Infinity":6,"f:100:65:100:66":3,"s:100:72:100:80":7}}}
,"C:\\Users\\imartinez.CDSA\\Desktop\\Proyectos\\Printer-Logs-Analyzer\\frontend\\src\\components\\AIDiagnosticPanel.tsx": {"path":"C:\\Users\\imartinez.CDSA\\Desktop\\Proyectos\\Printer-Logs-Analyzer\\frontend\\src\\components\\AIDiagnosticPanel.tsx","statementMap":{"0":{"start":{"line":27,"column":2},"end":{"line":40,"column":null}},"1":{"start":{"line":29,"column":20},"end":{"line":33,"column":null}},"2":{"start":{"line":35,"column":4},"end":{"line":37,"column":null}},"3":{"start":{"line":36,"column":6},"end":{"line":36,"column":null}},"4":{"start":{"line":39,"column":4},"end":{"line":39,"column":null}},"5":{"start":{"line":43,"column":16},"end":{"line":43,"column":null}},"6":{"start":{"line":44,"column":39},"end":{"line":44,"column":null}},"7":{"start":{"line":46,"column":2},"end":{"line":52,"column":null}},"8":{"start":{"line":47,"column":16},"end":{"line":47,"column":null}},"9":{"start":{"line":48,"column":20},"end":{"line":48,"column":null}},"10":{"start":{"line":49,"column":4},"end":{"line":49,"column":null}},"11":{"start":{"line":49,"column":31},"end":{"line":49,"column":null}},"12":{"start":{"line":50,"column":4},"end":{"line":50,"column":null}},"13":{"start":{"line":50,"column":26},"end":{"line":50,"column":null}},"14":{"start":{"line":50,"column":74},"end":{"line":50,"column":86}},"15":{"start":{"line":51,"column":4},"end":{"line":51,"column":null}},"16":{"start":{"line":51,"column":29},"end":{"line":51,"column":null}},"17":{"start":{"line":54,"column":2},"end":{"line":54,"column":null}},"18":{"start":{"line":57,"column":13},"end":{"line":210,"column":null}},"19":{"start":{"line":59,"column":34},"end":{"line":59,"column":null}},"20":{"start":{"line":60,"column":30},"end":{"line":60,"column":null}},"21":{"start":{"line":61,"column":26},"end":{"line":61,"column":null}},"22":{"start":{"line":62,"column":34},"end":{"line":62,"column":null}},"23":{"start":{"line":65,"column":4},"end":{"line":68,"column":null}},"24":{"start":{"line":66,"column":6},"end":{"line":66,"column":null}},"25":{"start":{"line":67,"column":6},"end":{"line":67,"column":null}},"26":{"start":{"line":71,"column":4},"end":{"line":71,"column":null}},"27":{"start":{"line":71,"column":17},"end":{"line":71,"column":null}},"28":{"start":{"line":74,"column":6},"end":{"line":74,"column":null}},"29":{"start":{"line":74,"column":30},"end":{"line":74,"column":null}},"30":{"start":{"line":75,"column":6},"end":{"line":75,"column":null}},"31":{"start":{"line":76,"column":6},"end":{"line":76,"column":null}},"32":{"start":{"line":77,"column":6},"end":{"line":85,"column":null}},"33":{"start":{"line":78,"column":20},"end":{"line":78,"column":null}},"34":{"start":{"line":79,"column":8},"end":{"line":79,"column":null}},"35":{"start":{"line":80,"column":8},"end":{"line":80,"column":null}},"36":{"start":{"line":82,"column":8},"end":{"line":82,"column":null}},"37":{"start":{"line":84,"column":8},"end":{"line":84,"column":null}},"38":{"start":{"line":88,"column":17},"end":{"line":88,"column":null}},"39":{"start":{"line":90,"column":27},"end":{"line":90,"column":null}},"40":{"start":{"line":92,"column":4},"end":{"line":207,"column":null}},"41":{"start":{"line":97,"column":25},"end":{"line":97,"column":null}},"42":{"start":{"line":97,"column":45},"end":{"line":97,"column":47}},"43":{"start":{"line":129,"column":31},"end":{"line":129,"column":null}},"44":{"start":{"line":152,"column":31},"end":{"line":152,"column":null}},"45":{"start":{"line":168,"column":20},"end":{"line":175,"column":null}},"46":{"start":{"line":170,"column":24},"end":{"line":172,"column":null}},"47":{"start":{"line":171,"column":26},"end":{"line":171,"column":null}},"48":{"start":{"line":173,"column":24},"end":{"line":173,"column":null}},"49":{"start":{"line":192,"column":20},"end":{"line":195,"column":null}}},"fnMap":{"0":{"name":"parseDiagnosis","decl":{"start":{"line":26,"column":9},"end":{"line":26,"column":24}},"loc":{"start":{"line":26,"column":60},"end":{"line":55,"column":null}},"line":26},"1":{"name":"(anonymous_1)","decl":{"start":{"line":50,"column":69},"end":{"line":50,"column":74}},"loc":{"start":{"line":50,"column":74},"end":{"line":50,"column":86}},"line":50},"2":{"name":"AIDiagnosticPanel2","decl":{"start":{"line":58,"column":11},"end":{"line":58,"column":29}},"loc":{"start":{"line":58,"column":131},"end":{"line":209,"column":null}},"line":58},"3":{"name":"(anonymous_3)","decl":{"start":{"line":65,"column":14},"end":{"line":65,"column":20}},"loc":{"start":{"line":65,"column":20},"end":{"line":68,"column":7}},"line":65},"4":{"name":"handleGenerate","decl":{"start":{"line":73,"column":19},"end":{"line":73,"column":36}},"loc":{"start":{"line":73,"column":36},"end":{"line":86,"column":null}},"line":73},"5":{"name":"(anonymous_5)","decl":{"start":{"line":97,"column":19},"end":{"line":97,"column":25}},"loc":{"start":{"line":97,"column":25},"end":{"line":97,"column":null}},"line":97},"6":{"name":"(anonymous_6)","decl":{"start":{"line":97,"column":38},"end":{"line":97,"column":39}},"loc":{"start":{"line":97,"column":45},"end":{"line":97,"column":47}},"line":97},"7":{"name":"(anonymous_7)","decl":{"start":{"line":129,"column":25},"end":{"line":129,"column":31}},"loc":{"start":{"line":129,"column":31},"end":{"line":129,"column":null}},"line":129},"8":{"name":"(anonymous_8)","decl":{"start":{"line":152,"column":25},"end":{"line":152,"column":31}},"loc":{"start":{"line":152,"column":31},"end":{"line":152,"column":null}},"line":152},"9":{"name":"(anonymous_9)","decl":{"start":{"line":167,"column":54},"end":{"line":167,"column":55}},"loc":{"start":{"line":168,"column":20},"end":{"line":175,"column":null}},"line":168},"10":{"name":"(anonymous_10)","decl":{"start":{"line":169,"column":60},"end":{"line":169,"column":61}},"loc":{"start":{"line":169,"column":79},"end":{"line":174,"column":23}},"line":169},"11":{"name":"(anonymous_11)","decl":{"start":{"line":191,"column":37},"end":{"line":191,"column":38}},"loc":{"start":{"line":192,"column":20},"end":{"line":195,"column":null}},"line":192}},"branchMap":{"0":{"loc":{"start":{"line":35,"column":4},"end":{"line":37,"column":null}},"type":"if","locations":[{"start":{"line":35,"column":4},"end":{"line":37,"column":null}},{"start":{},"end":{}}],"line":35},"1":{"loc":{"start":{"line":49,"column":4},"end":{"line":49,"column":null}},"type":"if","locations":[{"start":{"line":49,"column":4},"end":{"line":49,"column":null}},{"start":{},"end":{}}],"line":49},"2":{"loc":{"start":{"line":50,"column":4},"end":{"line":50,"column":null}},"type":"if","locations":[{"start":{"line":50,"column":4},"end":{"line":50,"column":null}},{"start":{},"end":{}}],"line":50},"3":{"loc":{"start":{"line":51,"column":4},"end":{"line":51,"column":null}},"type":"if","locations":[{"start":{"line":51,"column":4},"end":{"line":51,"column":null}},{"start":{},"end":{}}],"line":51},"4":{"loc":{"start":{"line":54,"column":9},"end":{"line":54,"column":null}},"type":"cond-expr","locations":[{"start":{"line":54,"column":29},"end":{"line":54,"column":54}},{"start":{"line":54,"column":54},"end":{"line":54,"column":null}}],"line":54},"5":{"loc":{"start":{"line":58,"column":79},"end":{"line":58,"column":99}},"type":"default-arg","locations":[{"start":{"line":58,"column":92},"end":{"line":58,"column":99}}],"line":58},"6":{"loc":{"start":{"line":71,"column":4},"end":{"line":71,"column":null}},"type":"if","locations":[{"start":{"line":71,"column":4},"end":{"line":71,"column":null}},{"start":{},"end":{}}],"line":71},"7":{"loc":{"start":{"line":74,"column":6},"end":{"line":74,"column":null}},"type":"if","locations":[{"start":{"line":74,"column":6},"end":{"line":74,"column":null}},{"start":{},"end":{}}],"line":74},"8":{"loc":{"start":{"line":74,"column":10},"end":{"line":74,"column":30}},"type":"binary-expr","locations":[{"start":{"line":74,"column":10},"end":{"line":74,"column":21}},{"start":{"line":74,"column":21},"end":{"line":74,"column":30}}],"line":74},"9":{"loc":{"start":{"line":82,"column":17},"end":{"line":82,"column":87}},"type":"cond-expr","locations":[{"start":{"line":82,"column":40},"end":{"line":82,"column":54}},{"start":{"line":82,"column":54},"end":{"line":82,"column":87}}],"line":82},"10":{"loc":{"start":{"line":88,"column":17},"end":{"line":88,"column":null}},"type":"cond-expr","locations":[{"start":{"line":88,"column":29},"end":{"line":88,"column":57}},{"start":{"line":88,"column":57},"end":{"line":88,"column":null}}],"line":88},"11":{"loc":{"start":{"line":90,"column":70},"end":{"line":90,"column":117}},"type":"cond-expr","locations":[{"start":{"line":90,"column":83},"end":{"line":90,"column":115}},{"start":{"line":90,"column":115},"end":{"line":90,"column":117}}],"line":90},"12":{"loc":{"start":{"line":90,"column":121},"end":{"line":90,"column":136}},"type":"binary-expr","locations":[{"start":{"line":90,"column":121},"end":{"line":90,"column":134}},{"start":{"line":90,"column":134},"end":{"line":90,"column":136}}],"line":90},"13":{"loc":{"start":{"line":103,"column":15},"end":{"line":103,"column":null}},"type":"cond-expr","locations":[{"start":{"line":103,"column":28},"end":{"line":103,"column":67}},{"start":{"line":103,"column":67},"end":{"line":103,"column":null}}],"line":103},"14":{"loc":{"start":{"line":105,"column":13},"end":{"line":108,"column":null}},"type":"binary-expr","locations":[{"start":{"line":105,"column":13},"end":{"line":105,"column":21}},{"start":{"line":105,"column":21},"end":{"line":105,"column":null}},{"start":{"line":106,"column":14},"end":{"line":108,"column":null}}],"line":105},"15":{"loc":{"start":{"line":112,"column":52},"end":{"line":112,"column":109}},"type":"cond-expr","locations":[{"start":{"line":112,"column":65},"end":{"line":112,"column":107}},{"start":{"line":112,"column":107},"end":{"line":112,"column":109}}],"line":112},"16":{"loc":{"start":{"line":119,"column":56},"end":{"line":119,"column":106}},"type":"cond-expr","locations":[{"start":{"line":119,"column":68},"end":{"line":119,"column":104}},{"start":{"line":119,"column":104},"end":{"line":119,"column":106}}],"line":119},"17":{"loc":{"start":{"line":120,"column":11},"end":{"line":133,"column":null}},"type":"binary-expr","locations":[{"start":{"line":120,"column":11},"end":{"line":120,"column":25}},{"start":{"line":120,"column":25},"end":{"line":120,"column":37}},{"start":{"line":120,"column":37},"end":{"line":120,"column":null}},{"start":{"line":121,"column":12},"end":{"line":133,"column":null}}],"line":120},"18":{"loc":{"start":{"line":136,"column":11},"end":{"line":143,"column":null}},"type":"binary-expr","locations":[{"start":{"line":136,"column":11},"end":{"line":136,"column":null}},{"start":{"line":137,"column":12},"end":{"line":143,"column":null}}],"line":136},"19":{"loc":{"start":{"line":146,"column":11},"end":{"line":156,"column":null}},"type":"binary-expr","locations":[{"start":{"line":146,"column":11},"end":{"line":146,"column":20}},{"start":{"line":146,"column":20},"end":{"line":146,"column":null}},{"start":{"line":147,"column":12},"end":{"line":156,"column":null}}],"line":146},"20":{"loc":{"start":{"line":159,"column":11},"end":{"line":199,"column":null}},"type":"binary-expr","locations":[{"start":{"line":159,"column":11},"end":{"line":159,"column":19}},{"start":{"line":159,"column":19},"end":{"line":159,"column":null}},{"start":{"line":160,"column":12},"end":{"line":199,"column":null}}],"line":159},"21":{"loc":{"start":{"line":170,"column":24},"end":{"line":172,"column":null}},"type":"if","locations":[{"start":{"line":170,"column":24},"end":{"line":172,"column":null}},{"start":{},"end":{}}],"line":170},"22":{"loc":{"start":{"line":170,"column":28},"end":{"line":170,"column":80}},"type":"binary-expr","locations":[{"start":{"line":170,"column":28},"end":{"line":170,"column":56}},{"start":{"line":170,"column":56},"end":{"line":170,"column":80}}],"line":170},"23":{"loc":{"start":{"line":178,"column":17},"end":{"line":181,"column":null}},"type":"binary-expr","locations":[{"start":{"line":178,"column":17},"end":{"line":178,"column":null}},{"start":{"line":179,"column":18},"end":{"line":181,"column":null}}],"line":178},"24":{"loc":{"start":{"line":202,"column":11},"end":{"line":204,"column":null}},"type":"binary-expr","locations":[{"start":{"line":202,"column":11},"end":{"line":202,"column":24}},{"start":{"line":202,"column":24},"end":{"line":202,"column":33}},{"start":{"line":202,"column":33},"end":{"line":202,"column":null}},{"start":{"line":204,"column":12},"end":{"line":204,"column":null}}],"line":202}},"s":{"0":1,"1":1,"2":1,"3":1,"4":0,"5":0,"6":0,"7":0,"8":0,"9":0,"10":0,"11":0,"12":0,"13":0,"14":0,"15":0,"16":0,"17":0,"18":1,"19":14,"20":14,"21":14,"22":14,"23":14,"24":4,"25":4,"26":14,"27":1,"28":2,"29":0,"30":2,"31":2,"32":2,"33":2,"34":1,"35":1,"36":1,"37":2,"38":13,"39":14,"40":14,"41":3,"42":3,"43":2,"44":0,"45":1,"46":1,"47":0,"48":1,"49":2},"f":{"0":1,"1":0,"2":14,"3":4,"4":2,"5":3,"6":3,"7":2,"8":0,"9":1,"10":1,"11":2},"b":{"0":[1,0],"1":[0,0],"2":[0,0],"3":[0,0],"4":[0,0],"5":[14],"6":[1,13],"7":[0,2],"8":[2,2],"9":[1,0],"10":[1,12],"11":[0,13],"12":[14,13],"13":[0,13],"14":[14,1,1],"15":[10,3],"16":[3,10],"17":[14,12,10,9],"18":[14,2],"19":[14,1,1],"20":[14,1,1],"21":[0,1],"22":[1,0],"23":[1,1],"24":[14,1,0,0]},"meta":{"lastBranch":25,"lastFunction":12,"lastStatement":50,"seen":{"f:26:9:26:24":0,"s:27:2:40:Infinity":0,"s:29:20:33:Infinity":1,"b:35:4:37:Infinity:undefined:undefined:undefined:undefined":0,"s:35:4:37:Infinity":2,"s:36:6:36:Infinity":3,"s:39:4:39:Infinity":4,"s:43:16:43:Infinity":5,"s:44:39:44:Infinity":6,"s:46:2:52:Infinity":7,"s:47:16:47:Infinity":8,"s:48:20:48:Infinity":9,"b:49:4:49:Infinity:undefined:undefined:undefined:undefined":1,"s:49:4:49:Infinity":10,"s:49:31:49:Infinity":11,"b:50:4:50:Infinity:undefined:undefined:undefined:undefined":2,"s:50:4:50:Infinity":12,"s:50:26:50:Infinity":13,"f:50:69:50:74":1,"s:50:74:50:86":14,"b:51:4:51:Infinity:undefined:undefined:undefined:undefined":3,"s:51:4:51:Infinity":15,"s:51:29:51:Infinity":16,"s:54:2:54:Infinity":17,"b:54:29:54:54:54:54:54:Infinity":4,"s:57:13:210:Infinity":18,"f:58:11:58:29":2,"b:58:92:58:99":5,"s:59:34:59:Infinity":19,"s:60:30:60:Infinity":20,"s:61:26:61:Infinity":21,"s:62:34:62:Infinity":22,"s:65:4:68:Infinity":23,"f:65:14:65:20":3,"s:66:6:66:Infinity":24,"s:67:6:67:Infinity":25,"b:71:4:71:Infinity:undefined:undefined:undefined:undefined":6,"s:71:4:71:Infinity":26,"s:71:17:71:Infinity":27,"f:73:19:73:36":4,"b:74:6:74:Infinity:undefined:undefined:undefined:undefined":7,"s:74:6:74:Infinity":28,"b:74:10:74:21:74:21:74:30":8,"s:74:30:74:Infinity":29,"s:75:6:75:Infinity":30,"s:76:6:76:Infinity":31,"s:77:6:85:Infinity":32,"s:78:20:78:Infinity":33,"s:79:8:79:Infinity":34,"s:80:8:80:Infinity":35,"s:82:8:82:Infinity":36,"b:82:40:82:54:82:54:82:87":9,"s:84:8:84:Infinity":37,"s:88:17:88:Infinity":38,"b:88:29:88:57:88:57:88:Infinity":10,"s:90:27:90:Infinity":39,"b:90:83:90:115:90:115:90:117":11,"b:90:121:90:134:90:134:90:136":12,"s:92:4:207:Infinity":40,"f:97:19:97:25":5,"s:97:25:97:Infinity":41,"f:97:38:97:39":6,"s:97:45:97:47":42,"b:103:28:103:67:103:67:103:Infinity":13,"b:105:13:105:21:105:21:105:Infinity:106:14:108:Infinity":14,"b:112:65:112:107:112:107:112:109":15,"b:119:68:119:104:119:104:119:106":16,"b:120:11:120:25:120:25:120:37:120:37:120:Infinity:121:12:133:Infinity":17,"f:129:25:129:31":7,"s:129:31:129:Infinity":43,"b:136:11:136:Infinity:137:12:143:Infinity":18,"b:146:11:146:20:146:20:146:Infinity:147:12:156:Infinity":19,"f:152:25:152:31":8,"s:152:31:152:Infinity":44,"b:159:11:159:19:159:19:159:Infinity:160:12:199:Infinity":20,"f:167:54:167:55":9,"s:168:20:175:Infinity":45,"f:169:60:169:61":10,"b:170:24:172:Infinity:undefined:undefined:undefined:undefined":21,"s:170:24:172:Infinity":46,"b:170:28:170:56:170:56:170:80":22,"s:171:26:171:Infinity":47,"s:173:24:173:Infinity":48,"b:178:17:178:Infinity:179:18:181:Infinity":23,"f:191:37:191:38":11,"s:192:20:195:Infinity":49,"b:202:11:202:24:202:24:202:33:202:33:202:Infinity:204:12:204:Infinity":24}}}
,"C:\\Users\\imartinez.CDSA\\Desktop\\Proyectos\\Printer-Logs-Analyzer\\frontend\\src\\components\\AIDiagnosticSkeleton.tsx": {"path":"C:\\Users\\imartinez.CDSA\\Desktop\\Proyectos\\Printer-Logs-Analyzer\\frontend\\src\\components\\AIDiagnosticSkeleton.tsx","statementMap":{"0":{"start":{"line":4,"column":2},"end":{"line":41,"column":null}},"1":{"start":{"line":30,"column":14},"end":{"line":36,"column":null}}},"fnMap":{"0":{"name":"AIDiagnosticSkeleton","decl":{"start":{"line":3,"column":16},"end":{"line":3,"column":39}},"loc":{"start":{"line":3,"column":39},"end":{"line":43,"column":null}},"line":3},"1":{"name":"(anonymous_1)","decl":{"start":{"line":29,"column":27},"end":{"line":29,"column":28}},"loc":{"start":{"line":30,"column":14},"end":{"line":36,"column":null}},"line":30}},"branchMap":{},"s":{"0":2,"1":6},"f":{"0":2,"1":6},"b":{},"meta":{"lastBranch":0,"lastFunction":2,"lastStatement":2,"seen":{"f:3:16:3:39":0,"s:4:2:41:Infinity":0,"f:29:27:29:28":1,"s:30:14:36:Infinity":1}}}
,"C:\\Users\\imartinez.CDSA\\Desktop\\Proyectos\\Printer-Logs-Analyzer\\frontend\\src\\components\\DashboardHeader.tsx": {"path":"C:\\Users\\imartinez.CDSA\\Desktop\\Proyectos\\Printer-Logs-Analyzer\\frontend\\src\\components\\DashboardHeader.tsx","statementMap":{"0":{"start":{"line":5,"column":20},"end":{"line":5,"column":null}},"1":{"start":{"line":5,"column":39},"end":{"line":5,"column":49}},"2":{"start":{"line":6,"column":2},"end":{"line":9,"column":null}},"3":{"start":{"line":7,"column":14},"end":{"line":7,"column":null}},"4":{"start":{"line":7,"column":32},"end":{"line":7,"column":52}},"5":{"start":{"line":8,"column":4},"end":{"line":8,"column":null}},"6":{"start":{"line":8,"column":17},"end":{"line":8,"column":null}},"7":{"start":{"line":10,"column":2},"end":{"line":13,"column":null}},"8":{"start":{"line":18,"column":2},"end":{"line":18,"column":null}},"9":{"start":{"line":18,"column":15},"end":{"line":18,"column":null}},"10":{"start":{"line":19,"column":17},"end":{"line":19,"column":null}},"11":{"start":{"line":20,"column":2},"end":{"line":26,"column":null}},"12":{"start":{"line":57,"column":2},"end":{"line":138,"column":null}},"13":{"start":{"line":61,"column":23},"end":{"line":61,"column":null}}},"fnMap":{"0":{"name":"LiveClock","decl":{"start":{"line":4,"column":9},"end":{"line":4,"column":19}},"loc":{"start":{"line":4,"column":58},"end":{"line":15,"column":null}},"line":4},"1":{"name":"(anonymous_1)","decl":{"start":{"line":5,"column":33},"end":{"line":5,"column":39}},"loc":{"start":{"line":5,"column":39},"end":{"line":5,"column":49}},"line":5},"2":{"name":"(anonymous_2)","decl":{"start":{"line":6,"column":12},"end":{"line":6,"column":18}},"loc":{"start":{"line":6,"column":18},"end":{"line":9,"column":5}},"line":6},"3":{"name":"(anonymous_3)","decl":{"start":{"line":7,"column":26},"end":{"line":7,"column":32}},"loc":{"start":{"line":7,"column":32},"end":{"line":7,"column":52}},"line":7},"4":{"name":"(anonymous_4)","decl":{"start":{"line":8,"column":11},"end":{"line":8,"column":17}},"loc":{"start":{"line":8,"column":17},"end":{"line":8,"column":null}},"line":8},"5":{"name":"DbStatusBadge","decl":{"start":{"line":17,"column":9},"end":{"line":17,"column":23}},"loc":{"start":{"line":17,"column":68},"end":{"line":28,"column":null}},"line":17},"6":{"name":"DashboardHeader","decl":{"start":{"line":44,"column":16},"end":{"line":44,"column":32}},"loc":{"start":{"line":56,"column":25},"end":{"line":140,"column":null}},"line":56},"7":{"name":"(anonymous_7)","decl":{"start":{"line":61,"column":17},"end":{"line":61,"column":23}},"loc":{"start":{"line":61,"column":23},"end":{"line":61,"column":null}},"line":61}},"branchMap":{"0":{"loc":{"start":{"line":18,"column":2},"end":{"line":18,"column":null}},"type":"if","locations":[{"start":{"line":18,"column":2},"end":{"line":18,"column":null}},{"start":{},"end":{}}],"line":18},"1":{"loc":{"start":{"line":22,"column":36},"end":{"line":22,"column":95}},"type":"cond-expr","locations":[{"start":{"line":22,"column":45},"end":{"line":22,"column":69}},{"start":{"line":22,"column":69},"end":{"line":22,"column":95}}],"line":22},"2":{"loc":{"start":{"line":25,"column":7},"end":{"line":25,"column":null}},"type":"cond-expr","locations":[{"start":{"line":25,"column":16},"end":{"line":25,"column":33}},{"start":{"line":25,"column":33},"end":{"line":25,"column":null}}],"line":25},"3":{"loc":{"start":{"line":54,"column":2},"end":{"line":54,"column":null}},"type":"default-arg","locations":[{"start":{"line":54,"column":12},"end":{"line":54,"column":null}}],"line":54},"4":{"loc":{"start":{"line":55,"column":2},"end":{"line":55,"column":null}},"type":"default-arg","locations":[{"start":{"line":55,"column":24},"end":{"line":55,"column":null}}],"line":55},"5":{"loc":{"start":{"line":58,"column":44},"end":{"line":58,"column":67}},"type":"cond-expr","locations":[{"start":{"line":58,"column":54},"end":{"line":58,"column":65}},{"start":{"line":58,"column":65},"end":{"line":58,"column":67}}],"line":58},"6":{"loc":{"start":{"line":80,"column":9},"end":{"line":87,"column":null}},"type":"binary-expr","locations":[{"start":{"line":80,"column":9},"end":{"line":80,"column":null}},{"start":{"line":81,"column":10},"end":{"line":87,"column":null}}],"line":80},"7":{"loc":{"start":{"line":89,"column":9},"end":{"line":96,"column":null}},"type":"binary-expr","locations":[{"start":{"line":89,"column":9},"end":{"line":89,"column":null}},{"start":{"line":90,"column":10},"end":{"line":96,"column":null}}],"line":89},"8":{"loc":{"start":{"line":98,"column":9},"end":{"line":105,"column":null}},"type":"binary-expr","locations":[{"start":{"line":98,"column":9},"end":{"line":98,"column":null}},{"start":{"line":99,"column":10},"end":{"line":105,"column":null}}],"line":98},"9":{"loc":{"start":{"line":107,"column":9},"end":{"line":114,"column":null}},"type":"binary-expr","locations":[{"start":{"line":107,"column":9},"end":{"line":107,"column":null}},{"start":{"line":108,"column":10},"end":{"line":114,"column":null}}],"line":107},"10":{"loc":{"start":{"line":116,"column":9},"end":{"line":124,"column":null}},"type":"binary-expr","locations":[{"start":{"line":116,"column":9},"end":{"line":116,"column":null}},{"start":{"line":117,"column":10},"end":{"line":124,"column":null}}],"line":116},"11":{"loc":{"start":{"line":123,"column":13},"end":{"line":123,"column":null}},"type":"cond-expr","locations":[{"start":{"line":123,"column":28},"end":{"line":123,"column":47}},{"start":{"line":123,"column":47},"end":{"line":123,"column":null}}],"line":123}},"s":{"0":4,"1":3,"2":4,"3":3,"4":0,"5":3,"6":3,"7":4,"8":4,"9":4,"10":0,"11":0,"12":4,"13":0},"f":{"0":4,"1":3,"2":3,"3":0,"4":3,"5":4,"6":4,"7":0},"b":{"0":[4,0],"1":[0,0],"2":[0,0],"3":[4],"4":[4],"5":[4,0],"6":[4,4],"7":[4,2],"8":[4,2],"9":[4,2],"10":[4,2],"11":[0,2]},"meta":{"lastBranch":12,"lastFunction":8,"lastStatement":14,"seen":{"f:4:9:4:19":0,"s:5:20:5:Infinity":0,"f:5:33:5:39":1,"s:5:39:5:49":1,"s:6:2:9:Infinity":2,"f:6:12:6:18":2,"s:7:14:7:Infinity":3,"f:7:26:7:32":3,"s:7:32:7:52":4,"s:8:4:8:Infinity":5,"f:8:11:8:17":4,"s:8:17:8:Infinity":6,"s:10:2:13:Infinity":7,"f:17:9:17:23":5,"b:18:2:18:Infinity:undefined:undefined:undefined:undefined":0,"s:18:2:18:Infinity":8,"s:18:15:18:Infinity":9,"s:19:17:19:Infinity":10,"s:20:2:26:Infinity":11,"b:22:45:22:69:22:69:22:95":1,"b:25:16:25:33:25:33:25:Infinity":2,"f:44:16:44:32":6,"b:54:12:54:Infinity":3,"b:55:24:55:Infinity":4,"s:57:2:138:Infinity":12,"b:58:54:58:65:58:65:58:67":5,"f:61:17:61:23":7,"s:61:23:61:Infinity":13,"b:80:9:80:Infinity:81:10:87:Infinity":6,"b:89:9:89:Infinity:90:10:96:Infinity":7,"b:98:9:98:Infinity:99:10:105:Infinity":8,"b:107:9:107:Infinity:108:10:114:Infinity":9,"b:116:9:116:Infinity:117:10:124:Infinity":10,"b:123:28:123:47:123:47:123:Infinity":11}}}
,"C:\\Users\\imartinez.CDSA\\Desktop\\Proyectos\\Printer-Logs-Analyzer\\frontend\\src\\components\\EventsTable.module.css": {"path":"C:\\Users\\imartinez.CDSA\\Desktop\\Proyectos\\Printer-Logs-Analyzer\\frontend\\src\\components\\EventsTable.module.css","statementMap":{},"fnMap":{},"branchMap":{},"s":{},"f":{},"b":{},"meta":{"lastBranch":0,"lastFunction":0,"lastStatement":0,"seen":{}}}
,"C:\\Users\\imartinez.CDSA\\Desktop\\Proyectos\\Printer-Logs-Analyzer\\frontend\\src\\components\\EventsTable.tsx": {"path":"C:\\Users\\imartinez.CDSA\\Desktop\\Proyectos\\Printer-Logs-Analyzer\\frontend\\src\\components\\EventsTable.tsx","statementMap":{"0":{"start":{"line":12,"column":36},"end":{"line":12,"column":null}},"1":{"start":{"line":13,"column":42},"end":{"line":13,"column":null}},"2":{"start":{"line":14,"column":38},"end":{"line":14,"column":null}},"3":{"start":{"line":15,"column":22},"end":{"line":18,"column":null}},"4":{"start":{"line":21,"column":4},"end":{"line":24,"column":null}},"5":{"start":{"line":21,"column":20},"end":{"line":24,"column":6}},"6":{"start":{"line":27,"column":19},"end":{"line":36,"column":null}},"7":{"start":{"line":28,"column":4},"end":{"line":28,"column":null}},"8":{"start":{"line":28,"column":82},"end":{"line":28,"column":null}},"9":{"start":{"line":29,"column":14},"end":{"line":29,"column":null}},"10":{"start":{"line":30,"column":4},"end":{"line":34,"column":null}},"11":{"start":{"line":31,"column":12},"end":{"line":31,"column":null}},"12":{"start":{"line":32,"column":12},"end":{"line":32,"column":null}},"13":{"start":{"line":33,"column":6},"end":{"line":33,"column":null}},"14":{"start":{"line":33,"column":49},"end":{"line":33,"column":null}},"15":{"start":{"line":35,"column":4},"end":{"line":35,"column":null}},"16":{"start":{"line":38,"column":26},"end":{"line":38,"column":null}},"17":{"start":{"line":39,"column":15},"end":{"line":39,"column":null}},"18":{"start":{"line":40,"column":20},"end":{"line":62,"column":null}},"19":{"start":{"line":42,"column":4},"end":{"line":60,"column":null}},"20":{"start":{"line":44,"column":8},"end":{"line":44,"column":null}},"21":{"start":{"line":45,"column":8},"end":{"line":45,"column":null}},"22":{"start":{"line":47,"column":8},"end":{"line":47,"column":null}},"23":{"start":{"line":48,"column":8},"end":{"line":48,"column":null}},"24":{"start":{"line":50,"column":8},"end":{"line":50,"column":null}},"25":{"start":{"line":51,"column":8},"end":{"line":51,"column":null}},"26":{"start":{"line":53,"column":8},"end":{"line":55,"column":null}},"27":{"start":{"line":56,"column":8},"end":{"line":56,"column":null}},"28":{"start":{"line":58,"column":8},"end":{"line":58,"column":null}},"29":{"start":{"line":59,"column":8},"end":{"line":59,"column":null}},"30":{"start":{"line":61,"column":4},"end":{"line":61,"column":null}},"31":{"start":{"line":64,"column":2},"end":{"line":185,"column":null}},"32":{"start":{"line":69,"column":23},"end":{"line":69,"column":null}},"33":{"start":{"line":69,"column":45},"end":{"line":69,"column":47}},"34":{"start":{"line":96,"column":31},"end":{"line":96,"column":null}},"35":{"start":{"line":113,"column":31},"end":{"line":113,"column":null}},"36":{"start":{"line":127,"column":38},"end":{"line":127,"column":null}},"37":{"start":{"line":128,"column":20},"end":{"line":145,"column":null}},"38":{"start":{"line":138,"column":41},"end":{"line":138,"column":null}},"39":{"start":{"line":153,"column":18},"end":{"line":177,"column":null}},"40":{"start":{"line":168,"column":28},"end":{"line":168,"column":null}}},"fnMap":{"0":{"name":"EventsTable","decl":{"start":{"line":11,"column":16},"end":{"line":11,"column":28}},"loc":{"start":{"line":11,"column":74},"end":{"line":187,"column":null}},"line":11},"1":{"name":"handleSortChange","decl":{"start":{"line":20,"column":11},"end":{"line":20,"column":28}},"loc":{"start":{"line":20,"column":44},"end":{"line":25,"column":null}},"line":20},"2":{"name":"(anonymous_2)","decl":{"start":{"line":21,"column":12},"end":{"line":21,"column":13}},"loc":{"start":{"line":21,"column":20},"end":{"line":24,"column":6}},"line":21},"3":{"name":"(anonymous_3)","decl":{"start":{"line":27,"column":33},"end":{"line":27,"column":34}},"loc":{"start":{"line":27,"column":42},"end":{"line":36,"column":3}},"line":27},"4":{"name":"(anonymous_4)","decl":{"start":{"line":40,"column":39},"end":{"line":40,"column":40}},"loc":{"start":{"line":40,"column":49},"end":{"line":62,"column":3}},"line":40},"5":{"name":"(anonymous_5)","decl":{"start":{"line":69,"column":17},"end":{"line":69,"column":23}},"loc":{"start":{"line":69,"column":23},"end":{"line":69,"column":null}},"line":69},"6":{"name":"(anonymous_6)","decl":{"start":{"line":69,"column":38},"end":{"line":69,"column":39}},"loc":{"start":{"line":69,"column":45},"end":{"line":69,"column":47}},"line":69},"7":{"name":"(anonymous_7)","decl":{"start":{"line":96,"column":24},"end":{"line":96,"column":25}},"loc":{"start":{"line":96,"column":31},"end":{"line":96,"column":null}},"line":96},"8":{"name":"(anonymous_8)","decl":{"start":{"line":113,"column":24},"end":{"line":113,"column":25}},"loc":{"start":{"line":113,"column":31},"end":{"line":113,"column":null}},"line":113},"9":{"name":"(anonymous_9)","decl":{"start":{"line":126,"column":24},"end":{"line":126,"column":25}},"loc":{"start":{"line":126,"column":44},"end":{"line":147,"column":19}},"line":126},"10":{"name":"(anonymous_10)","decl":{"start":{"line":138,"column":35},"end":{"line":138,"column":41}},"loc":{"start":{"line":138,"column":41},"end":{"line":138,"column":null}},"line":138},"11":{"name":"(anonymous_11)","decl":{"start":{"line":152,"column":31},"end":{"line":152,"column":32}},"loc":{"start":{"line":153,"column":18},"end":{"line":177,"column":null}},"line":153},"12":{"name":"(anonymous_12)","decl":{"start":{"line":167,"column":35},"end":{"line":167,"column":null}},"loc":{"start":{"line":168,"column":28},"end":{"line":168,"column":null}},"line":168}},"branchMap":{"0":{"loc":{"start":{"line":23,"column":11},"end":{"line":23,"column":null}},"type":"cond-expr","locations":[{"start":{"line":23,"column":52},"end":{"line":23,"column":61}},{"start":{"line":23,"column":61},"end":{"line":23,"column":null}}],"line":23},"1":{"loc":{"start":{"line":23,"column":11},"end":{"line":23,"column":52}},"type":"binary-expr","locations":[{"start":{"line":23,"column":11},"end":{"line":23,"column":34}},{"start":{"line":23,"column":34},"end":{"line":23,"column":52}}],"line":23},"2":{"loc":{"start":{"line":28,"column":4},"end":{"line":28,"column":null}},"type":"if","locations":[{"start":{"line":28,"column":4},"end":{"line":28,"column":null}},{"start":{},"end":{}}],"line":28},"3":{"loc":{"start":{"line":28,"column":8},"end":{"line":28,"column":82}},"type":"binary-expr","locations":[{"start":{"line":28,"column":8},"end":{"line":28,"column":27}},{"start":{"line":28,"column":8},"end":{"line":28,"column":82}}],"line":28},"4":{"loc":{"start":{"line":28,"column":27},"end":{"line":28,"column":66}},"type":"binary-expr","locations":[{"start":{"line":28,"column":27},"end":{"line":28,"column":54}},{"start":{"line":28,"column":54},"end":{"line":28,"column":66}}],"line":28},"5":{"loc":{"start":{"line":30,"column":4},"end":{"line":34,"column":null}},"type":"if","locations":[{"start":{"line":30,"column":4},"end":{"line":34,"column":null}},{"start":{},"end":{}}],"line":30},"6":{"loc":{"start":{"line":31,"column":20},"end":{"line":31,"column":36}},"type":"binary-expr","locations":[{"start":{"line":31,"column":20},"end":{"line":31,"column":32}},{"start":{"line":31,"column":32},"end":{"line":31,"column":36}}],"line":31},"7":{"loc":{"start":{"line":32,"column":19},"end":{"line":32,"column":69}},"type":"binary-expr","locations":[{"start":{"line":32,"column":19},"end":{"line":32,"column":43}},{"start":{"line":32,"column":43},"end":{"line":32,"column":65}},{"start":{"line":32,"column":65},"end":{"line":32,"column":69}}],"line":32},"8":{"loc":{"start":{"line":33,"column":6},"end":{"line":33,"column":null}},"type":"if","locations":[{"start":{"line":33,"column":6},"end":{"line":33,"column":null}},{"start":{},"end":{}}],"line":33},"9":{"loc":{"start":{"line":33,"column":10},"end":{"line":33,"column":49}},"type":"binary-expr","locations":[{"start":{"line":33,"column":10},"end":{"line":33,"column":31}},{"start":{"line":33,"column":31},"end":{"line":33,"column":49}}],"line":33},"10":{"loc":{"start":{"line":39,"column":15},"end":{"line":39,"column":null}},"type":"cond-expr","locations":[{"start":{"line":39,"column":31},"end":{"line":39,"column":35}},{"start":{"line":39,"column":35},"end":{"line":39,"column":null}}],"line":39},"11":{"loc":{"start":{"line":42,"column":4},"end":{"line":60,"column":null}},"type":"switch","locations":[{"start":{"line":43,"column":6},"end":{"line":45,"column":null}},{"start":{"line":46,"column":6},"end":{"line":48,"column":null}},{"start":{"line":49,"column":6},"end":{"line":51,"column":null}},{"start":{"line":52,"column":6},"end":{"line":56,"column":null}},{"start":{"line":57,"column":6},"end":{"line":59,"column":null}}],"line":42},"12":{"loc":{"start":{"line":47,"column":15},"end":{"line":47,"column":29}},"type":"binary-expr","locations":[{"start":{"line":47,"column":15},"end":{"line":47,"column":25}},{"start":{"line":47,"column":25},"end":{"line":47,"column":29}}],"line":47},"13":{"loc":{"start":{"line":47,"column":43},"end":{"line":47,"column":55}},"type":"binary-expr","locations":[{"start":{"line":47,"column":43},"end":{"line":47,"column":53}},{"start":{"line":47,"column":53},"end":{"line":47,"column":55}}],"line":47},"14":{"loc":{"start":{"line":50,"column":15},"end":{"line":50,"column":29}},"type":"binary-expr","locations":[{"start":{"line":50,"column":15},"end":{"line":50,"column":25}},{"start":{"line":50,"column":25},"end":{"line":50,"column":29}}],"line":50},"15":{"loc":{"start":{"line":50,"column":43},"end":{"line":50,"column":55}},"type":"binary-expr","locations":[{"start":{"line":50,"column":43},"end":{"line":50,"column":53}},{"start":{"line":50,"column":53},"end":{"line":50,"column":55}}],"line":50},"16":{"loc":{"start":{"line":53,"column":15},"end":{"line":53,"column":61}},"type":"binary-expr","locations":[{"start":{"line":53,"column":15},"end":{"line":53,"column":37}},{"start":{"line":53,"column":37},"end":{"line":53,"column":57}},{"start":{"line":53,"column":57},"end":{"line":53,"column":61}}],"line":53},"17":{"loc":{"start":{"line":54,"column":10},"end":{"line":54,"column":null}},"type":"binary-expr","locations":[{"start":{"line":54,"column":10},"end":{"line":54,"column":32}},{"start":{"line":54,"column":32},"end":{"line":54,"column":52}},{"start":{"line":54,"column":52},"end":{"line":54,"column":null}}],"line":54},"18":{"loc":{"start":{"line":73,"column":9},"end":{"line":76,"column":null}},"type":"binary-expr","locations":[{"start":{"line":73,"column":9},"end":{"line":73,"column":24}},{"start":{"line":73,"column":24},"end":{"line":73,"column":null}},{"start":{"line":74,"column":10},"end":{"line":76,"column":null}}],"line":73},"19":{"loc":{"start":{"line":75,"column":35},"end":{"line":75,"column":null}},"type":"cond-expr","locations":[{"start":{"line":75,"column":57},"end":{"line":75,"column":63}},{"start":{"line":75,"column":63},"end":{"line":75,"column":null}}],"line":75},"20":{"loc":{"start":{"line":79,"column":50},"end":{"line":79,"column":109}},"type":"cond-expr","locations":[{"start":{"line":79,"column":65},"end":{"line":79,"column":107}},{"start":{"line":79,"column":107},"end":{"line":79,"column":109}}],"line":79},"21":{"loc":{"start":{"line":85,"column":7},"end":{"line":183,"column":null}},"type":"binary-expr","locations":[{"start":{"line":85,"column":7},"end":{"line":85,"column":null}},{"start":{"line":86,"column":8},"end":{"line":183,"column":null}}],"line":85},"22":{"loc":{"start":{"line":127,"column":38},"end":{"line":127,"column":null}},"type":"cond-expr","locations":[{"start":{"line":127,"column":60},"end":{"line":127,"column":71}},{"start":{"line":127,"column":71},"end":{"line":127,"column":null}}],"line":127},"23":{"loc":{"start":{"line":131,"column":29},"end":{"line":133,"column":null}},"type":"cond-expr","locations":[{"start":{"line":132,"column":28},"end":{"line":132,"column":null}},{"start":{"line":133,"column":28},"end":{"line":133,"column":null}}],"line":131},"24":{"loc":{"start":{"line":132,"column":43},"end":{"line":132,"column":92}},"type":"cond-expr","locations":[{"start":{"line":132,"column":65},"end":{"line":132,"column":79}},{"start":{"line":132,"column":79},"end":{"line":132,"column":92}}],"line":132},"25":{"loc":{"start":{"line":142,"column":29},"end":{"line":142,"column":null}},"type":"cond-expr","locations":[{"start":{"line":142,"column":52},"end":{"line":142,"column":88}},{"start":{"line":142,"column":88},"end":{"line":142,"column":null}}],"line":142},"26":{"loc":{"start":{"line":142,"column":52},"end":{"line":142,"column":88}},"type":"cond-expr","locations":[{"start":{"line":142,"column":73},"end":{"line":142,"column":80}},{"start":{"line":142,"column":80},"end":{"line":142,"column":88}}],"line":142},"27":{"loc":{"start":{"line":157,"column":58},"end":{"line":157,"column":78}},"type":"binary-expr","locations":[{"start":{"line":157,"column":58},"end":{"line":157,"column":70}},{"start":{"line":157,"column":70},"end":{"line":157,"column":78}}],"line":157},"28":{"loc":{"start":{"line":161,"column":46},"end":{"line":161,"column":94}},"type":"binary-expr","locations":[{"start":{"line":161,"column":46},"end":{"line":161,"column":78}},{"start":{"line":161,"column":78},"end":{"line":161,"column":90}},{"start":{"line":161,"column":90},"end":{"line":161,"column":94}}],"line":161},"29":{"loc":{"start":{"line":163,"column":23},"end":{"line":174,"column":null}},"type":"cond-expr","locations":[{"start":{"line":164,"column":24},"end":{"line":172,"column":null}},{"start":{"line":174,"column":24},"end":{"line":174,"column":null}}],"line":163},"30":{"loc":{"start":{"line":163,"column":23},"end":{"line":163,"column":null}},"type":"binary-expr","locations":[{"start":{"line":163,"column":23},"end":{"line":163,"column":60}},{"start":{"line":163,"column":60},"end":{"line":163,"column":null}}],"line":163}},"s":{"0":12,"1":12,"2":12,"3":12,"4":1,"5":1,"6":12,"7":24,"8":2,"9":22,"10":22,"11":0,"12":0,"13":0,"14":0,"15":22,"16":12,"17":12,"18":12,"19":11,"20":11,"21":11,"22":0,"23":0,"24":0,"25":0,"26":0,"27":0,"28":0,"29":0,"30":11,"31":12,"32":4,"33":4,"34":1,"35":0,"36":20,"37":20,"38":1,"39":9,"40":0},"f":{"0":12,"1":1,"2":1,"3":24,"4":11,"5":4,"6":4,"7":1,"8":0,"9":20,"10":1,"11":9,"12":0},"b":{"0":[0,1],"1":[1,1],"2":[2,22],"3":[24,3],"4":[3,0],"5":[0,22],"6":[0,0],"7":[0,0,0],"8":[0,0],"9":[0,0],"10":[1,11],"11":[11,0,0,0,0],"12":[0,0],"13":[0,0],"14":[0,0],"15":[0,0],"16":[0,0,0],"17":[0,0,0],"18":[12,7,6],"19":[4,2],"20":[5,7],"21":[12,5],"22":[5,15],"23":[5,15],"24":[1,4],"25":[5,15],"26":[1,4],"27":[9,0],"28":[9,0,0],"29":[0,9],"30":[9,9]},"meta":{"lastBranch":31,"lastFunction":13,"lastStatement":41,"seen":{"f:11:16:11:28":0,"s:12:36:12:Infinity":0,"s:13:42:13:Infinity":1,"s:14:38:14:Infinity":2,"s:15:22:18:Infinity":3,"f:20:11:20:28":1,"s:21:4:24:Infinity":4,"f:21:12:21:13":2,"s:21:20:24:6":5,"b:23:52:23:61:23:61:23:Infinity":0,"b:23:11:23:34:23:34:23:52":1,"s:27:19:36:Infinity":6,"f:27:33:27:34":3,"b:28:4:28:Infinity:undefined:undefined:undefined:undefined":2,"s:28:4:28:Infinity":7,"b:28:8:28:27:28:8:28:82":3,"b:28:27:28:54:28:54:28:66":4,"s:28:82:28:Infinity":8,"s:29:14:29:Infinity":9,"b:30:4:34:Infinity:undefined:undefined:undefined:undefined":5,"s:30:4:34:Infinity":10,"s:31:12:31:Infinity":11,"b:31:20:31:32:31:32:31:36":6,"s:32:12:32:Infinity":12,"b:32:19:32:43:32:43:32:65:32:65:32:69":7,"b:33:6:33:Infinity:undefined:undefined:undefined:undefined":8,"s:33:6:33:Infinity":13,"b:33:10:33:31:33:31:33:49":9,"s:33:49:33:Infinity":14,"s:35:4:35:Infinity":15,"s:38:26:38:Infinity":16,"s:39:15:39:Infinity":17,"b:39:31:39:35:39:35:39:Infinity":10,"s:40:20:62:Infinity":18,"f:40:39:40:40":4,"b:43:6:45:Infinity:46:6:48:Infinity:49:6:51:Infinity:52:6:56:Infinity:57:6:59:Infinity":11,"s:42:4:60:Infinity":19,"s:44:8:44:Infinity":20,"s:45:8:45:Infinity":21,"s:47:8:47:Infinity":22,"b:47:15:47:25:47:25:47:29":12,"b:47:43:47:53:47:53:47:55":13,"s:48:8:48:Infinity":23,"s:50:8:50:Infinity":24,"b:50:15:50:25:50:25:50:29":14,"b:50:43:50:53:50:53:50:55":15,"s:51:8:51:Infinity":25,"s:53:8:55:Infinity":26,"b:53:15:53:37:53:37:53:57:53:57:53:61":16,"b:54:10:54:32:54:32:54:52:54:52:54:Infinity":17,"s:56:8:56:Infinity":27,"s:58:8:58:Infinity":28,"s:59:8:59:Infinity":29,"s:61:4:61:Infinity":30,"s:64:2:185:Infinity":31,"f:69:17:69:23":5,"s:69:23:69:Infinity":32,"f:69:38:69:39":6,"s:69:45:69:47":33,"b:73:9:73:24:73:24:73:Infinity:74:10:76:Infinity":18,"b:75:57:75:63:75:63:75:Infinity":19,"b:79:65:79:107:79:107:79:109":20,"b:85:7:85:Infinity:86:8:183:Infinity":21,"f:96:24:96:25":7,"s:96:31:96:Infinity":34,"f:113:24:113:25":8,"s:113:31:113:Infinity":35,"f:126:24:126:25":9,"s:127:38:127:Infinity":36,"b:127:60:127:71:127:71:127:Infinity":22,"s:128:20:145:Infinity":37,"b:132:28:132:Infinity:133:28:133:Infinity":23,"b:132:65:132:79:132:79:132:92":24,"f:138:35:138:41":10,"s:138:41:138:Infinity":38,"b:142:52:142:88:142:88:142:Infinity":25,"b:142:73:142:80:142:80:142:88":26,"f:152:31:152:32":11,"s:153:18:177:Infinity":39,"b:157:58:157:70:157:70:157:78":27,"b:161:46:161:78:161:78:161:90:161:90:161:94":28,"b:164:24:172:Infinity:174:24:174:Infinity":29,"b:163:23:163:60:163:60:163:Infinity":30,"f:167:35:167:Infinity":12,"s:168:28:168:Infinity":40}}}
,"C:\\Users\\imartinez.CDSA\\Desktop\\Proyectos\\Printer-Logs-Analyzer\\frontend\\src\\components\\ExecutiveSummary.module.css": {"path":"C:\\Users\\imartinez.CDSA\\Desktop\\Proyectos\\Printer-Logs-Analyzer\\frontend\\src\\components\\ExecutiveSummary.module.css","statementMap":{},"fnMap":{},"branchMap":{},"s":{},"f":{},"b":{},"meta":{"lastBranch":0,"lastFunction":0,"lastStatement":0,"seen":{}}}
,"C:\\Users\\imartinez.CDSA\\Desktop\\Proyectos\\Printer-Logs-Analyzer\\frontend\\src\\components\\ExecutiveSummary.tsx": {"path":"C:\\Users\\imartinez.CDSA\\Desktop\\Proyectos\\Printer-Logs-Analyzer\\frontend\\src\\components\\ExecutiveSummary.tsx","statementMap":{"0":{"start":{"line":30,"column":19},"end":{"line":30,"column":null}},"1":{"start":{"line":30,"column":43},"end":{"line":30,"column":79}},"2":{"start":{"line":31,"column":2},"end":{"line":38,"column":null}},"3":{"start":{"line":32,"column":18},"end":{"line":32,"column":null}},"4":{"start":{"line":34,"column":6},"end":{"line":36,"column":null}},"5":{"start":{"line":37,"column":4},"end":{"line":37,"column":null}},"6":{"start":{"line":40,"column":19},"end":{"line":40,"column":null}},"7":{"start":{"line":40,"column":43},"end":{"line":40,"column":81}},"8":{"start":{"line":41,"column":2},"end":{"line":44,"column":null}},"9":{"start":{"line":42,"column":17},"end":{"line":42,"column":null}},"10":{"start":{"line":43,"column":4},"end":{"line":43,"column":null}},"11":{"start":{"line":46,"column":2},"end":{"line":50,"column":null}},"12":{"start":{"line":54,"column":19},"end":{"line":56,"column":null}},"13":{"start":{"line":55,"column":16},"end":{"line":55,"column":25}},"14":{"start":{"line":56,"column":19},"end":{"line":56,"column":62}},"15":{"start":{"line":58,"column":2},"end":{"line":60,"column":null}},"16":{"start":{"line":59,"column":4},"end":{"line":59,"column":null}},"17":{"start":{"line":62,"column":15},"end":{"line":62,"column":null}},"18":{"start":{"line":62,"column":41},"end":{"line":62,"column":55}},"19":{"start":{"line":63,"column":15},"end":{"line":63,"column":null}},"20":{"start":{"line":63,"column":41},"end":{"line":63,"column":55}},"21":{"start":{"line":64,"column":16},"end":{"line":64,"column":null}},"22":{"start":{"line":65,"column":2},"end":{"line":67,"column":null}},"23":{"start":{"line":66,"column":4},"end":{"line":66,"column":null}},"24":{"start":{"line":69,"column":21},"end":{"line":69,"column":null}},"25":{"start":{"line":70,"column":22},"end":{"line":70,"column":null}},"26":{"start":{"line":70,"column":43},"end":{"line":70,"column":75}},"27":{"start":{"line":71,"column":2},"end":{"line":73,"column":null}},"28":{"start":{"line":72,"column":4},"end":{"line":72,"column":null}},"29":{"start":{"line":75,"column":20},"end":{"line":75,"column":null}},"30":{"start":{"line":76,"column":18},"end":{"line":76,"column":null}},"31":{"start":{"line":78,"column":4},"end":{"line":82,"column":null}},"32":{"start":{"line":84,"column":2},"end":{"line":84,"column":null}},"33":{"start":{"line":88,"column":20},"end":{"line":88,"column":null}},"34":{"start":{"line":89,"column":18},"end":{"line":89,"column":null}},"35":{"start":{"line":90,"column":2},"end":{"line":90,"column":null}},"36":{"start":{"line":90,"column":76},"end":{"line":90,"column":null}},"37":{"start":{"line":91,"column":2},"end":{"line":91,"column":null}},"38":{"start":{"line":94,"column":13},"end":{"line":305,"column":null}},"39":{"start":{"line":107,"column":30},"end":{"line":109,"column":null}},"40":{"start":{"line":108,"column":13},"end":{"line":108,"column":null}},"41":{"start":{"line":110,"column":29},"end":{"line":112,"column":null}},"42":{"start":{"line":111,"column":13},"end":{"line":111,"column":null}},"43":{"start":{"line":113,"column":26},"end":{"line":113,"column":null}},"44":{"start":{"line":113,"column":58},"end":{"line":113,"column":93}},"45":{"start":{"line":114,"column":28},"end":{"line":116,"column":null}},"46":{"start":{"line":115,"column":13},"end":{"line":115,"column":null}},"47":{"start":{"line":117,"column":28},"end":{"line":119,"column":null}},"48":{"start":{"line":118,"column":13},"end":{"line":118,"column":null}},"49":{"start":{"line":121,"column":10},"end":{"line":124,"column":null}},"50":{"start":{"line":122,"column":12},"end":{"line":122,"column":null}},"51":{"start":{"line":125,"column":10},"end":{"line":125,"column":null}},"52":{"start":{"line":125,"column":34},"end":{"line":125,"column":71}},"53":{"start":{"line":127,"column":10},"end":{"line":178,"column":null}},"54":{"start":{"line":128,"column":31},"end":{"line":128,"column":null}},"55":{"start":{"line":130,"column":6},"end":{"line":146,"column":null}},"56":{"start":{"line":131,"column":20},"end":{"line":131,"column":null}},"57":{"start":{"line":132,"column":8},"end":{"line":136,"column":null}},"58":{"start":{"line":137,"column":6},"end":{"line":146,"column":null}},"59":{"start":{"line":138,"column":20},"end":{"line":138,"column":null}},"60":{"start":{"line":139,"column":8},"end":{"line":143,"column":null}},"61":{"start":{"line":145,"column":8},"end":{"line":145,"column":null}},"62":{"start":{"line":148,"column":6},"end":{"line":163,"column":null}},"63":{"start":{"line":149,"column":21},"end":{"line":152,"column":null}},"64":{"start":{"line":151,"column":22},"end":{"line":151,"column":94}},"65":{"start":{"line":153,"column":22},"end":{"line":153,"column":null}},"66":{"start":{"line":154,"column":8},"end":{"line":154,"column":null}},"67":{"start":{"line":155,"column":6},"end":{"line":163,"column":null}},"68":{"start":{"line":156,"column":8},"end":{"line":160,"column":null}},"69":{"start":{"line":162,"column":8},"end":{"line":162,"column":null}},"70":{"start":{"line":165,"column":6},"end":{"line":167,"column":null}},"71":{"start":{"line":169,"column":6},"end":{"line":169,"column":null}},"72":{"start":{"line":180,"column":10},"end":{"line":220,"column":null}},"73":{"start":{"line":181,"column":60},"end":{"line":181,"column":null}},"74":{"start":{"line":182,"column":6},"end":{"line":194,"column":null}},"75":{"start":{"line":183,"column":18},"end":{"line":183,"column":null}},"76":{"start":{"line":184,"column":8},"end":{"line":187,"column":null}},"77":{"start":{"line":188,"column":6},"end":{"line":194,"column":null}},"78":{"start":{"line":189,"column":18},"end":{"line":189,"column":null}},"79":{"start":{"line":190,"column":8},"end":{"line":193,"column":null}},"80":{"start":{"line":196,"column":6},"end":{"line":210,"column":null}},"81":{"start":{"line":197,"column":20},"end":{"line":197,"column":null}},"82":{"start":{"line":198,"column":8},"end":{"line":203,"column":null}},"83":{"start":{"line":204,"column":6},"end":{"line":210,"column":null}},"84":{"start":{"line":205,"column":20},"end":{"line":205,"column":null}},"85":{"start":{"line":206,"column":8},"end":{"line":209,"column":null}},"86":{"start":{"line":212,"column":6},"end":{"line":217,"column":null}},"87":{"start":{"line":213,"column":8},"end":{"line":216,"column":null}},"88":{"start":{"line":219,"column":6},"end":{"line":219,"column":null}},"89":{"start":{"line":222,"column":25},"end":{"line":233,"column":null}},"90":{"start":{"line":235,"column":32},"end":{"line":235,"column":null}},"91":{"start":{"line":237,"column":4},"end":{"line":302,"column":null}},"92":{"start":{"line":277,"column":16},"end":{"line":277,"column":null}},"93":{"start":{"line":286,"column":16},"end":{"line":288,"column":null}},"94":{"start":{"line":296,"column":12},"end":{"line":299,"column":null}},"95":{"start":{"line":307,"column":0},"end":{"line":307,"column":null}}},"fnMap":{"0":{"name":"computeHealthStatus","decl":{"start":{"line":22,"column":9},"end":{"line":22,"column":null}},"loc":{"start":{"line":29,"column":2},"end":{"line":51,"column":null}},"line":29},"1":{"name":"(anonymous_1)","decl":{"start":{"line":30,"column":36},"end":{"line":30,"column":37}},"loc":{"start":{"line":30,"column":43},"end":{"line":30,"column":79}},"line":30},"2":{"name":"(anonymous_2)","decl":{"start":{"line":40,"column":36},"end":{"line":40,"column":37}},"loc":{"start":{"line":40,"column":43},"end":{"line":40,"column":81}},"line":40},"3":{"name":"computeErrorDensity","decl":{"start":{"line":53,"column":9},"end":{"line":53,"column":29}},"loc":{"start":{"line":53,"column":49},"end":{"line":85,"column":null}},"line":53},"4":{"name":"(anonymous_4)","decl":{"start":{"line":55,"column":9},"end":{"line":55,"column":10}},"loc":{"start":{"line":55,"column":16},"end":{"line":55,"column":25}},"line":55},"5":{"name":"(anonymous_5)","decl":{"start":{"line":56,"column":12},"end":{"line":56,"column":13}},"loc":{"start":{"line":56,"column":19},"end":{"line":56,"column":62}},"line":56},"6":{"name":"(anonymous_6)","decl":{"start":{"line":62,"column":31},"end":{"line":62,"column":32}},"loc":{"start":{"line":62,"column":41},"end":{"line":62,"column":55}},"line":62},"7":{"name":"(anonymous_7)","decl":{"start":{"line":63,"column":31},"end":{"line":63,"column":32}},"loc":{"start":{"line":63,"column":41},"end":{"line":63,"column":55}},"line":63},"8":{"name":"(anonymous_8)","decl":{"start":{"line":70,"column":36},"end":{"line":70,"column":37}},"loc":{"start":{"line":70,"column":43},"end":{"line":70,"column":75}},"line":70},"9":{"name":"formatDateRange","decl":{"start":{"line":87,"column":9},"end":{"line":87,"column":25}},"loc":{"start":{"line":87,"column":53},"end":{"line":92,"column":null}},"line":87},"10":{"name":"(anonymous_10)","decl":{"start":{"line":95,"column":2},"end":{"line":95,"column":null}},"loc":{"start":{"line":106,"column":7},"end":{"line":304,"column":null}},"line":106},"11":{"name":"(anonymous_11)","decl":{"start":{"line":108,"column":6},"end":{"line":108,"column":7}},"loc":{"start":{"line":108,"column":13},"end":{"line":108,"column":null}},"line":108},"12":{"name":"(anonymous_12)","decl":{"start":{"line":111,"column":6},"end":{"line":111,"column":7}},"loc":{"start":{"line":111,"column":13},"end":{"line":111,"column":null}},"line":111},"13":{"name":"(anonymous_13)","decl":{"start":{"line":113,"column":51},"end":{"line":113,"column":52}},"loc":{"start":{"line":113,"column":58},"end":{"line":113,"column":93}},"line":113},"14":{"name":"(anonymous_14)","decl":{"start":{"line":115,"column":6},"end":{"line":115,"column":7}},"loc":{"start":{"line":115,"column":13},"end":{"line":115,"column":null}},"line":115},"15":{"name":"(anonymous_15)","decl":{"start":{"line":118,"column":6},"end":{"line":118,"column":7}},"loc":{"start":{"line":118,"column":13},"end":{"line":118,"column":null}},"line":118},"16":{"name":"(anonymous_16)","decl":{"start":{"line":122,"column":6},"end":{"line":122,"column":12}},"loc":{"start":{"line":122,"column":12},"end":{"line":122,"column":null}},"line":122},"17":{"name":"(anonymous_17)","decl":{"start":{"line":125,"column":28},"end":{"line":125,"column":34}},"loc":{"start":{"line":125,"column":34},"end":{"line":125,"column":71}},"line":125},"18":{"name":"(anonymous_18)","decl":{"start":{"line":127,"column":34},"end":{"line":127,"column":40}},"loc":{"start":{"line":127,"column":40},"end":{"line":170,"column":7}},"line":127},"19":{"name":"(anonymous_19)","decl":{"start":{"line":151,"column":15},"end":{"line":151,"column":16}},"loc":{"start":{"line":151,"column":22},"end":{"line":151,"column":94}},"line":151},"20":{"name":"(anonymous_20)","decl":{"start":{"line":180,"column":30},"end":{"line":180,"column":36}},"loc":{"start":{"line":180,"column":36},"end":{"line":220,"column":7}},"line":180},"21":{"name":"(anonymous_21)","decl":{"start":{"line":276,"column":33},"end":{"line":276,"column":34}},"loc":{"start":{"line":277,"column":16},"end":{"line":277,"column":null}},"line":277},"22":{"name":"(anonymous_22)","decl":{"start":{"line":285,"column":29},"end":{"line":285,"column":30}},"loc":{"start":{"line":286,"column":16},"end":{"line":288,"column":null}},"line":286},"23":{"name":"(anonymous_23)","decl":{"start":{"line":295,"column":28},"end":{"line":295,"column":29}},"loc":{"start":{"line":296,"column":12},"end":{"line":299,"column":null}},"line":296}},"branchMap":{"0":{"loc":{"start":{"line":31,"column":2},"end":{"line":38,"column":null}},"type":"if","locations":[{"start":{"line":31,"column":2},"end":{"line":38,"column":null}},{"start":{},"end":{}}],"line":31},"1":{"loc":{"start":{"line":34,"column":6},"end":{"line":36,"column":null}},"type":"cond-expr","locations":[{"start":{"line":35,"column":10},"end":{"line":35,"column":null}},{"start":{"line":36,"column":10},"end":{"line":36,"column":null}}],"line":34},"2":{"loc":{"start":{"line":41,"column":2},"end":{"line":44,"column":null}},"type":"if","locations":[{"start":{"line":41,"column":2},"end":{"line":44,"column":null}},{"start":{},"end":{}}],"line":41},"3":{"loc":{"start":{"line":42,"column":48},"end":{"line":42,"column":78}},"type":"cond-expr","locations":[{"start":{"line":42,"column":70},"end":{"line":42,"column":76}},{"start":{"line":42,"column":76},"end":{"line":42,"column":78}}],"line":42},"4":{"loc":{"start":{"line":56,"column":19},"end":{"line":56,"column":62}},"type":"binary-expr","locations":[{"start":{"line":56,"column":19},"end":{"line":56,"column":44}},{"start":{"line":56,"column":44},"end":{"line":56,"column":62}}],"line":56},"5":{"loc":{"start":{"line":58,"column":2},"end":{"line":60,"column":null}},"type":"if","locations":[{"start":{"line":58,"column":2},"end":{"line":60,"column":null}},{"start":{},"end":{}}],"line":58},"6":{"loc":{"start":{"line":65,"column":2},"end":{"line":67,"column":null}},"type":"if","locations":[{"start":{"line":65,"column":2},"end":{"line":67,"column":null}},{"start":{},"end":{}}],"line":65},"7":{"loc":{"start":{"line":71,"column":2},"end":{"line":73,"column":null}},"type":"if","locations":[{"start":{"line":71,"column":2},"end":{"line":73,"column":null}},{"start":{},"end":{}}],"line":71},"8":{"loc":{"start":{"line":76,"column":18},"end":{"line":76,"column":null}},"type":"cond-expr","locations":[{"start":{"line":76,"column":34},"end":{"line":76,"column":67}},{"start":{"line":76,"column":67},"end":{"line":76,"column":null}}],"line":76},"9":{"loc":{"start":{"line":78,"column":4},"end":{"line":82,"column":null}},"type":"cond-expr","locations":[{"start":{"line":79,"column":8},"end":{"line":79,"column":null}},{"start":{"line":80,"column":8},"end":{"line":82,"column":null}}],"line":78},"10":{"loc":{"start":{"line":80,"column":8},"end":{"line":82,"column":null}},"type":"cond-expr","locations":[{"start":{"line":81,"column":10},"end":{"line":81,"column":null}},{"start":{"line":82,"column":10},"end":{"line":82,"column":null}}],"line":80},"11":{"loc":{"start":{"line":90,"column":2},"end":{"line":90,"column":null}},"type":"if","locations":[{"start":{"line":90,"column":2},"end":{"line":90,"column":null}},{"start":{},"end":{}}],"line":90},"12":{"loc":{"start":{"line":90,"column":6},"end":{"line":90,"column":76}},"type":"binary-expr","locations":[{"start":{"line":90,"column":6},"end":{"line":90,"column":43}},{"start":{"line":90,"column":43},"end":{"line":90,"column":76}}],"line":90},"13":{"loc":{"start":{"line":115,"column":13},"end":{"line":115,"column":null}},"type":"binary-expr","locations":[{"start":{"line":115,"column":13},"end":{"line":115,"column":50}},{"start":{"line":115,"column":50},"end":{"line":115,"column":null}}],"line":115},"14":{"loc":{"start":{"line":118,"column":13},"end":{"line":118,"column":null}},"type":"binary-expr","locations":[{"start":{"line":118,"column":13},"end":{"line":118,"column":50}},{"start":{"line":118,"column":50},"end":{"line":118,"column":73}},{"start":{"line":118,"column":73},"end":{"line":118,"column":null}}],"line":118},"15":{"loc":{"start":{"line":130,"column":6},"end":{"line":146,"column":null}},"type":"if","locations":[{"start":{"line":130,"column":6},"end":{"line":146,"column":null}},{"start":{"line":137,"column":6},"end":{"line":146,"column":null}}],"line":130},"16":{"loc":{"start":{"line":134,"column":12},"end":{"line":134,"column":null}},"type":"cond-expr","locations":[{"start":{"line":134,"column":36},"end":{"line":134,"column":42}},{"start":{"line":134,"column":42},"end":{"line":134,"column":null}}],"line":134},"17":{"loc":{"start":{"line":137,"column":6},"end":{"line":146,"column":null}},"type":"if","locations":[{"start":{"line":137,"column":6},"end":{"line":146,"column":null}},{"start":{"line":144,"column":13},"end":{"line":146,"column":null}}],"line":137},"18":{"loc":{"start":{"line":141,"column":12},"end":{"line":141,"column":null}},"type":"cond-expr","locations":[{"start":{"line":141,"column":36},"end":{"line":141,"column":42}},{"start":{"line":141,"column":42},"end":{"line":141,"column":null}}],"line":141},"19":{"loc":{"start":{"line":148,"column":6},"end":{"line":163,"column":null}},"type":"if","locations":[{"start":{"line":148,"column":6},"end":{"line":163,"column":null}},{"start":{"line":155,"column":6},"end":{"line":163,"column":null}}],"line":148},"20":{"loc":{"start":{"line":151,"column":25},"end":{"line":151,"column":55}},"type":"binary-expr","locations":[{"start":{"line":151,"column":25},"end":{"line":151,"column":42}},{"start":{"line":151,"column":42},"end":{"line":151,"column":55}}],"line":151},"21":{"loc":{"start":{"line":151,"column":71},"end":{"line":151,"column":89}},"type":"binary-expr","locations":[{"start":{"line":151,"column":71},"end":{"line":151,"column":88}},{"start":{"line":151,"column":88},"end":{"line":151,"column":89}}],"line":151},"22":{"loc":{"start":{"line":153,"column":22},"end":{"line":153,"column":null}},"type":"cond-expr","locations":[{"start":{"line":153,"column":51},"end":{"line":153,"column":89}},{"start":{"line":153,"column":89},"end":{"line":153,"column":null}}],"line":153},"23":{"loc":{"start":{"line":155,"column":6},"end":{"line":163,"column":null}},"type":"if","locations":[{"start":{"line":155,"column":6},"end":{"line":163,"column":null}},{"start":{"line":161,"column":13},"end":{"line":163,"column":null}}],"line":155},"24":{"loc":{"start":{"line":158,"column":12},"end":{"line":158,"column":null}},"type":"cond-expr","locations":[{"start":{"line":158,"column":43},"end":{"line":158,"column":49}},{"start":{"line":158,"column":49},"end":{"line":158,"column":null}}],"line":158},"25":{"loc":{"start":{"line":182,"column":6},"end":{"line":194,"column":null}},"type":"if","locations":[{"start":{"line":182,"column":6},"end":{"line":194,"column":null}},{"start":{"line":188,"column":6},"end":{"line":194,"column":null}}],"line":182},"26":{"loc":{"start":{"line":186,"column":42},"end":{"line":186,"column":72}},"type":"binary-expr","locations":[{"start":{"line":186,"column":42},"end":{"line":186,"column":59}},{"start":{"line":186,"column":59},"end":{"line":186,"column":72}}],"line":186},"27":{"loc":{"start":{"line":186,"column":88},"end":{"line":186,"column":106}},"type":"binary-expr","locations":[{"start":{"line":186,"column":88},"end":{"line":186,"column":105}},{"start":{"line":186,"column":105},"end":{"line":186,"column":106}}],"line":186},"28":{"loc":{"start":{"line":188,"column":6},"end":{"line":194,"column":null}},"type":"if","locations":[{"start":{"line":188,"column":6},"end":{"line":194,"column":null}},{"start":{},"end":{}}],"line":188},"29":{"loc":{"start":{"line":196,"column":6},"end":{"line":210,"column":null}},"type":"if","locations":[{"start":{"line":196,"column":6},"end":{"line":210,"column":null}},{"start":{"line":204,"column":6},"end":{"line":210,"column":null}}],"line":196},"30":{"loc":{"start":{"line":201,"column":12},"end":{"line":201,"column":null}},"type":"cond-expr","locations":[{"start":{"line":201,"column":36},"end":{"line":201,"column":42}},{"start":{"line":201,"column":42},"end":{"line":201,"column":null}}],"line":201},"31":{"loc":{"start":{"line":204,"column":6},"end":{"line":210,"column":null}},"type":"if","locations":[{"start":{"line":204,"column":6},"end":{"line":210,"column":null}},{"start":{},"end":{}}],"line":204},"32":{"loc":{"start":{"line":212,"column":6},"end":{"line":217,"column":null}},"type":"if","locations":[{"start":{"line":212,"column":6},"end":{"line":217,"column":null}},{"start":{},"end":{}}],"line":212},"33":{"loc":{"start":{"line":223,"column":42},"end":{"line":223,"column":72}},"type":"binary-expr","locations":[{"start":{"line":223,"column":42},"end":{"line":223,"column":57}},{"start":{"line":223,"column":57},"end":{"line":223,"column":72}}],"line":223},"34":{"loc":{"start":{"line":224,"column":31},"end":{"line":224,"column":51}},"type":"binary-expr","locations":[{"start":{"line":224,"column":31},"end":{"line":224,"column":47}},{"start":{"line":224,"column":47},"end":{"line":224,"column":51}}],"line":224},"35":{"loc":{"start":{"line":258,"column":15},"end":{"line":262,"column":null}},"type":"cond-expr","locations":[{"start":{"line":259,"column":18},"end":{"line":259,"column":null}},{"start":{"line":260,"column":18},"end":{"line":262,"column":null}}],"line":258},"36":{"loc":{"start":{"line":260,"column":18},"end":{"line":262,"column":null}},"type":"cond-expr","locations":[{"start":{"line":261,"column":20},"end":{"line":261,"column":null}},{"start":{"line":262,"column":20},"end":{"line":262,"column":null}}],"line":260}},"s":{"0":4,"1":1,"2":4,"3":1,"4":1,"5":1,"6":3,"7":0,"8":3,"9":0,"10":0,"11":3,"12":4,"13":3,"14":3,"15":4,"16":3,"17":1,"18":2,"19":1,"20":2,"21":1,"22":1,"23":0,"24":1,"25":1,"26":3,"27":1,"28":0,"29":1,"30":1,"31":4,"32":4,"33":8,"34":8,"35":8,"36":0,"37":8,"38":1,"39":4,"40":1,"41":4,"42":1,"43":4,"44":1,"45":4,"46":1,"47":4,"48":1,"49":4,"50":4,"51":4,"52":4,"53":4,"54":4,"55":4,"56":1,"57":1,"58":3,"59":0,"60":0,"61":3,"62":4,"63":1,"64":1,"65":1,"66":1,"67":3,"68":0,"69":3,"70":4,"71":4,"72":4,"73":4,"74":4,"75":1,"76":1,"77":3,"78":0,"79":0,"80":4,"81":1,"82":1,"83":3,"84":0,"85":0,"86":4,"87":2,"88":4,"89":4,"90":4,"91":4,"92":12,"93":4,"94":16,"95":1},"f":{"0":4,"1":1,"2":0,"3":4,"4":3,"5":3,"6":2,"7":2,"8":3,"9":8,"10":4,"11":1,"12":1,"13":1,"14":1,"15":1,"16":4,"17":4,"18":4,"19":1,"20":4,"21":12,"22":4,"23":16},"b":{"0":[1,3],"1":[0,1],"2":[0,3],"3":[0,0],"4":[3,3],"5":[3,1],"6":[0,1],"7":[0,1],"8":[1,0],"9":[0,1],"10":[1,0],"11":[0,8],"12":[8,8],"13":[1,1],"14":[1,1,0],"15":[1,3],"16":[1,0],"17":[0,3],"18":[0,0],"19":[1,3],"20":[1,0],"21":[1,0],"22":[0,1],"23":[0,3],"24":[0,0],"25":[1,3],"26":[1,0],"27":[1,0],"28":[0,3],"29":[1,3],"30":[1,0],"31":[0,3],"32":[2,2],"33":[4,0],"34":[4,0],"35":[1,3],"36":[0,3]},"meta":{"lastBranch":37,"lastFunction":24,"lastStatement":96,"seen":{"f:22:9:22:Infinity":0,"s:30:19:30:Infinity":0,"f:30:36:30:37":1,"s:30:43:30:79":1,"b:31:2:38:Infinity:undefined:undefined:undefined:undefined":0,"s:31:2:38:Infinity":2,"s:32:18:32:Infinity":3,"s:34:6:36:Infinity":4,"b:35:10:35:Infinity:36:10:36:Infinity":1,"s:37:4:37:Infinity":5,"s:40:19:40:Infinity":6,"f:40:36:40:37":2,"s:40:43:40:81":7,"b:41:2:44:Infinity:undefined:undefined:undefined:undefined":2,"s:41:2:44:Infinity":8,"s:42:17:42:Infinity":9,"b:42:70:42:76:42:76:42:78":3,"s:43:4:43:Infinity":10,"s:46:2:50:Infinity":11,"f:53:9:53:29":3,"s:54:19:56:Infinity":12,"f:55:9:55:10":4,"s:55:16:55:25":13,"f:56:12:56:13":5,"s:56:19:56:62":14,"b:56:19:56:44:56:44:56:62":4,"b:58:2:60:Infinity:undefined:undefined:undefined:undefined":5,"s:58:2:60:Infinity":15,"s:59:4:59:Infinity":16,"s:62:15:62:Infinity":17,"f:62:31:62:32":6,"s:62:41:62:55":18,"s:63:15:63:Infinity":19,"f:63:31:63:32":7,"s:63:41:63:55":20,"s:64:16:64:Infinity":21,"b:65:2:67:Infinity:undefined:undefined:undefined:undefined":6,"s:65:2:67:Infinity":22,"s:66:4:66:Infinity":23,"s:69:21:69:Infinity":24,"s:70:22:70:Infinity":25,"f:70:36:70:37":8,"s:70:43:70:75":26,"b:71:2:73:Infinity:undefined:undefined:undefined:undefined":7,"s:71:2:73:Infinity":27,"s:72:4:72:Infinity":28,"s:75:20:75:Infinity":29,"s:76:18:76:Infinity":30,"b:76:34:76:67:76:67:76:Infinity":8,"s:78:4:82:Infinity":31,"b:79:8:79:Infinity:80:8:82:Infinity":9,"b:81:10:81:Infinity:82:10:82:Infinity":10,"s:84:2:84:Infinity":32,"f:87:9:87:25":9,"s:88:20:88:Infinity":33,"s:89:18:89:Infinity":34,"b:90:2:90:Infinity:undefined:undefined:undefined:undefined":11,"s:90:2:90:Infinity":35,"b:90:6:90:43:90:43:90:76":12,"s:90:76:90:Infinity":36,"s:91:2:91:Infinity":37,"s:94:13:305:Infinity":38,"f:95:2:95:Infinity":10,"s:107:30:109:Infinity":39,"f:108:6:108:7":11,"s:108:13:108:Infinity":40,"s:110:29:112:Infinity":41,"f:111:6:111:7":12,"s:111:13:111:Infinity":42,"s:113:26:113:Infinity":43,"f:113:51:113:52":13,"s:113:58:113:93":44,"s:114:28:116:Infinity":45,"f:115:6:115:7":14,"s:115:13:115:Infinity":46,"b:115:13:115:50:115:50:115:Infinity":13,"s:117:28:119:Infinity":47,"f:118:6:118:7":15,"s:118:13:118:Infinity":48,"b:118:13:118:50:118:50:118:73:118:73:118:Infinity":14,"s:121:10:124:Infinity":49,"f:122:6:122:12":16,"s:122:12:122:Infinity":50,"s:125:10:125:Infinity":51,"f:125:28:125:34":17,"s:125:34:125:71":52,"s:127:10:178:Infinity":53,"f:127:34:127:40":18,"s:128:31:128:Infinity":54,"b:130:6:146:Infinity:137:6:146:Infinity":15,"s:130:6:146:Infinity":55,"s:131:20:131:Infinity":56,"s:132:8:136:Infinity":57,"b:134:36:134:42:134:42:134:Infinity":16,"b:137:6:146:Infinity:144:13:146:Infinity":17,"s:137:6:146:Infinity":58,"s:138:20:138:Infinity":59,"s:139:8:143:Infinity":60,"b:141:36:141:42:141:42:141:Infinity":18,"s:145:8:145:Infinity":61,"b:148:6:163:Infinity:155:6:163:Infinity":19,"s:148:6:163:Infinity":62,"s:149:21:152:Infinity":63,"f:151:15:151:16":19,"s:151:22:151:94":64,"b:151:25:151:42:151:42:151:55":20,"b:151:71:151:88:151:88:151:89":21,"s:153:22:153:Infinity":65,"b:153:51:153:89:153:89:153:Infinity":22,"s:154:8:154:Infinity":66,"b:155:6:163:Infinity:161:13:163:Infinity":23,"s:155:6:163:Infinity":67,"s:156:8:160:Infinity":68,"b:158:43:158:49:158:49:158:Infinity":24,"s:162:8:162:Infinity":69,"s:165:6:167:Infinity":70,"s:169:6:169:Infinity":71,"s:180:10:220:Infinity":72,"f:180:30:180:36":20,"s:181:60:181:Infinity":73,"b:182:6:194:Infinity:188:6:194:Infinity":25,"s:182:6:194:Infinity":74,"s:183:18:183:Infinity":75,"s:184:8:187:Infinity":76,"b:186:42:186:59:186:59:186:72":26,"b:186:88:186:105:186:105:186:106":27,"b:188:6:194:Infinity:undefined:undefined:undefined:undefined":28,"s:188:6:194:Infinity":77,"s:189:18:189:Infinity":78,"s:190:8:193:Infinity":79,"b:196:6:210:Infinity:204:6:210:Infinity":29,"s:196:6:210:Infinity":80,"s:197:20:197:Infinity":81,"s:198:8:203:Infinity":82,"b:201:36:201:42:201:42:201:Infinity":30,"b:204:6:210:Infinity:undefined:undefined:undefined:undefined":31,"s:204:6:210:Infinity":83,"s:205:20:205:Infinity":84,"s:206:8:209:Infinity":85,"b:212:6:217:Infinity:undefined:undefined:undefined:undefined":32,"s:212:6:217:Infinity":86,"s:213:8:216:Infinity":87,"s:219:6:219:Infinity":88,"s:222:25:233:Infinity":89,"b:223:42:223:57:223:57:223:72":33,"b:224:31:224:47:224:47:224:51":34,"s:235:32:235:Infinity":90,"s:237:4:302:Infinity":91,"b:259:18:259:Infinity:260:18:262:Infinity":35,"b:261:20:261:Infinity:262:20:262:Infinity":36,"f:276:33:276:34":21,"s:277:16:277:Infinity":92,"f:285:29:285:30":22,"s:286:16:288:Infinity":93,"f:295:28:295:29":23,"s:296:12:299:Infinity":94,"s:307:0:307:Infinity":95}}}
,"C:\\Users\\imartinez.CDSA\\Desktop\\Proyectos\\Printer-Logs-Analyzer\\frontend\\src\\components\\IncidentsTable.tsx": {"path":"C:\\Users\\imartinez.CDSA\\Desktop\\Proyectos\\Printer-Logs-Analyzer\\frontend\\src\\components\\IncidentsTable.tsx","statementMap":{"0":{"start":{"line":30,"column":52},"end":{"line":30,"column":null}},"1":{"start":{"line":31,"column":38},"end":{"line":31,"column":null}},"2":{"start":{"line":32,"column":42},"end":{"line":32,"column":null}},"3":{"start":{"line":33,"column":38},"end":{"line":33,"column":null}},"4":{"start":{"line":34,"column":22},"end":{"line":37,"column":null}},"5":{"start":{"line":40,"column":4},"end":{"line":45,"column":null}},"6":{"start":{"line":41,"column":19},"end":{"line":41,"column":null}},"7":{"start":{"line":42,"column":6},"end":{"line":43,"column":null}},"8":{"start":{"line":42,"column":24},"end":{"line":42,"column":null}},"9":{"start":{"line":43,"column":11},"end":{"line":43,"column":null}},"10":{"start":{"line":44,"column":6},"end":{"line":44,"column":null}},"11":{"start":{"line":49,"column":4},"end":{"line":52,"column":null}},"12":{"start":{"line":49,"column":20},"end":{"line":52,"column":6}},"13":{"start":{"line":55,"column":19},"end":{"line":64,"column":null}},"14":{"start":{"line":56,"column":4},"end":{"line":56,"column":null}},"15":{"start":{"line":56,"column":73},"end":{"line":56,"column":null}},"16":{"start":{"line":57,"column":14},"end":{"line":57,"column":null}},"17":{"start":{"line":58,"column":4},"end":{"line":62,"column":null}},"18":{"start":{"line":59,"column":12},"end":{"line":59,"column":null}},"19":{"start":{"line":60,"column":12},"end":{"line":60,"column":null}},"20":{"start":{"line":61,"column":6},"end":{"line":61,"column":null}},"21":{"start":{"line":61,"column":60},"end":{"line":61,"column":null}},"22":{"start":{"line":63,"column":4},"end":{"line":63,"column":null}},"23":{"start":{"line":66,"column":26},"end":{"line":66,"column":null}},"24":{"start":{"line":67,"column":15},"end":{"line":67,"column":null}},"25":{"start":{"line":68,"column":21},"end":{"line":92,"column":null}},"26":{"start":{"line":70,"column":4},"end":{"line":90,"column":null}},"27":{"start":{"line":72,"column":8},"end":{"line":72,"column":null}},"28":{"start":{"line":73,"column":8},"end":{"line":73,"column":null}},"29":{"start":{"line":75,"column":8},"end":{"line":75,"column":null}},"30":{"start":{"line":76,"column":8},"end":{"line":76,"column":null}},"31":{"start":{"line":78,"column":8},"end":{"line":78,"column":null}},"32":{"start":{"line":79,"column":8},"end":{"line":79,"column":null}},"33":{"start":{"line":81,"column":8},"end":{"line":81,"column":null}},"34":{"start":{"line":82,"column":8},"end":{"line":82,"column":null}},"35":{"start":{"line":84,"column":8},"end":{"line":84,"column":null}},"36":{"start":{"line":85,"column":8},"end":{"line":85,"column":null}},"37":{"start":{"line":88,"column":8},"end":{"line":88,"column":null}},"38":{"start":{"line":89,"column":8},"end":{"line":89,"column":null}},"39":{"start":{"line":91,"column":4},"end":{"line":91,"column":null}},"40":{"start":{"line":94,"column":2},"end":{"line":322,"column":null}},"41":{"start":{"line":105,"column":27},"end":{"line":105,"column":null}},"42":{"start":{"line":122,"column":27},"end":{"line":122,"column":null}},"43":{"start":{"line":139,"column":34},"end":{"line":139,"column":null}},"44":{"start":{"line":140,"column":16},"end":{"line":157,"column":null}},"45":{"start":{"line":150,"column":37},"end":{"line":150,"column":null}},"46":{"start":{"line":165,"column":33},"end":{"line":165,"column":null}},"47":{"start":{"line":166,"column":14},"end":{"line":316,"column":null}},"48":{"start":{"line":173,"column":39},"end":{"line":173,"column":null}},"49":{"start":{"line":186,"column":26},"end":{"line":186,"column":null}},"50":{"start":{"line":216,"column":32},"end":{"line":216,"column":null}},"51":{"start":{"line":229,"column":28},"end":{"line":234,"column":null}},"52":{"start":{"line":259,"column":42},"end":{"line":259,"column":null}},"53":{"start":{"line":260,"column":36},"end":{"line":260,"column":null}},"54":{"start":{"line":261,"column":34},"end":{"line":261,"column":null}},"55":{"start":{"line":262,"column":37},"end":{"line":262,"column":null}},"56":{"start":{"line":263,"column":22},"end":{"line":313,"column":null}},"57":{"start":{"line":287,"column":38},"end":{"line":291,"column":null}},"58":{"start":{"line":288,"column":50},"end":{"line":288,"column":null}},"59":{"start":{"line":289,"column":40},"end":{"line":289,"column":null}},"60":{"start":{"line":290,"column":40},"end":{"line":290,"column":null}},"61":{"start":{"line":303,"column":51},"end":{"line":303,"column":null}},"62":{"start":{"line":303,"column":74},"end":{"line":303,"column":96}}},"fnMap":{"0":{"name":"IncidentsTable","decl":{"start":{"line":25,"column":16},"end":{"line":25,"column":31}},"loc":{"start":{"line":29,"column":24},"end":{"line":324,"column":null}},"line":29},"1":{"name":"toggleIncident","decl":{"start":{"line":39,"column":11},"end":{"line":39,"column":26}},"loc":{"start":{"line":39,"column":38},"end":{"line":46,"column":null}},"line":39},"2":{"name":"(anonymous_2)","decl":{"start":{"line":40,"column":27},"end":{"line":40,"column":28}},"loc":{"start":{"line":40,"column":37},"end":{"line":45,"column":5}},"line":40},"3":{"name":"handleSortChange","decl":{"start":{"line":48,"column":11},"end":{"line":48,"column":28}},"loc":{"start":{"line":48,"column":44},"end":{"line":53,"column":null}},"line":48},"4":{"name":"(anonymous_4)","decl":{"start":{"line":49,"column":12},"end":{"line":49,"column":13}},"loc":{"start":{"line":49,"column":20},"end":{"line":52,"column":6}},"line":49},"5":{"name":"(anonymous_5)","decl":{"start":{"line":55,"column":39},"end":{"line":55,"column":40}},"loc":{"start":{"line":55,"column":48},"end":{"line":64,"column":3}},"line":55},"6":{"name":"(anonymous_6)","decl":{"start":{"line":68,"column":40},"end":{"line":68,"column":41}},"loc":{"start":{"line":68,"column":50},"end":{"line":92,"column":3}},"line":68},"7":{"name":"(anonymous_7)","decl":{"start":{"line":105,"column":20},"end":{"line":105,"column":21}},"loc":{"start":{"line":105,"column":27},"end":{"line":105,"column":null}},"line":105},"8":{"name":"(anonymous_8)","decl":{"start":{"line":122,"column":20},"end":{"line":122,"column":21}},"loc":{"start":{"line":122,"column":27},"end":{"line":122,"column":null}},"line":122},"9":{"name":"(anonymous_9)","decl":{"start":{"line":138,"column":20},"end":{"line":138,"column":21}},"loc":{"start":{"line":138,"column":40},"end":{"line":159,"column":15}},"line":138},"10":{"name":"(anonymous_10)","decl":{"start":{"line":150,"column":31},"end":{"line":150,"column":37}},"loc":{"start":{"line":150,"column":37},"end":{"line":150,"column":null}},"line":150},"11":{"name":"(anonymous_11)","decl":{"start":{"line":164,"column":28},"end":{"line":164,"column":29}},"loc":{"start":{"line":164,"column":37},"end":{"line":318,"column":13}},"line":164},"12":{"name":"(anonymous_12)","decl":{"start":{"line":173,"column":33},"end":{"line":173,"column":39}},"loc":{"start":{"line":173,"column":39},"end":{"line":173,"column":null}},"line":173},"13":{"name":"(anonymous_13)","decl":{"start":{"line":185,"column":33},"end":{"line":185,"column":null}},"loc":{"start":{"line":186,"column":26},"end":{"line":186,"column":null}},"line":186},"14":{"name":"(anonymous_14)","decl":{"start":{"line":215,"column":39},"end":{"line":215,"column":null}},"loc":{"start":{"line":216,"column":32},"end":{"line":216,"column":null}},"line":216},"15":{"name":"(anonymous_15)","decl":{"start":{"line":228,"column":35},"end":{"line":228,"column":null}},"loc":{"start":{"line":229,"column":28},"end":{"line":234,"column":null}},"line":229},"16":{"name":"(anonymous_16)","decl":{"start":{"line":258,"column":43},"end":{"line":258,"column":44}},"loc":{"start":{"line":258,"column":57},"end":{"line":315,"column":21}},"line":258},"17":{"name":"(anonymous_17)","decl":{"start":{"line":286,"column":45},"end":{"line":286,"column":null}},"loc":{"start":{"line":287,"column":38},"end":{"line":291,"column":null}},"line":287},"18":{"name":"(anonymous_18)","decl":{"start":{"line":287,"column":54},"end":{"line":287,"column":55}},"loc":{"start":{"line":287,"column":61},"end":{"line":291,"column":39}},"line":287},"19":{"name":"(ano
[...]
:4},"end":{"line":83,"column":null}},"15":{"start":{"line":70,"column":34},"end":{"line":73,"column":null}},"16":{"start":{"line":72,"column":43},"end":{"line":72,"column":73}},"17":{"start":{"line":74,"column":6},"end":{"line":78,"column":null}},"18":{"start":{"line":80,"column":18},"end":{"line":80,"column":null}},"19":{"start":{"line":81,"column":6},"end":{"line":81,"column":null}},"20":{"start":{"line":82,"column":6},"end":{"line":82,"column":null}},"21":{"start":{"line":87,"column":4},"end":{"line":87,"column":null}},"22":{"start":{"line":88,"column":4},"end":{"line":131,"column":null}},"23":{"start":{"line":89,"column":18},"end":{"line":89,"column":null}},"24":{"start":{"line":90,"column":6},"end":{"line":126,"column":null}},"25":{"start":{"line":91,"column":29},"end":{"line":91,"column":null}},"26":{"start":{"line":91,"column":84},"end":{"line":91,"column":99}},"27":{"start":{"line":92,"column":8},"end":{"line":92,"column":null}},"28":{"start":{"line":92,"column":27},"end":{"line":92,"column":null}},"29":{"start":{"line":95,"column":46},"end":{"line":124,"column":null}},"30":{"start":{"line":98,"column":12},"end":{"line":104,"column":null}},"31":{"start":{"line":107,"column":34},"end":{"line":115,"column":null}},"32":{"start":{"line":108,"column":14},"end":{"line":114,"column":null}},"33":{"start":{"line":116,"column":12},"end":{"line":116,"column":null}},"34":{"start":{"line":116,"column":40},"end":{"line":116,"column":null}},"35":{"start":{"line":117,"column":12},"end":{"line":122,"column":null}},"36":{"start":{"line":125,"column":8},"end":{"line":125,"column":null}},"37":{"start":{"line":127,"column":6},"end":{"line":127,"column":null}},"38":{"start":{"line":129,"column":6},"end":{"line":129,"column":null}},"39":{"start":{"line":130,"column":6},"end":{"line":130,"column":null}},"40":{"start":{"line":135,"column":23},"end":{"line":135,"column":null}},"41":{"start":{"line":136,"column":4},"end":{"line":136,"column":null}},"42":{"start":{"line":136,"column":17},"end":{"line":136,"column":null}},"43":{"start":{"line":137,"column":4},"end":{"line":137,"column":null}},"44":{"start":{"line":139,"column":4},"end":{"line":162,"column":null}},"45":{"start":{"line":140,"column":49},"end":{"line":150,"column":null}},"46":{"start":{"line":140,"column":80},"end":{"line":150,"column":8}},"47":{"start":{"line":152,"column":6},"end":{"line":157,"column":null}},"48":{"start":{"line":158,"column":6},"end":{"line":158,"column":null}},"49":{"start":{"line":160,"column":6},"end":{"line":160,"column":null}},"50":{"start":{"line":161,"column":6},"end":{"line":161,"column":null}}},"fnMap":{"0":{"name":"(anonymous_0)","decl":{"start":{"line":42,"column":54},"end":{"line":42,"column":55}},"loc":{"start":{"line":42,"column":69},"end":{"line":164,"column":2}},"line":42},"1":{"name":"(anonymous_1)","decl":{"start":{"line":56,"column":13},"end":{"line":56,"column":14}},"loc":{"start":{"line":56,"column":25},"end":{"line":56,"column":null}},"line":56},"2":{"name":"(anonymous_2)","decl":{"start":{"line":57,"column":14},"end":{"line":57,"column":15}},"loc":{"start":{"line":57,"column":27},"end":{"line":57,"column":null}},"line":57},"3":{"name":"(anonymous_3)","decl":{"start":{"line":58,"column":12},"end":{"line":58,"column":13}},"loc":{"start":{"line":58,"column":23},"end":{"line":58,"column":null}},"line":58},"4":{"name":"(anonymous_4)","decl":{"start":{"line":59,"column":15},"end":{"line":59,"column":16}},"loc":{"start":{"line":59,"column":29},"end":{"line":59,"column":null}},"line":59},"5":{"name":"(anonymous_5)","decl":{"start":{"line":60,"column":18},"end":{"line":60,"column":19}},"loc":{"start":{"line":60,"column":35},"end":{"line":60,"column":null}},"line":60},"6":{"name":"(anonymous_6)","decl":{"start":{"line":61,"column":15},"end":{"line":61,"column":16}},"loc":{"start":{"line":61,"column":28},"end":{"line":61,"column":null}},"line":61},"7":{"name":"(anonymous_7)","decl":{"start":{"line":61,"column":32},"end":{"line":61,"column":33}},"loc":{"start":{"line":61,"column":44},"end":{"line":61,"column":82}},"line":61},"8":{"name":"(anonymous_8)","decl":{"start":{"line":62,"column":22},"end":{"line":62,"column":23}},"loc":{"start":{"line":62,"column":43},"end":{"line":62,"column":null}},"line":62},"9":{"name":"(anonymous_9)","decl":{"start":{"line":63,"column":20},"end":{"line":63,"column":21}},"loc":{"start":{"line":63,"column":39},"end":{"line":63,"column":null}},"line":63},"10":{"name":"(anonymous_10)","decl":{"start":{"line":65,"column":17},"end":{"line":65,"column":24}},"loc":{"start":{"line":65,"column":59},"end":{"line":84,"column":null}},"line":65},"11":{"name":"(anonymous_11)","decl":{"start":{"line":72,"column":36},"end":{"line":72,"column":43}},"loc":{"start":{"line":72,"column":43},"end":{"line":72,"column":73}},"line":72},"12":{"name":"(anonymous_12)","decl":{"start":{"line":86,"column":27},"end":{"line":86,"column":34}},"loc":{"start":{"line":86,"column":59},"end":{"line":132,"column":null}},"line":86},"13":{"name":"(anonymous_13)","decl":{"start":{"line":90,"column":10},"end":{"line":90,"column":11}},"loc":{"start":{"line":90,"column":21},"end":{"line":126,"column":7}},"line":90},"14":{"name":"(anonymous_14)","decl":{"start":{"line":91,"column":77},"end":{"line":91,"column":78}},"loc":{"start":{"line":91,"column":84},"end":{"line":91,"column":99}},"line":91},"15":{"name":"(anonymous_15)","decl":{"start":{"line":97,"column":42},"end":{"line":97,"column":43}},"loc":{"start":{"line":98,"column":12},"end":{"line":104,"column":null}},"line":98},"16":{"name":"(anonymous_16)","decl":{"start":{"line":106,"column":48},"end":{"line":106,"column":49}},"loc":{"start":{"line":106,"column":57},"end":{"line":123,"column":11}},"line":106},"17":{"name":"(anonymous_17)","decl":{"start":{"line":107,"column":49},"end":{"line":107,"column":50}},"loc":{"start":{"line":108,"column":14},"end":{"line":114,"column":null}},"line":108},"18":{"name":"(anonymous_18)","decl":{"start":{"line":134,"column":22},"end":{"line":134,"column":29}},"loc":{"start":{"line":134,"column":59},"end":{"line":163,"column":null}},"line":134},"19":{"name":"(anonymous_19)","decl":{"start":{"line":140,"column":70},"end":{"line":140,"column":71}},"loc":{"start":{"line":140,"column":80},"end":{"line":150,"column":8}},"line":140}},"branchMap":{"0":{"loc":{"start":{"line":66,"column":4},"end":{"line":66,"column":null}},"type":"if","locations":[{"start":{"line":66,"column":4},"end":{"line":66,"column":null}},{"start":{},"end":{}}],"line":66},"1":{"loc":{"start":{"line":67,"column":79},"end":{"line":67,"column":97}},"type":"binary-expr","locations":[{"start":{"line":67,"column":79},"end":{"line":67,"column":91}},{"start":{"line":67,"column":91},"end":{"line":67,"column":97}}],"line":67},"2":{"loc":{"start":{"line":67,"column":117},"end":{"line":67,"column":137}},"type":"binary-expr","locations":[{"start":{"line":67,"column":117},"end":{"line":67,"column":132}},{"start":{"line":67,"column":132},"end":{"line":67,"column":137}}],"line":67},"3":{"loc":{"start":{"line":76,"column":18},"end":{"line":76,"column":null}},"type":"binary-expr","locations":[{"start":{"line":76,"column":18},"end":{"line":76,"column":43}},{"start":{"line":76,"column":43},"end":{"line":76,"column":null}}],"line":76},"4":{"loc":{"start":{"line":80,"column":18},"end":{"line":80,"column":null}},"type":"cond-expr","locations":[{"start":{"line":80,"column":39},"end":{"line":80,"column":51}},{"start":{"line":80,"column":51},"end":{"line":80,"column":null}}],"line":80},"5":{"loc":{"start":{"line":86,"column":40},"end":{"line":86,"column":59}},"type":"default-arg","locations":[{"start":{"line":86,"column":49},"end":{"line":86,"column":59}}],"line":86},"6":{"loc":{"start":{"line":91,"column":29},"end":{"line":91,"column":null}},"type":"cond-expr","locations":[{"start":{"line":91,"column":38},"end":{"line":91,"column":55}},{"start":{"line":91,"column":55},"end":{"line":91,"column":null}}],"line":91},"7":{"loc":{"start":{"line":92,"column":8},"end":{"line":92,"column":null}},"type":"if","locations":[{"start":{"line":92,"column":8},"end":{"line":92,"column":null}},{"start":{},"end":{}}],"line":92},"8":{"loc":{"start":{"line":98,"column":12},"end":{"line":104,"column":null}},"type":"cond-expr","locations":[{"start":{"line":99,"column":16},"end":{"line":103,"column":null}},{"start":{"line":104,"column":16},"end":{"line":104,"column":null}}],"line":98},"9":{"loc":{"start":{"line":101,"column":37},"end":{"line":101,"column":null}},"type":"binary-expr","locations":[{"start":{"line":101,"column":37},"end":{"line":101,"column":57}},{"start":{"line":101,"column":57},"end":{"line":101,"column":78}},{"start":{"line":101,"column":78},"end":{"line":101,"column":null}}],"line":101},"10":{"loc":{"start":{"line":102,"column":41},"end":{"line":102,"column":null}},"type":"binary-expr","locations":[{"start":{"line":102,"column":41},"end":{"line":102,"column":65}},{"start":{"line":102,"column":65},"end":{"line":102,"column":null}}],"line":102},"11":{"loc":{"start":{"line":108,"column":14},"end":{"line":114,"column":null}},"type":"cond-expr","locations":[{"start":{"line":109,"column":18},"end":{"line":113,"column":null}},{"start":{"line":114,"column":18},"end":{"line":114,"column":null}}],"line":108},"12":{"loc":{"start":{"line":111,"column":39},"end":{"line":111,"column":null}},"type":"binary-expr","locations":[{"start":{"line":111,"column":39},"end":{"line":111,"column":59}},{"start":{"line":111,"column":59},"end":{"line":111,"column":80}},{"start":{"line":111,"column":80},"end":{"line":111,"column":null}}],"line":111},"13":{"loc":{"start":{"line":112,"column":43},"end":{"line":112,"column":null}},"type":"binary-expr","locations":[{"start":{"line":112,"column":43},"end":{"line":112,"column":67}},{"start":{"line":112,"column":67},"end":{"line":112,"column":null}}],"line":112},"14":{"loc":{"start":{"line":116,"column":12},"end":{"line":116,"column":null}},"type":"if","locations":[{"start":{"line":116,"column":12},"end":{"line":116,"column":null}},{"start":{},"end":{}}],"line":116},"15":{"loc":{"start":{"line":120,"column":24},"end":{"line":120,"column":null}},"type":"binary-expr","locations":[{"start":{"line":120,"column":24},"end":{"line":120,"column":44}},{"start":{"line":120,"column":44},"end":{"line":120,"column":65}},{"start":{"line":120,"column":65},"end":{"line":120,"column":null}}],"line":120},"16":{"loc":{"start":{"line":121,"column":36},"end":{"line":121,"column":null}},"type":"binary-expr","locations":[{"start":{"line":121,"column":36},"end":{"line":121,"column":60}},{"start":{"line":121,"column":60},"end":{"line":121,"column":null}}],"line":121},"17":{"loc":{"start":{"line":129,"column":38},"end":{"line":129,"column":81}},"type":"cond-expr","locations":[{"start":{"line":129,"column":59},"end":{"line":129,"column":71}},{"start":{"line":129,"column":71},"end":{"line":129,"column":81}}],"line":129},"18":{"loc":{"start":{"line":136,"column":4},"end":{"line":136,"column":null}},"type":"if","locations":[{"start":{"line":136,"column":4},"end":{"line":136,"column":null}},{"start":{},"end":{}}],"line":136},"19":{"loc":{"start":{"line":148,"column":18},"end":{"line":148,"column":null}},"type":"binary-expr","locations":[{"start":{"line":148,"column":18},"end":{"line":148,"column":34}},{"start":{"line":148,"column":34},"end":{"line":148,"column":null}}],"line":148},"20":{"loc":{"start":{"line":160,"column":42},"end":{"line":160,"column":85}},"type":"cond-expr","locations":[{"start":{"line":160,"column":63},"end":{"line":160,"column":75}},{"start":{"line":160,"column":75},"end":{"line":160,"column":85}}],"line":160}},"s":{"0":3,"1":3,"2":0,"3":0,"4":0,"5":2,"6":0,"7":0,"8":0,"9":1,"10":1,"11":2,"12":0,"13":2,"14":2,"15":2,"16":0,"17":1,"18":1,"19":1,"20":1,"21":1,"22":1,"23":1,"24":1,"25":1,"26":2,"27":1,"28":0,"29":1,"30":1,"31":1,"32":1,"33":1,"34":0,"35":1,"36":1,"37":1,"38":0,"39":0,"40":1,"41":1,"42":0,"43":1,"44":1,"45":1,"46":0,"47":1,"48":1,"49":0,"50":0},"f":{"0":3,"1":0,"2":0,"3":0,"4":2,"5":0,"6":0,"7":0,"8":1,"9":1,"10":2,"11":0,"12":1,"13":1,"14":2,"15":1,"16":1,"17":1,"18":1,"19":0},"b":{"0":[0,2],"1":[2,1],"2":[2,2],"3":[1,0],"4":[1,0],"5":[1],"6":[0,1],"7":[0,1],"8":[1,0],"9":[1,0,0],"10":[1,1],"11":[1,0],"12":[1,0,0],"13":[1,1],"14":[0,1],"15":[1,0,0],"16":[1,1],"17":[0,0],"18":[0,1],"19":[0,0],"20":[0,0]},"meta":{"lastBranch":21,"lastFunction":20,"lastStatement":51,"seen":{"s:42:13:164:Infinity":0,"f:42:54:42:55":0,"s:42:69:164:2":1,"f:56:13:56:14":1,"s:56:25:56:Infinity":2,"f:57:14:57:15":2,"s:57:27:57:Infinity":3,"f:58:12:58:13":3,"s:58:23:58:Infinity":4,"f:59:15:59:16":4,"s:59:29:59:Infinity":5,"f:60:18:60:19":5,"s:60:35:60:Infinity":6,"f:61:15:61:16":6,"s:61:28:61:Infinity":7,"f:61:32:61:33":7,"s:61:44:61:82":8,"f:62:22:62:23":8,"s:62:43:62:Infinity":9,"f:63:20:63:21":9,"s:63:39:63:Infinity":10,"f:65:17:65:24":10,"b:66:4:66:Infinity:undefined:undefined:undefined:undefined":0,"s:66:4:66:Infinity":11,"s:66:25:66:Infinity":12,"s:67:4:67:Infinity":13,"b:67:79:67:91:67:91:67:97":1,"b:67:117:67:132:67:132:67:137":2,"s:69:4:83:Infinity":14,"s:70:34:73:Infinity":15,"f:72:36:72:43":11,"s:72:43:72:73":16,"s:74:6:78:Infinity":17,"b:76:18:76:43:76:43:76:Infinity":3,"s:80:18:80:Infinity":18,"b:80:39:80:51:80:51:80:Infinity":4,"s:81:6:81:Infinity":19,"s:82:6:82:Infinity":20,"f:86:27:86:34":12,"b:86:49:86:59":5,"s:87:4:87:Infinity":21,"s:88:4:131:Infinity":22,"s:89:18:89:Infinity":23,"s:90:6:126:Infinity":24,"f:90:10:90:11":13,"s:91:29:91:Infinity":25,"b:91:38:91:55:91:55:91:Infinity":6,"f:91:77:91:78":14,"s:91:84:91:99":26,"b:92:8:92:Infinity:undefined:undefined:undefined:undefined":7,"s:92:8:92:Infinity":27,"s:92:27:92:Infinity":28,"s:95:46:124:Infinity":29,"f:97:42:97:43":15,"s:98:12:104:Infinity":30,"b:99:16:103:Infinity:104:16:104:Infinity":8,"b:101:37:101:57:101:57:101:78:101:78:101:Infinity":9,"b:102:41:102:65:102:65:102:Infinity":10,"f:106:48:106:49":16,"s:107:34:115:Infinity":31,"f:107:49:107:50":17,"s:108:14:114:Infinity":32,"b:109:18:113:Infinity:114:18:114:Infinity":11,"b:111:39:111:59:111:59:111:80:111:80:111:Infinity":12,"b:112:43:112:67:112:67:112:Infinity":13,"b:116:12:116:Infinity:undefined:undefined:undefined:undefined":14,"s:116:12:116:Infinity":33,"s:116:40:116:Infinity":34,"s:117:12:122:Infinity":35,"b:120:24:120:44:120:44:120:65:120:65:120:Infinity":15,"b:121:36:121:60:121:60:121:Infinity":16,"s:125:8:125:Infinity":36,"s:127:6:127:Infinity":37,"s:129:6:129:Infinity":38,"b:129:59:129:71:129:71:129:81":17,"s:130:6:130:Infinity":39,"f:134:22:134:29":18,"s:135:23:135:Infinity":40,"b:136:4:136:Infinity:undefined:undefined:undefined:undefined":18,"s:136:4:136:Infinity":41,"s:136:17:136:Infinity":42,"s:137:4:137:Infinity":43,"s:139:4:162:Infinity":44,"s:140:49:150:Infinity":45,"f:140:70:140:71":19,"s:140:80:150:8":46,"b:148:18:148:34:148:34:148:Infinity":19,"s:152:6:157:Infinity":47,"s:158:6:158:Infinity":48,"s:160:6:160:Infinity":49,"b:160:63:160:75:160:75:160:85":20,"s:161:6:161:Infinity":50}}}
,"C:\\Users\\imartinez.CDSA\\Desktop\\Proyectos\\Printer-Logs-Analyzer\\frontend\\src\\store\\useUIStore.ts": {"path":"C:\\Users\\imartinez.CDSA\\Desktop\\Proyectos\\Printer-Logs-Analyzer\\frontend\\src\\store\\useUIStore.ts","statementMap":{"0":{"start":{"line":41,"column":13},"end":{"line":77,"column":null}},"1":{"start":{"line":41,"column":52},"end":{"line":77,"column":2}},"2":{"start":{"line":54,"column":37},"end":{"line":54,"column":null}},"3":{"start":{"line":55,"column":57},"end":{"line":55,"column":null}},"4":{"start":{"line":56,"column":35},"end":{"line":56,"column":null}},"5":{"start":{"line":57,"column":45},"end":{"line":57,"column":null}},"6":{"start":{"line":58,"column":43},"end":{"line":58,"column":null}},"7":{"start":{"line":59,"column":55},"end":{"line":59,"column":null}},"8":{"start":{"line":60,"column":45},"end":{"line":60,"column":null}},"9":{"start":{"line":61,"column":39},"end":{"line":61,"column":null}},"10":{"start":{"line":62,"column":39},"end":{"line":62,"column":null}},"11":{"start":{"line":63,"column":39},"end":{"line":63,"column":null}},"12":{"start":{"line":64,"column":47},"end":{"line":64,"column":null}},"13":{"start":{"line":65,"column":24},"end":{"line":76,"column":null}}},"fnMap":{"0":{"name":"(anonymous_0)","decl":{"start":{"line":41,"column":42},"end":{"line":41,"column":43}},"loc":{"start":{"line":41,"column":52},"end":{"line":77,"column":2}},"line":41},"1":{"name":"(anonymous_1)","decl":{"start":{"line":54,"column":19},"end":{"line":54,"column":20}},"loc":{"start":{"line":54,"column":37},"end":{"line":54,"column":null}},"line":54},"2":{"name":"(anonymous_2)","decl":{"start":{"line":55,"column":19},"end":{"line":55,"column":20}},"loc":{"start":{"line":55,"column":57},"end":{"line":55,"column":null}},"line":55},"3":{"name":"(anonymous_3)","decl":{"start":{"line":56,"column":18},"end":{"line":56,"column":19}},"loc":{"start":{"line":56,"column":35},"end":{"line":56,"column":null}},"line":56},"4":{"name":"(anonymous_4)","decl":{"start":{"line":57,"column":23},"end":{"line":57,"column":24}},"loc":{"start":{"line":57,"column":45},"end":{"line":57,"column":null}},"line":57},"5":{"name":"(anonymous_5)","decl":{"start":{"line":58,"column":22},"end":{"line":58,"column":23}},"loc":{"start":{"line":58,"column":43},"end":{"line":58,"column":null}},"line":58},"6":{"name":"(anonymous_6)","decl":{"start":{"line":59,"column":28},"end":{"line":59,"column":29}},"loc":{"start":{"line":59,"column":55},"end":{"line":59,"column":null}},"line":59},"7":{"name":"(anonymous_7)","decl":{"start":{"line":60,"column":23},"end":{"line":60,"column":24}},"loc":{"start":{"line":60,"column":45},"end":{"line":60,"column":null}},"line":60},"8":{"name":"(anonymous_8)","decl":{"start":{"line":61,"column":20},"end":{"line":61,"column":21}},"loc":{"start":{"line":61,"column":39},"end":{"line":61,"column":null}},"line":61},"9":{"name":"(anonymous_9)","decl":{"start":{"line":62,"column":20},"end":{"line":62,"column":21}},"loc":{"start":{"line":62,"column":39},"end":{"line":62,"column":null}},"line":62},"10":{"name":"(anonymous_10)","decl":{"start":{"line":63,"column":20},"end":{"line":63,"column":21}},"loc":{"start":{"line":63,"column":39},"end":{"line":63,"column":null}},"line":63},"11":{"name":"(anonymous_11)","decl":{"start":{"line":64,"column":24},"end":{"line":64,"column":25}},"loc":{"start":{"line":64,"column":47},"end":{"line":64,"column":null}},"line":64},"12":{"name":"(anonymous_12)","decl":{"start":{"line":65,"column":18},"end":{"line":65,"column":24}},"loc":{"start":{"line":65,"column":24},"end":{"line":76,"column":null}},"line":65}},"branchMap":{"0":{"loc":{"start":{"line":55,"column":34},"end":{"line":55,"column":57}},"type":"default-arg","locations":[{"start":{"line":55,"column":48},"end":{"line":55,"column":57}}],"line":55}},"s":{"0":1,"1":1,"2":0,"3":0,"4":0,"5":0,"6":0,"7":0,"8":0,"9":0,"10":0,"11":0,"12":4,"13":0},"f":{"0":1,"1":0,"2":0,"3":0,"4":0,"5":0,"6":0,"7":0,"8":0,"9":0,"10":0,"11":4,"12":0},"b":{"0":[0]},"meta":{"lastBranch":1,"lastFunction":13,"lastStatement":14,"seen":{"s:41:13:77:Infinity":0,"f:41:42:41:43":0,"s:41:52:77:2":1,"f:54:19:54:20":1,"s:54:37:54:Infinity":2,"f:55:19:55:20":2,"s:55:57:55:Infinity":3,"b:55:48:55:57":0,"f:56:18:56:19":3,"s:56:35:56:Infinity":4,"f:57:23:57:24":4,"s:57:45:57:Infinity":5,"f:58:22:58:23":5,"s:58:43:58:Infinity":6,"f:59:28:59:29":6,"s:59:55:59:Infinity":7,"f:60:23:60:24":7,"s:60:45:60:Infinity":8,"f:61:20:61:21":8,"s:61:39:61:Infinity":9,"f:62:20:62:21":9,"s:62:39:62:Infinity":10,"f:63:20:63:21":10,"s:63:39:63:Infinity":11,"f:64:24:64:25":11,"s:64:47:64:Infinity":12,"f:65:18:65:24":12,"s:65:24:76:Infinity":13}}}
,"C:\\Users\\imartinez.CDSA\\Desktop\\Proyectos\\Printer-Logs-Analyzer\\frontend\\src\\styles\\skeleton.css": {"path":"C:\\Users\\imartinez.CDSA\\Desktop\\Proyectos\\Printer-Logs-Analyzer\\frontend\\src\\styles\\skeleton.css","statementMap":{},"fnMap":{},"branchMap":{},"s":{},"f":{},"b":{},"meta":{"lastBranch":0,"lastFunction":0,"lastStatement":0,"seen":{}}}
}
