{"C:\\Users\\imartinez.CDSA\\Desktop\\Proyectos\\Printer-Logs-Analyzer\\frontend\\src\\__tests__\\fixtures\\events.ts": {"path":"C:\\Users\\imartinez.CDSA\\Desktop\\Proyectos\\Printer-Logs-Analyzer\\frontend\\src\\__tests__\\fixtures\\events.ts","statementMap":{"0":{"start":{"line":5,"column":2},"end":{"line":17,"column":null}},"1":{"start":{"line":21,"column":17},"end":{"line":21,"column":null}},"2":{"start":{"line":22,"column":2},"end":{"line":36,"column":null}},"3":{"start":{"line":40,"column":14},"end":{"line":40,"column":null}},"4":{"start":{"line":41,"column":2},"end":{"line":54,"column":null}},"5":{"start":{"line":57,"column":41},"end":{"line":98,"column":null}},"6":{"start":{"line":100,"column":43},"end":{"line":100,"column":null}},"7":{"start":{"line":100,"column":72},"end":{"line":100,"column":80}}},"fnMap":{"0":{"name":"mockEvent","decl":{"start":{"line":4,"column":16},"end":{"line":4,"column":26}},"loc":{"start":{"line":4,"column":81},"end":{"line":18,"column":null}},"line":4},"1":{"name":"mockIncident","decl":{"start":{"line":20,"column":16},"end":{"line":20,"column":29}},"loc":{"start":{"line":20,"column":74},"end":{"line":37,"column":null}},"line":20},"2":{"name":"mockIncidentRow","decl":{"start":{"line":39,"column":16},"end":{"line":39,"column":32}},"loc":{"start":{"line":39,"column":83},"end":{"line":55,"column":null}},"line":39},"3":{"name":"(anonymous_3)","decl":{"start":{"line":100,"column":65},"end":{"line":100,"column":66}},"loc":{"start":{"line":100,"column":72},"end":{"line":100,"column":80}},"line":100}},"branchMap":{"0":{"loc":{"start":{"line":4,"column":26},"end":{"line":4,"column":81}},"type":"default-arg","locations":[{"start":{"line":4,"column":62},"end":{"line":4,"column":81}}],"line":4},"1":{"loc":{"start":{"line":20,"column":29},"end":{"line":20,"column":74}},"type":"default-arg","locations":[{"start":{"line":20,"column":60},"end":{"line":20,"column":74}}],"line":20},"2":{"loc":{"start":{"line":21,"column":17},"end":{"line":21,"column":null}},"type":"binary-expr","locations":[{"start":{"line":21,"column":17},"end":{"line":21,"column":37}},{"start":{"line":21,"column":37},"end":{"line":21,"column":null}}],"line":21},"3":{"loc":{"start":{"line":25,"column":20},"end":{"line":25,"column":null}},"type":"binary-expr","locations":[{"start":{"line":25,"column":20},"end":{"line":25,"column":50}},{"start":{"line":25,"column":50},"end":{"line":25,"column":null}}],"line":25},"4":{"loc":{"start":{"line":39,"column":32},"end":{"line":39,"column":83}},"type":"default-arg","locations":[{"start":{"line":39,"column":66},"end":{"line":39,"column":83}}],"line":39},"5":{"loc":{"start":{"line":44,"column":20},"end":{"line":44,"column":null}},"type":"binary-expr","locations":[{"start":{"line":44,"column":20},"end":{"line":44,"column":44}},{"start":{"line":44,"column":44},"end":{"line":44,"column":null}}],"line":44}},"s":{"0":31,"1":9,"2":9,"3":4,"4":4,"5":3,"6":3,"7":9},"f":{"0":31,"1":9,"2":4,"3":9},"b":{"0":[31],"1":[9],"2":[9,0],"3":[9,0],"4":[4],"5":[4,0]},"meta":{"lastBranch":6,"lastFunction":4,"lastStatement":8,"seen":{"f:4:16:4:26":0,"b:4:62:4:81":0,"s:5:2:17:Infinity":0,"f:20:16:20:29":1,"b:20:60:20:74":1,"s:21:17:21:Infinity":1,"b:21:17:21:37:21:37:21:Infinity":2,"s:22:2:36:Infinity":2,"b:25:20:25:50:25:50:25:Infinity":3,"f:39:16:39:32":2,"b:39:66:39:83":4,"s:40:14:40:Infinity":3,"s:41:2:54:Infinity":4,"b:44:20:44:44:44:44:44:Infinity":5,"s:57:41:98:Infinity":5,"s:100:43:100:Infinity":6,"f:100:65:100:66":3,"s:100:72:100:80":7}}}
,"C:\\Users\\imartinez.CDSA\\Desktop\\Proyectos\\Printer-Logs-Analyzer\\frontend\\src\\components\\Analysis\\AIDiagnosticPanel.tsx": {"path":"C:\\Users\\imartinez.CDSA\\Desktop\\Proyectos\\Printer-Logs-Analyzer\\frontend\\src\\components\\Analysis\\AIDiagnosticPanel.tsx","statementMap":{"0":{"start":{"line":27,"column":2},"end":{"line":40,"column":null}},"1":{"start":{"line":29,"column":20},"end":{"line":33,"column":null}},"2":{"start":{"line":35,"column":4},"end":{"line":37,"column":null}},"3":{"start":{"line":36,"column":6},"end":{"line":36,"column":null}},"4":{"start":{"line":39,"column":4},"end":{"line":39,"column":null}},"5":{"start":{"line":43,"column":16},"end":{"line":43,"column":null}},"6":{"start":{"line":44,"column":39},"end":{"line":44,"column":null}},"7":{"start":{"line":46,"column":2},"end":{"line":52,"column":null}},"8":{"start":{"line":47,"column":16},"end":{"line":47,"column":null}},"9":{"start":{"line":48,"column":20},"end":{"line":48,"column":null}},"10":{"start":{"line":49,"column":4},"end":{"line":49,"column":null}},"11":{"start":{"line":49,"column":31},"end":{"line":49,"column":null}},"12":{"start":{"line":50,"column":4},"end":{"line":50,"column":null}},"13":{"start":{"line":50,"column":26},"end":{"line":50,"column":null}},"14":{"start":{"line":50,"column":74},"end":{"line":50,"column":86}},"15":{"start":{"line":51,"column":4},"end":{"line":51,"column":null}},"16":{"start":{"line":51,"column":29},"end":{"line":51,"column":null}},"17":{"start":{"line":54,"column":2},"end":{"line":54,"column":null}},"18":{"start":{"line":57,"column":13},"end":{"line":210,"column":null}},"19":{"start":{"line":59,"column":34},"end":{"line":59,"column":null}},"20":{"start":{"line":60,"column":30},"end":{"line":60,"column":null}},"21":{"start":{"line":61,"column":26},"end":{"line":61,"column":null}},"22":{"start":{"line":62,"column":34},"end":{"line":62,"column":null}},"23":{"start":{"line":65,"column":4},"end":{"line":68,"column":null}},"24":{"start":{"line":66,"column":6},"end":{"line":66,"column":null}},"25":{"start":{"line":67,"column":6},"end":{"line":67,"column":null}},"26":{"start":{"line":71,"column":4},"end":{"line":71,"column":null}},"27":{"start":{"line":71,"column":17},"end":{"line":71,"column":null}},"28":{"start":{"line":74,"column":6},"end":{"line":74,"column":null}},"29":{"start":{"line":74,"column":30},"end":{"line":74,"column":null}},"30":{"start":{"line":75,"column":6},"end":{"line":75,"column":null}},"31":{"start":{"line":76,"column":6},"end":{"line":76,"column":null}},"32":{"start":{"line":77,"column":6},"end":{"line":85,"column":null}},"33":{"start":{"line":78,"column":20},"end":{"line":78,"column":null}},"34":{"start":{"line":79,"column":8},"end":{"line":79,"column":null}},"35":{"start":{"line":80,"column":8},"end":{"line":80,"column":null}},"36":{"start":{"line":82,"column":8},"end":{"line":82,"column":null}},"37":{"start":{"line":84,"column":8},"end":{"line":84,"column":null}},"38":{"start":{"line":88,"column":17},"end":{"line":88,"column":null}},"39":{"start":{"line":90,"column":27},"end":{"line":90,"column":null}},"40":{"start":{"line":92,"column":4},"end":{"line":207,"column":null}},"41":{"start":{"line":97,"column":25},"end":{"line":97,"column":null}},"42":{"start":{"line":97,"column":45},"end":{"line":97,"column":47}},"43":{"start":{"line":129,"column":31},"end":{"line":129,"column":null}},"44":{"start":{"line":152,"column":31},"end":{"line":152,"column":null}},"45":{"start":{"line":168,"column":20},"end":{"line":175,"column":null}},"46":{"start":{"line":170,"column":24},"end":{"line":172,"column":null}},"47":{"start":{"line":171,"column":26},"end":{"line":171,"column":null}},"48":{"start":{"line":173,"column":24},"end":{"line":173,"column":null}},"49":{"start":{"line":192,"column":20},"end":{"line":195,"column":null}}},"fnMap":{"0":{"name":"parseDiagnosis","decl":{"start":{"line":26,"column":9},"end":{"line":26,"column":24}},"loc":{"start":{"line":26,"column":60},"end":{"line":55,"column":null}},"line":26},"1":{"name":"(anonymous_1)","decl":{"start":{"line":50,"column":69},"end":{"line":50,"column":74}},"loc":{"start":{"line":50,"column":74},"end":{"line":50,"column":86}},"line":50},"2":{"name":"AIDiagnosticPanel2","decl":{"start":{"line":58,"column":11},"end":{"line":58,"column":29}},"loc":{"start":{"line":58,"column":131},"end":{"line":209,"column":null}},"line":58},"3":{"name":"(anonymous_3)","decl":{"start":{"line":65,"column":14},"end":{"line":65,"column":20}},"loc":{"start":{"line":65,"column":20},"end":{"line":68,"column":7}},"line":65},"4":{"name":"handleGenerate","decl":{"start":{"line":73,"column":19},"end":{"line":73,"column":36}},"loc":{"start":{"line":73,"column":36},"end":{"line":86,"column":null}},"line":73},"5":{"name":"(anonymous_5)","decl":{"start":{"line":97,"column":19},"end":{"line":97,"column":25}},"loc":{"start":{"line":97,"column":25},"end":{"line":97,"column":null}},"line":97},"6":{"name":"(anonymous_6)","decl":{"start":{"line":97,"column":38},"end":{"line":97,"column":39}},"loc":{"start":{"line":97,"column":45},"end":{"line":97,"column":47}},"line":97},"7":{"name":"(anonymous_7)","decl":{"start":{"line":129,"column":25},"end":{"line":129,"column":31}},"loc":{"start":{"line":129,"column":31},"end":{"line":129,"column":null}},"line":129},"8":{"name":"(anonymous_8)","decl":{"start":{"line":152,"column":25},"end":{"line":152,"column":31}},"loc":{"start":{"line":152,"column":31},"end":{"line":152,"column":null}},"line":152},"9":{"name":"(anonymous_9)","decl":{"start":{"line":167,"column":54},"end":{"line":167,"column":55}},"loc":{"start":{"line":168,"column":20},"end":{"line":175,"column":null}},"line":168},"10":{"name":"(anonymous_10)","decl":{"start":{"line":169,"column":60},"end":{"line":169,"column":61}},"loc":{"start":{"line":169,"column":79},"end":{"line":174,"column":23}},"line":169},"11":{"name":"(anonymous_11)","decl":{"start":{"line":191,"column":37},"end":{"line":191,"column":38}},"loc":{"start":{"line":192,"column":20},"end":{"line":195,"column":null}},"line":192}},"branchMap":{"0":{"loc":{"start":{"line":35,"column":4},"end":{"line":37,"column":null}},"type":"if","locations":[{"start":{"line":35,"column":4},"end":{"line":37,"column":null}},{"start":{},"end":{}}],"line":35},"1":{"loc":{"start":{"line":49,"column":4},"end":{"line":49,"column":null}},"type":"if","locations":[{"start":{"line":49,"column":4},"end":{"line":49,"column":null}},{"start":{},"end":{}}],"line":49},"2":{"loc":{"start":{"line":50,"column":4},"end":{"line":50,"column":null}},"type":"if","locations":[{"start":{"line":50,"column":4},"end":{"line":50,"column":null}},{"start":{},"end":{}}],"line":50},"3":{"loc":{"start":{"line":51,"column":4},"end":{"line":51,"column":null}},"type":"if","locations":[{"start":{"line":51,"column":4},"end":{"line":51,"column":null}},{"start":{},"end":{}}],"line":51},"4":{"loc":{"start":{"line":54,"column":9},"end":{"line":54,"column":null}},"type":"cond-expr","locations":[{"start":{"line":54,"column":29},"end":{"line":54,"column":54}},{"start":{"line":54,"column":54},"end":{"line":54,"column":null}}],"line":54},"5":{"loc":{"start":{"line":58,"column":79},"end":{"line":58,"column":99}},"type":"default-arg","locations":[{"start":{"line":58,"column":92},"end":{"line":58,"column":99}}],"line":58},"6":{"loc":{"start":{"line":71,"column":4},"end":{"line":71,"column":null}},"type":"if","locations":[{"start":{"line":71,"column":4},"end":{"line":71,"column":null}},{"start":{},"end":{}}],"line":71},"7":{"loc":{"start":{"line":74,"column":6},"end":{"line":74,"column":null}},"type":"if","locations":[{"start":{"line":74,"column":6},"end":{"line":74,"column":null}},{"start":{},"end":{}}],"line":74},"8":{"loc":{"start":{"line":74,"column":10},"end":{"line":74,"column":30}},"type":"binary-expr","locations":[{"start":{"line":74,"column":10},"end":{"line":74,"column":21}},{"start":{"line":74,"column":21},"end":{"line":74,"column":30}}],"line":74},"9":{"loc":{"start":{"line":82,"column":17},"end":{"line":82,"column":87}},"type":"cond-expr","locations":[{"start":{"line":82,"column":40},"end":{"line":82,"column":54}},{"start":{"line":82,"column":54},"end":{"line":82,"column":87}}],"line":82},"10":{"loc":{"start":{"line":88,"column":17},"end":{"line":88,"column":null}},"type":"cond-expr","locations":[{"start":{"line":88,"column":29},"end":{"line":88,"column":57}},{"start":{"line":88,"column":57},"end":{"line":88,"column":null}}],"line":88},"11":{"loc":{"start":{"line":90,"column":70},"end":{"line":90,"column":117}},"type":"cond-expr","locations":[{"start":{"line":90,"column":83},"end":{"line":90,"column":115}},{"start":{"line":90,"column":115},"end":{"line":90,"column":117}}],"line":90},"12":{"loc":{"start":{"line":90,"column":121},"end":{"line":90,"column":136}},"type":"binary-expr","locations":[{"start":{"line":90,"column":121},"end":{"line":90,"column":134}},{"start":{"line":90,"column":134},"end":{"line":90,"column":136}}],"line":90},"13":{"loc":{"start":{"line":103,"column":15},"end":{"line":103,"column":null}},"type":"cond-expr","locations":[{"start":{"line":103,"column":28},"end":{"line":103,"column":67}},{"start":{"line":103,"column":67},"end":{"line":103,"column":null}}],"line":103},"14":{"loc":{"start":{"line":105,"column":13},"end":{"line":108,"column":null}},"type":"binary-expr","locations":[{"start":{"line":105,"column":13},"end":{"line":105,"column":21}},{"start":{"line":105,"column":21},"end":{"line":105,"column":null}},{"start":{"line":106,"column":14},"end":{"line":108,"column":null}}],"line":105},"15":{"loc":{"start":{"line":112,"column":52},"end":{"line":112,"column":109}},"type":"cond-expr","locations":[{"start":{"line":112,"column":65},"end":{"line":112,"column":107}},{"start":{"line":112,"column":107},"end":{"line":112,"column":109}}],"line":112},"16":{"loc":{"start":{"line":119,"column":56},"end":{"line":119,"column":106}},"type":"cond-expr","locations":[{"start":{"line":119,"column":68},"end":{"line":119,"column":104}},{"start":{"line":119,"column":104},"end":{"line":119,"column":106}}],"line":119},"17":{"loc":{"start":{"line":120,"column":11},"end":{"line":133,"column":null}},"type":"binary-expr","locations":[{"start":{"line":120,"column":11},"end":{"line":120,"column":25}},{"start":{"line":120,"column":25},"end":{"line":120,"column":37}},{"start":{"line":120,"column":37},"end":{"line":120,"column":null}},{"start":{"line":121,"column":12},"end":{"line":133,"column":null}}],"line":120},"18":{"loc":{"start":{"line":136,"column":11},"end":{"line":143,"column":null}},"type":"binary-expr","locations":[{"start":{"line":136,"column":11},"end":{"line":136,"column":null}},{"start":{"line":137,"column":12},"end":{"line":143,"column":null}}],"line":136},"19":{"loc":{"start":{"line":146,"column":11},"end":{"line":156,"column":null}},"type":"binary-expr","locations":[{"start":{"line":146,"column":11},"end":{"line":146,"column":20}},{"start":{"line":146,"column":20},"end":{"line":146,"column":null}},{"start":{"line":147,"column":12},"end":{"line":156,"column":null}}],"line":146},"20":{"loc":{"start":{"line":159,"column":11},"end":{"line":199,"column":null}},"type":"binary-expr","locations":[{"start":{"line":159,"column":11},"end":{"line":159,"column":19}},{"start":{"line":159,"column":19},"end":{"line":159,"column":null}},{"start":{"line":160,"column":12},"end":{"line":199,"column":null}}],"line":159},"21":{"loc":{"start":{"line":170,"column":24},"end":{"line":172,"column":null}},"type":"if","locations":[{"start":{"line":170,"column":24},"end":{"line":172,"column":null}},{"start":{},"end":{}}],"line":170},"22":{"loc":{"start":{"line":170,"column":28},"end":{"line":170,"column":80}},"type":"binary-expr","locations":[{"start":{"line":170,"column":28},"end":{"line":170,"column":56}},{"start":{"line":170,"column":56},"end":{"line":170,"column":80}}],"line":170},"23":{"loc":{"start":{"line":178,"column":17},"end":{"line":181,"column":null}},"type":"binary-expr","locations":[{"start":{"line":178,"column":17},"end":{"line":178,"column":null}},{"start":{"line":179,"column":18},"end":{"line":181,"column":null}}],"line":178},"24":{"loc":{"start":{"line":202,"column":11},"end":{"line":204,"column":null}},"type":"binary-expr","locations":[{"start":{"line":202,"column":11},"end":{"line":202,"column":24}},{"start":{"line":202,"column":24},"end":{"line":202,"column":33}},{"start":{"line":202,"column":33},"end":{"line":202,"column":null}},{"start":{"line":204,"column":12},"end":{"line":204,"column":null}}],"line":202}},"s":{"0":1,"1":1,"2":1,"3":1,"4":0,"5":0,"6":0,"7":0,"8":0,"9":0,"10":0,"11":0,"12":0,"13":0,"14":0,"15":0,"16":0,"17":0,"18":1,"19":14,"20":14,"21":14,"22":14,"23":14,"24":4,"25":4,"26":14,"27":1,"28":2,"29":0,"30":2,"31":2,"32":2,"33":2,"34":1,"35":1,"36":1,"37":2,"38":13,"39":14,"40":14,"41":3,"42":3,"43":2,"44":0,"45":1,"46":1,"47":0,"48":1,"49":2},"f":{"0":1,"1":0,"2":14,"3":4,"4":2,"5":3,"6":3,"7":2,"8":0,"9":1,"10":1,"11":2},"b":{"0":[1,0],"1":[0,0],"2":[0,0],"3":[0,0],"4":[0,0],"5":[14],"6":[1,13],"7":[0,2],"8":[2,2],"9":[1,0],"10":[1,12],"11":[0,13],"12":[14,13],"13":[0,13],"14":[14,1,1],"15":[10,3],"16":[3,10],"17":[14,12,10,9],"18":[14,2],"19":[14,1,1],"20":[14,1,1],"21":[0,1],"22":[1,0],"23":[1,1],"24":[14,1,0,0]},"meta":{"lastBranch":25,"lastFunction":12,"lastStatement":50,"seen":{"f:26:9:26:24":0,"s:27:2:40:Infinity":0,"s:29:20:33:Infinity":1,"b:35:4:37:Infinity:undefined:undefined:undefined:undefined":0,"s:35:4:37:Infinity":2,"s:36:6:36:Infinity":3,"s:39:4:39:Infinity":4,"s:43:16:43:Infinity":5,"s:44:39:44:Infinity":6,"s:46:2:52:Infinity":7,"s:47:16:47:Infinity":8,"s:48:20:48:Infinity":9,"b:49:4:49:Infinity:undefined:undefined:undefined:undefined":1,"s:49:4:49:Infinity":10,"s:49:31:49:Infinity":11,"b:50:4:50:Infinity:undefined:undefined:undefined:undefined":2,"s:50:4:50:Infinity":12,"s:50:26:50:Infinity":13,"f:50:69:50:74":1,"s:50:74:50:86":14,"b:51:4:51:Infinity:undefined:undefined:undefined:undefined":3,"s:51:4:51:Infinity":15,"s:51:29:51:Infinity":16,"s:54:2:54:Infinity":17,"b:54:29:54:54:54:54:54:Infinity":4,"s:57:13:210:Infinity":18,"f:58:11:58:29":2,"b:58:92:58:99":5,"s:59:34:59:Infinity":19,"s:60:30:60:Infinity":20,"s:61:26:61:Infinity":21,"s:62:34:62:Infinity":22,"s:65:4:68:Infinity":23,"f:65:14:65:20":3,"s:66:6:66:Infinity":24,"s:67:6:67:Infinity":25,"b:71:4:71:Infinity:undefined:undefined:undefined:undefined":6,"s:71:4:71:Infinity":26,"s:71:17:71:Infinity":27,"f:73:19:73:36":4,"b:74:6:74:Infinity:undefined:undefined:undefined:undefined":7,"s:74:6:74:Infinity":28,"b:74:10:74:21:74:21:74:30":8,"s:74:30:74:Infinity":29,"s:75:6:75:Infinity":30,"s:76:6:76:Infinity":31,"s:77:6:85:Infinity":32,"s:78:20:78:Infinity":33,"s:79:8:79:Infinity":34,"s:80:8:80:Infinity":35,"s:82:8:82:Infinity":36,"b:82:40:82:54:82:54:82:87":9,"s:84:8:84:Infinity":37,"s:88:17:88:Infinity":38,"b:88:29:88:57:88:57:88:Infinity":10,"s:90:27:90:Infinity":39,"b:90:83:90:115:90:115:90:117":11,"b:90:121:90:134:90:134:90:136":12,"s:92:4:207:Infinity":40,"f:97:19:97:25":5,"s:97:25:97:Infinity":41,"f:97:38:97:39":6,"s:97:45:97:47":42,"b:103:28:103:67:103:67:103:Infinity":13,"b:105:13:105:21:105:21:105:Infinity:106:14:108:Infinity":14,"b:112:65:112:107:112:107:112:109":15,"b:119:68:119:104:119:104:119:106":16,"b:120:11:120:25:120:25:120:37:120:37:120:Infinity:121:12:133:Infinity":17,"f:129:25:129:31":7,"s:129:31:129:Infinity":43,"b:136:11:136:Infinity:137:12:143:Infinity":18,"b:146:11:146:20:146:20:146:Infinity:147:12:156:Infinity":19,"f:152:25:152:31":8,"s:152:31:152:Infinity":44,"b:159:11:159:19:159:19:159:Infinity:160:12:199:Infinity":20,"f:167:54:167:55":9,"s:168:20:175:Infinity":45,"f:169:60:169:61":10,"b:170:24:172:Infinity:undefined:undefined:undefined:undefined":21,"s:170:24:172:Infinity":46,"b:170:28:170:56:170:56:170:80":22,"s:171:26:171:Infinity":47,"s:173:24:173:Infinity":48,"b:178:17:178:Infinity:179:18:181:Infinity":23,"f:191:37:191:38":11,"s:192:20:195:Infinity":49,"b:202:11:202:24:202:24:202:33:202:33:202:Infinity:204:12:204:Infinity":24}}}
,"C:\\Users\\imartinez.CDSA\\Desktop\\Proyectos\\Printer-Logs-Analyzer\\frontend\\src\\components\\Analysis\\AIDiagnosticSkeleton.tsx": {"path":"C:\\Users\\imartinez.CDSA\\Desktop\\Proyectos\\Printer-Logs-Analyzer\\frontend\\src\\components\\Analysis\\AIDiagnosticSkeleton.tsx","statementMap":{"0":{"start":{"line":4,"column":2},"end":{"line":41,"column":null}},"1":{"start":{"line":30,"column":14},"end":{"line":36,"column":null}}},"fnMap":{"0":{"name":"AIDiagnosticSkeleton","decl":{"start":{"line":3,"column":16},"end":{"line":3,"column":39}},"loc":{"start":{"line":3,"column":39},"end":{"line":43,"column":null}},"line":3},"1":{"name":"(anonymous_1)","decl":{"start":{"line":29,"column":27},"end":{"line":29,"column":28}},"loc":{"start":{"line":30,"column":14},"end":{"line":36,"column":null}},"line":30}},"branchMap":{},"s":{"0":2,"1":6},"f":{"0":2,"1":6},"b":{},"meta":{"lastBranch":0,"lastFunction":2,"lastStatement":2,"seen":{"f:3:16:3:39":0,"s:4:2:41:Infinity":0,"f:29:27:29:28":1,"s:30:14:36:Infinity":1}}}
,"C:\\Users\\imartinez.CDSA\\Desktop\\Proyectos\\Printer-Logs-Analyzer\\frontend\\src\\components\\Analysis\\ExecutivePrintReport.module.css": {"path":"C:\\Users\\imartinez.CDSA\\Desktop\\Proyectos\\Printer-Logs-Analyzer\\frontend\\src\\components\\Analysis\\ExecutivePrintReport.module.css","statementMap":{},"fnMap":{},"branchMap":{},"s":{},"f":{},"b":{},"meta":{"lastBranch":0,"lastFunction":0,"lastStatement":0,"seen":{}}}
,"C:\\Users\\imartinez.CDSA\\Desktop\\Proyectos\\Printer-Logs-Analyzer\\frontend\\src\\components\\Analysis\\ExecutivePrintReport.tsx": {"path":"C:\\Users\\imartinez.CDSA\\Desktop\\Proyectos\\Printer-Logs-Analyzer\\frontend\\src\\components\\Analysis\\ExecutivePrintReport.tsx","statementMap":{"0":{"start":{"line":41,"column":2},"end":{"line":41,"column":null}},"1":{"start":{"line":41,"column":14},"end":{"line":41,"column":null}},"2":{"start":{"line":42,"column":15},"end":{"line":42,"column":null}},"3":{"start":{"line":43,"column":2},"end":{"line":43,"column":null}},"4":{"start":{"line":43,"column":36},"end":{"line":43,"column":null}},"5":{"start":{"line":44,"column":2},"end":{"line":44,"column":null}},"6":{"start":{"line":48,"column":2},"end":{"line":48,"column":null}},"7":{"start":{"line":48,"column":14},"end":{"line":48,"column":null}},"8":{"start":{"line":49,"column":15},"end":{"line":49,"column":null}},"9":{"start":{"line":50,"column":2},"end":{"line":50,"column":null}},"10":{"start":{"line":50,"column":36},"end":{"line":50,"column":null}},"11":{"start":{"line":51,"column":2},"end":{"line":57,"column":null}},"12":{"start":{"line":61,"column":2},"end":{"line":61,"column":null}},"13":{"start":{"line":65,"column":2},"end":{"line":65,"column":null}},"14":{"start":{"line":69,"column":19},"end":{"line":71,"column":null}},"15":{"start":{"line":70,"column":20},"end":{"line":70,"column":33}},"16":{"start":{"line":71,"column":25},"end":{"line":71,"column":80}},"17":{"start":{"line":73,"column":2},"end":{"line":75,"column":null}},"18":{"start":{"line":74,"column":4},"end":{"line":74,"column":null}},"19":{"start":{"line":77,"column":21},"end":{"line":77,"column":null}},"20":{"start":{"line":77,"column":55},"end":{"line":77,"column":77}},"21":{"start":{"line":78,"column":21},"end":{"line":78,"column":null}},"22":{"start":{"line":78,"column":55},"end":{"line":78,"column":77}},"23":{"start":{"line":79,"column":16},"end":{"line":79,"column":null}},"24":{"start":{"line":81,"column":2},"end":{"line":83,"column":null}},"25":{"start":{"line":82,"column":4},"end":{"line":82,"column":null}},"26":{"start":{"line":85,"column":21},"end":{"line":85,"column":null}},"27":{"start":{"line":85,"column":46},"end":{"line":85,"column":82}},"28":{"start":{"line":86,"column":18},"end":{"line":86,"column":null}},"29":{"start":{"line":88,"column":4},"end":{"line":88,"column":null}},"30":{"start":{"line":90,"column":2},"end":{"line":93,"column":null}},"31":{"start":{"line":101,"column":28},"end":{"line":103,"column":null}},"32":{"start":{"line":102,"column":18},"end":{"line":102,"column":null}},"33":{"start":{"line":104,"column":27},"end":{"line":106,"column":null}},"34":{"start":{"line":105,"column":18},"end":{"line":105,"column":null}},"35":{"start":{"line":107,"column":26},"end":{"line":109,"column":null}},"36":{"start":{"line":108,"column":17},"end":{"line":108,"column":null}},"37":{"start":{"line":110,"column":23},"end":{"line":115,"column":null}},"38":{"start":{"line":112,"column":6},"end":{"line":114,"column":null}},"39":{"start":{"line":117,"column":2},"end":{"line":132,"column":null}},"40":{"start":{"line":118,"column":24},"end":{"line":118,"column":null}},"41":{"start":{"line":119,"column":4},"end":{"line":131,"column":null}},"42":{"start":{"line":134,"column":2},"end":{"line":149,"column":null}},"43":{"start":{"line":135,"column":4},"end":{"line":148,"column":null}},"44":{"start":{"line":151,"column":2},"end":{"line":162,"column":null}},"45":{"start":{"line":172,"column":29},"end":{"line":172,"column":null}},"46":{"start":{"line":173,"column":28},"end":{"line":175,"column":null}},"47":{"start":{"line":174,"column":18},"end":{"line":174,"column":null}},"48":{"start":{"line":176,"column":27},"end":{"line":178,"column":null}},"49":{"start":{"line":177,"column":18},"end":{"line":177,"column":null}},"50":{"start":{"line":179,"column":25},"end":{"line":181,"column":null}},"51":{"start":{"line":180,"column":25},"end":{"line":180,"column":64}},"52":{"start":{"line":181,"column":27},"end":{"line":181,"column":63}},"53":{"start":{"line":183,"column":2},"end":{"line":195,"column":null}},"54":{"start":{"line":184,"column":21},"end":{"line":184,"column":null}},"55":{"start":{"line":185,"column":4},"end":{"line":187,"column":null}},"56":{"start":{"line":188,"column":2},"end":{"line":195,"column":null}},"57":{"start":{"line":189,"column":21},"end":{"line":189,"column":null}},"58":{"start":{"line":190,"column":4},"end":{"line":192,"column":null}},"59":{"start":{"line":194,"column":4},"end":{"line":194,"column":null}},"60":{"start":{"line":197,"column":2},"end":{"line":206,"column":null}},"61":{"start":{"line":198,"column":20},"end":{"line":198,"column":null}},"62":{"start":{"line":199,"column":4},"end":{"line":203,"column":null}},"63":{"start":{"line":205,"column":4},"end":{"line":205,"column":null}},"64":{"start":{"line":208,"column":2},"end":{"line":212,"column":null}},"65":{"start":{"line":214,"column":2},"end":{"line":216,"column":null}},"66":{"start":{"line":215,"column":4},"end":{"line":215,"column":null}},"67":{"start":{"line":218,"column":2},"end":{"line":218,"column":null}},"68":{"start":{"line":227,"column":27},"end":{"line":227,"column":null}},"69":{"start":{"line":229,"column":2},"end":{"line":243,"column":null}},"70":{"start":{"line":230,"column":4},"end":{"line":234,"column":null}},"71":{"start":{"line":235,"column":2},"end":{"line":243,"column":null}},"72":{"start":{"line":236,"column":4},"end":{"line":240,"column":null}},"73":{"start":{"line":242,"column":4},"end":{"line":242,"column":null}},"74":{"start":{"line":245,"column":2},"end":{"line":253,"column":null}},"75":{"start":{"line":246,"column":4},"end":{"line":250,"column":null}},"76":{"start":{"line":252,"column":4},"end":{"line":252,"column":null}},"77":{"start":{"line":255,"column":2},"end":{"line":255,"column":null}},"78":{"start":{"line":256,"column":2},"end":{"line":256,"column":null}},"79":{"start":{"line":264,"column":25},"end":{"line":266,"column":null}},"80":{"start":{"line":265,"column":25},"end":{"line":265,"column":92}},"81":{"start":{"line":266,"column":27},"end":{"line":266,"column":63}},"82":{"start":{"line":268,"column":37},"end":{"line":268,"column":null}},"83":{"start":{"line":270,"column":2},"end":{"line":278,"column":null}},"84":{"start":{"line":271,"column":20},"end":{"line":271,"column":null}},"85":{"start":{"line":272,"column":4},"end":{"line":277,"column":null}},"86":{"start":{"line":280,"column":2},"end":{"line":288,"column":null}},"87":{"start":{"line":281,"column":21},"end":{"line":281,"column":null}},"88":{"start":{"line":282,"column":4},"end":{"line":287,"column":null}},"89":{"start":{"line":290,"column":2},"end":{"line":295,"column":null}},"90":{"start":{"line":297,"column":2},"end":{"line":297,"column":null}},"91":{"start":{"line":301,"column":2},"end":{"line":301,"column":null}},"92":{"start":{"line":301,"column":21},"end":{"line":301,"column":null}},"93":{"start":{"line":302,"column":2},"end":{"line":302,"column":null}},"94":{"start":{"line":306,"column":21},"end":{"line":306,"column":null}},"95":{"start":{"line":307,"column":2},"end":{"line":307,"column":null}},"96":{"start":{"line":307,"column":30},"end":{"line":307,"column":null}},"97":{"start":{"line":308,"column":2},"end":{"line":308,"column":null}},"98":{"start":{"line":308,"column":32},"end":{"line":308,"column":null}},"99":{"start":{"line":309,"column":2},"end":{"line":309,"column":null}},"100":{"start":{"line":312,"column":13},"end":{"line":778,"column":null}},"101":{"start":{"line":329,"column":10},"end":{"line":332,"column":null}},"102":{"start":{"line":330,"column":12},"end":{"line":330,"column":null}},"103":{"start":{"line":334,"column":10},"end":{"line":334,"column":null}},"104":{"start":{"line":334,"column":34},"end":{"line":334,"column":71}},"105":{"start":{"line":335,"column":10},"end":{"line":335,"column":null}},"106":{"start":{"line":335,"column":43},"end":{"line":335,"column":75}},"107":{"start":{"line":337,"column":26},"end":{"line":337,"column":null}},"108":{"start":{"line":338,"column":25},"end":{"line":338,"column":null}},"109":{"start":{"line":339,"column":22},"end":{"line":341,"column":null}},"110":{"start":{"line":340,"column":20},"end":{"line":340,"column":null}},"111":{"start":{"line":342,"column":32},"end":{"line":342,"column":null}},"112":{"start":{"line":344,"column":10},"end":{"line":354,"column":null}},"113":{"start":{"line":346,"column":8},"end":{"line":352,"column":null}},"114":{"start":{"line":356,"column":10},"end":{"line":359,"column":null}},"115":{"start":{"line":357,"column":12},"end":{"line":357,"column":null}},"116":{"start":{"line":361,"column":10},"end":{"line":364,"column":null}},"117":{"start":{"line":362,"column":12},"end":{"line":362,"column":null}},"118":{"start":{"line":366,"column":10},"end":{"line":373,"column":null}},"119":{"start":{"line":368,"column":8},"end":{"line":371,"column":null}},"120":{"start":{"line":369,"column":31},"end":{"line":369,"column":70}},"121":{"start":{"line":370,"column":33},"end":{"line":370,"column":69}},"122":{"start":{"line":375,"column":25},"end":{"line":379,"column":null}},"123":{"start":{"line":381,"column":24},"end":{"line":381,"column":null}},"124":{"start":{"line":381,"column":63},"end":{"line":381,"column":73}},"125":{"start":{"line":382,"column":27},"end":{"line":382,"column":null}},"126":{"start":{"line":383,"column":24},"end":{"line":383,"column":null}},"127":{"start":{"line":383,"column":65},"end":{"line":383,"column":75}},"128":{"start":{"line":384,"column":28},"end":{"line":384,"column":null}},"129":{"start":{"line":386,"column":4},"end":{"line":775,"column":null}},"130":{"start":{"line":549,"column":18},"end":{"line":549,"column":null}},"131":{"start":{"line":558,"column":18},"end":{"line":558,"column":null}},"132":{"start":{"line":566,"column":14},"end":{"line":571,"column":null}},"133":{"start":{"line":598,"column":18},"end":{"line":609,"column":null}},"134":{"start":{"line":619,"column":20},"end":{"line":632,"column":null}},"135":{"start":{"line":647,"column":20},"end":{"line":652,"column":null}},"136":{"start":{"line":737,"column":20},"end":{"line":748,"column":null}},"137":{"start":{"line":780,"column":0},"end":{"line":780,"column":null}}},"fnMap":{"0":{"name":"formatDate","decl":{"start":{"line":40,"column":9},"end":{"line":40,"column":20}},"loc":{"start":{"line":40,"column":54},"end":{"line":45,"column":null}},"line":40},"1":{"name":"formatDateTime","decl":{"start":{"line":47,"column":9},"end":{"line":47,"column":24}},"loc":{"start":{"line":47,"column":58},"end":{"line":58,"column":null}},"line":47},"2":{"name":"formatNumber","decl":{"start":{"line":60,"column":9},"end":{"line":60,"column":22}},"loc":{"start":{"line":60,"column":37},"end":{"line":62,"column":null}},"line":60},"3":{"name":"formatDateRange","decl":{"start":{"line":64,"column":9},"end":{"line":64,"column":25}},"loc":{"start":{"line":64,"column":53},"end":{"line":66,"column":null}},"line":64},"4":{"name":"computeErrorDensity","decl":{"start":{"line":68,"column":9},"end":{"line":68,"column":29}},"loc":{"start":{"line":68,"column":49},"end":{"line":94,"column":null}},"line":68},"5":{"name":"(anonymous_5)","decl":{"start":{"line":70,"column":9},"end":{"line":70,"column":10}},"loc":{"start":{"line":70,"column":20},"end":{"line":70,"column":33}},"line":70},"6":{"name":"(anonymous_6)","decl":{"start":{"line":71,"column":12},"end":{"line":71,"column":13}},"loc":{"start":{"line":71,"column":25},"end":{"line":71,"column":80}},"line":71},"7":{"name":"(anonymous_7)","decl":{"start":{"line":77,"column":37},"end":{"line":77,"column":38}},"loc":{"start":{"line":77,"column":55},"end":{"line":77,"column":77}},"line":77},"8":{"name":"(anonymous_8)","decl":{"start":{"line":78,"column":37},"end":{"line":78,"column":38}},"loc":{"start":{"line":78,"column":55},"end":{"line":78,"column":77}},"line":78},"9":{"name":"(anonymous_9)","decl":{"start":{"line":85,"column":35},"end":{"line":85,"column":36}},"loc":{"start":{"line":85,"column":46},"end":{"line":85,"column":82}},"line":85},"10":{"name":"getToneMetrics","decl":{"start":{"line":96,"column":9},"end":{"line":96,"column":null}},"loc":{"start":{"line":100,"column":2},"end":{"line":163,"column":null}},"line":100},"11":{"name":"(anonymous_11)","decl":{"start":{"line":102,"column":4},"end":{"line":102,"column":5}},"loc":{"start":{"line":102,"column":18},"end":{"line":102,"column":null}},"line":102},"12":{"name":"(anonymous_12)","decl":{"start":{"line":105,"column":4},"end":{"line":105,"column":5}},"loc":{"start":{"line":105,"column":18},"end":{"line":105,"column":null}},"line":105},"13":{"name":"(anonymous_13)","decl":{"start":{"line":108,"column":4},"end":{"line":108,"column":5}},"loc":{"start":{"line":108,"column":17},"end":{"line":108,"column":null}},"line":108},"14":{"name":"(anonymous_14)","decl":{"start":{"line":111,"column":4},"end":{"line":111,"column":5}},"loc":{"start":{"line":112,"column":6},"end":{"line":114,"column":null}},"line":112},"15":{"name":"buildFindings","decl":{"start":{"line":165,"column":9},"end":{"line":165,"column":null}},"loc":{"start":{"line":171,"column":2},"end":{"line":219,"column":null}},"line":171},"16":{"name":"(anonymous_16)","decl":{"start":{"line":174,"column":4},"end":{"line":174,"column":5}},"loc":{"start":{"line":174,"column":18},"end":{"line":174,"column":null}},"line":174},"17":{"name":"(anonymous_17)","decl":{"start":{"line":177,"column":4},"end":{"line":177,"column":5}},"loc":{"start":{"line":177,"column":18},"end":{"line":177,"column":null}},"line":177},"18":{"name":"(anonymous_18)","decl":{"start":{"line":180,"column":12},"end":{"line":180,"column":13}},"loc":{"start":{"line":180,"column":25},"end":{"line":180,"column":64}},"line":180},"19":{"name":"(anonymous_19)","decl":{"start":{"line":181,"column":10},"end":{"line":181,"column":11}},"loc":{"start":{"line":181,"column":27},"end":{"line":181,"column":63}},"line":181},"20":{"name":"buildImpactPoints","decl":{"start":{"line":221,"column":9},"end":{"line":221,"column":null}},"loc":{"start":{"line":226,"column":2},"end":{"line":257,"column":null}},"line":226},"21":{"name":"buildActions","decl":{"start":{"line":259,"column":9},"end":{"line":259,"column":null}},"loc":{"start":{"line":263,"column":21},"end":{"line":298,"column":null}},"line":263},"22":{"name":"(anonymous_22)","decl":{"start":{"line":265,"column":12},"end":{"line":265,"column":13}},"loc":{"start":{"line":265,"column":25},"end":{"line":265,"column":92}},"line":265},"23":{"name":"(anonymous_23)","decl":{"start":{"line":266,"column":10},"end":{"line":266,"column":11}},"loc":{"start":{"line":266,"column":27},"end":{"line":266,"column":63}},"line":266},"24":{"name":"widthPercent","decl":{"start":{"line":300,"column":9},"end":{"line":300,"column":22}},"loc":{"start":{"line":300,"column":55},"end":{"line":303,"column":null}},"line":300},"25":{"name":"severityClassName","decl":{"start":{"line":305,"column":9},"end":{"line":305,"column":27}},"loc":{"start":{"line":305,"column":45},"end":{"line":310,"column":null}},"line":305},"26":{"name":"(anonymous_26)","decl":{"start":{"line":313,"column":2},"end":{"line":313,"column":null}},"loc":{"start":{"line":328,"column":7},"end":{"line":777,"column":null}},"line":328},"27":{"name":"(anonymous_27)","decl":{"start":{"line":330,"column":6},"end":{"line":330,"column":12}},"loc":{"start":{"line":330,"column":12},"end":{"line":330,"column":null}},"line":330},"28":{"name":"(anonymous_28)","decl":{"start":{"line":334,"column":28},"end":{"line":334,"column":34}},"loc":{"start":{"line":334,"column":34},"end":{"line":334,"column":71}},"line":334},"29":{"name":"(anonymous_29)","decl":{"start":{"line":335,"column":37},"end":{"line":335,"column":43}},"loc":{"start":{"line":335,"column":43},"end":{"line":335,"column":75}},"line":335},"30":{"name":"(anonymous_30)","decl":{"start":{"line":340,"column":6},"end":{"line":340,"column":7}},"loc":{"start":{"line":340,"column":20},"end":{"line":340,"column":null}},"line":340},"31":{"name":"(anonymous_31)","decl":{"start":{"line":345,"column":6},"end":{"line":345,"column":null}},"loc":{"start":{"line":346,"column":8},"end":{"line":352,"column":null}},"line":346},"32":{"name":"(anonymous_32)","decl":{"start":{"line":357,"column":6},"end":{"line":357,"column":12}},"loc":{"start":{"line":357,"column":12},"end":{"line":357,"column":null}},"line":357},"33":{"name":"(anonymous_33)","decl":{"start":{"line":362,"column":6},"end":{"line":362,"column":12}},"loc":{"start":{"line":362,"column":12},"end":{"line":362,"column":null}},"line":362},"34":{"name":"(anonymous_34)","decl":{"start":{"line":367,"column":6},"end":{"line":367,"column":null}},"loc":{"start":{"line":368,"column":8},"end":{"line":371,"column":null}},"line":368},"35":{"name":"(anonymous_35)","decl":{"start":{"line":369,"column":18},"end":{"line":369,"column":19}},"loc":{"start":{"line":369,"column":31},"end":{"line":369,"column":70}},"line":369},"36":{"name":"(anonymous_36)","decl":{"start":{"line":370,"column":16},"end":{"line":370,"column":17}},"loc":{"start":{"line":370,"column":33},"end":{"line":370,"column":69}},"line":370},"37":{"name":"(anonymous_37)","decl":{"start":{"line":381,"column":53},"end":{"line":381,"column":54}},"loc":{"start":{"line":381,"column":63},"end":{"line":381,"column":73}},"line":381},"38":{"name":"(anonymous_38)","decl":{"start":{"line":383,"column":55},"end":{"line":383,"column":56}},"loc":{"start":{"line":383,"column":65},"end":{"line":383,"column":75}},"line":383},"39":{"name":"(anonymous_39)","decl":{"start":{"line":548,"column":30},"end":{"line":548,"column":31}},"loc":{"start":{"line":549,"column":18},"end":{"line":549,"column":null}},"line":549},"40":{"name":"(anonymous_40)","decl":{"start":{"line":557,"column":34},"end":{"line":557,"column":35}},"loc":{"start":{"line":558,"column":18},"end":{"line":558,"column":null}},"line":558},"41":{"name":"(anonymous_41)","decl":{"start":{"line":565,"column":25},"end":{"line":565,"column":26}},"loc":{"start":{"line":566,"column":14},"end":{"line":571,"column":null}},"line":566},"42":{"name":"(anonymous_42)","decl":{"start":{"line":597,"column":34},"end":{"line":597,"column":35}},"loc":{"start":{"line":598,"column":18},"end":{"line":609,"column":null}},"line":598},"43":{"name":"(anonymous_43)","decl":{"start":{"line":618,"column":38},"end":{"line":618,"column":39}},"loc":{"start":{"line":619,"column":20},"end":{"line":632,"column":null}},"line":619},"44":{"name":"(anonymous_44)","decl":{"start":{"line":646,"column":38},"end":{"line":646,"column":39}},"loc":{"start":{"line":647,"column":20},"end":{"line":652,"column":null}},"line":647},"45":{"name":"(anonymous_45)","decl":{"start":{"line":736,"column":38},"end":{"line":736,"column":39}},"loc":{"start":{"line":737,"column":20},"end":{"line":748,"column":null}},"line":737}},"branchMap":{"0":{"loc":{"start":{"line":41,"column":2},"end":{"line":41,"column":null}},"type":"if","locations":[{"start":{"line":41,"column":2},"end":{"line":41,"column":null}},{"start":{},"end":{}}],"line":41},"1":{"loc":{"start":{"line":43,"column":2},"end":{"line":43,"column":null}},"type":"if","locations":[{"start":{"line":43,"column":2},"end":{"line":43,"column":null}},{"start":{},"end":{}}],"line":43},"2":{"loc":{"start":{"line":48,"column":2},"end":{"line":48,"column":null}},"type":"if","locations":[{"start":{"line":48,"column":2},"end":{"line":48,"column":null}},{"start":{},"end":{}}],"line":48},"3":{"loc":{"start":{"line":50,"column":2},"end":{"line":50,"column":null}},"type":"if","locations":[{"start":{"line":50,"column":2},"end":{"line":50,"column":null}},{"start":{},"end":{}}],"line":50},"4":{"loc":{"start":{"line":71,"column":25},"end":{"line":71,"column":80}},"type":"binary-expr","locations":[{"start":{"line":71,"column":25},"end":{"line":71,"column":56}},{"start":{"line":71,"column":56},"end":{"line":71,"column":80}}],"line":71},"5":{"loc":{"start":{"line":73,"column":2},"end":{"line":75,"column":null}},"type":"if","locations":[{"start":{"line":73,"column":2},"end":{"line":75,"column":null}},{"start":{},"end":{}}],"line":73},"6":{"loc":{"start":{"line":81,"column":2},"end":{"line":83,"column":null}},"type":"if","locations":[{"start":{"line":81,"column":2},"end":{"line":83,"column":null}},{"start":{},"end":{}}],"line":81},"7":{"loc":{"start":{"line":88,"column":4},"end":{"line":88,"column":null}},"type":"cond-expr","locations":[{"start":{"line":88,"column":23},"end":{"line":88,"column":29}},{"start":{"line":88,"column":29},"end":{"line":88,"column":null}}],"line":88},"8":{"loc":{"start":{"line":88,"column":29},"end":{"line":88,"column":null}},"type":"cond-expr","locations":[{"start":{"line":88,"column":45},"end":{"line":88,"column":66}},{"start":{"line":88,"column":66},"end":{"line":88,"column":null}}],"line":88},"9":{"loc":{"start":{"line":88,"column":66},"end":{"line":88,"column":null}},"type":"cond-expr","locations":[{"start":{"line":88,"column":81},"end":{"line":88,"column":102}},{"start":{"line":88,"column":102},"end":{"line":88,"column":null}}],"line":88},"10":{"loc":{"start":{"line":108,"column":17},"end":{"line":108,"column":null}},"type":"binary-expr","locations":[{"start":{"line":108,"column":17},"end":{"line":108,"column":60}},{"start":{"line":108,"column":60},"end":{"line":108,"column":null}}],"line":108},"11":{"loc":{"start":{"line":112,"column":6},"end":{"line":114,"column":null}},"type":"binary-expr","locations":[{"start":{"line":112,"column":6},"end":{"line":112,"column":null}},{"start":{"line":113,"column":6},"end":{"line":113,"column":null}},{"start":{"line":114,"column":6},"end":{"line":114,"column":null}}],"line":112},"12":{"loc":{"start":{"line":117,"column":2},"end":{"line":132,"column":null}},"type":"if","locations":[{"start":{"line":117,"column":2},"end":{"line":132,"column":null}},{"start":{},"end":{}}],"line":117},"13":{"loc":{"start":{"line":124,"column":8},"end":{"line":124,"column":null}},"type":"cond-expr","locations":[{"start":{"line":124,"column":25},"end":{"line":124,"column":90}},{"start":{"line":124,"column":90},"end":{"line":124,"column":null}}],"line":124},"14":{"loc":{"start":{"line":134,"column":2},"end":{"line":149,"column":null}},"type":"if","locations":[{"start":{"line":134,"column":2},"end":{"line":149,"column":null}},{"start":{},"end":{}}],"line":134},"15":{"loc":{"start":{"line":134,"column":6},"end":{"line":134,"column":92}},"type":"binary-expr","locations":[{"start":{"line":134,"column":6},"end":{"line":134,"column":36}},{"start":{"line":134,"column":36},"end":{"line":134,"column":67}},{"start":{"line":134,"column":67},"end":{"line":134,"column":92}}],"line":134},"16":{"loc":{"start":{"line":140,"column":8},"end":{"line":142,"column":null}},"type":"cond-expr","locations":[{"start":{"line":141,"column":12},"end":{"line":141,"column":null}},{"start":{"line":142,"column":12},"end":{"line":142,"column":null}}],"line":140},"17":{"loc":{"start":{"line":183,"column":2},"end":{"line":195,"column":null}},"type":"if","locations":[{"start":{"line":183,"column":2},"end":{"line":195,"column":null}},{"start":{"line":188,"column":2},"end":{"line":195,"column":null}}],"line":183},"18":{"loc":{"start":{"line":188,"column":2},"end":{"line":195,"column":null}},"type":"if","locations":[{"start":{"line":188,"column":2},"end":{"line":195,"column":null}},{"start":{"line":193,"column":9},"end":{"line":195,"column":null}}],"line":188},"19":{"loc":{"start":{"line":197,"column":2},"end":{"line":206,"column":null}},"type":"if","locations":[{"start":{"line":197,"column":2},"end":{"line":206,"column":null}},{"start":{"line":204,"column":9},"end":{"line":206,"column":null}}],"line":197},"20":{"loc":{"start":{"line":200,"column":43},"end":{"line":200,"column":78}},"type":"binary-expr","locations":[{"start":{"line":200,"column":43},"end":{"line":200,"column":66}},{"start":{"line":200,"column":66},"end":{"line":200,"column":78}}],"line":200},"21":{"loc":{"start":{"line":214,"column":2},"end":{"line":216,"column":null}},"type":"if","locations":[{"start":{"line":214,"column":2},"end":{"line":216,"column":null}},{"start":{},"end":{}}],"line":214},"22":{"loc":{"start":{"line":229,"column":2},"end":{"line":243,"column":null}},"type":"if","locations":[{"start":{"line":229,"column":2},"end":{"line":243,"column":null}},{"start":{"line":235,"column":2},"end":{"line":243,"column":null}}],"line":229},"23":{"loc":{"start":{"line":232,"column":8},"end":{"line":232,"column":null}},"type":"cond-expr","locations":[{"start":{"line":232,"column":30},"end":{"line":232,"column":35}},{"start":{"line":232,"column":35},"end":{"line":232,"column":null}}],"line":232},"24":{"loc":{"start":{"line":233,"column":17},"end":{"line":233,"column":47}},"type":"cond-expr","locations":[{"start":{"line":233,"column":39},"end":{"line":233,"column":44}},{"start":{"line":233,"column":44},"end":{"line":233,"column":47}}],"line":233},"25":{"loc":{"start":{"line":235,"column":2},"end":{"line":243,"column":null}},"type":"if","locations":[{"start":{"line":235,"column":2},"end":{"line":243,"column":null}},{"start":{"line":241,"column":9},"end":{"line":243,"column":null}}],"line":235},"26":{"loc":{"start":{"line":238,"column":8},"end":{"line":238,"column":null}},"type":"cond-expr","locations":[{"start":{"line":238,"column":29},"end":{"line":238,"column":34}},{"start":{"line":238,"column":34},"end":{"line":238,"column":null}}],"line":238},"27":{"loc":{"start":{"line":239,"column":20},"end":{"line":239,"column":49}},"type":"cond-expr","locations":[{"start":{"line":239,"column":41},"end":{"line":239,"column":46}},{"start":{"line":239,"column":46},"end":{"line":239,"column":49}}],"line":239},"28":{"loc":{"start":{"line":245,"column":2},"end":{"line":253,"column":null}},"type":"if","locations":[{"start":{"line":245,"column":2},"end":{"line":253,"column":null}},{"start":{"line":251,"column":9},"end":{"line":253,"column":null}}],"line":245},"29":{"loc":{"start":{"line":248,"column":8},"end":{"line":248,"column":null}},"type":"cond-expr","locations":[{"start":{"line":248,"column":36},"end":{"line":248,"column":41}},{"start":{"line":248,"column":41},"end":{"line":248,"column":null}}],"line":248},"30":{"loc":{"start":{"line":265,"column":25},"end":{"line":265,"column":92}},"type":"binary-expr","locations":[{"start":{"line":265,"column":25},"end":{"line":265,"column":68}},{"start":{"line":265,"column":68},"end":{"line":265,"column":92}}],"line":265},"31":{"loc":{"start":{"line":270,"column":2},"end":{"line":278,"column":null}},"type":"if","locations":[{"start":{"line":270,"column":2},"end":{"line":278,"column":null}},{"start":{},"end":{}}],"line":270},"32":{"loc":{"start":{"line":273,"column":16},"end":{"line":273,"column":null}},"type":"cond-expr","locations":[{"start":{"line":273,"column":38},"end":{"line":273,"column":47}},{"start":{"line":273,"column":47},"end":{"line":273,"column":null}}],"line":273},"33":{"loc":{"start":{"line":275,"column":11},"end":{"line":275,"column":null}},"type":"cond-expr","locations":[{"start":{"line":275,"column":33},"end":{"line":275,"column":47}},{"start":{"line":275,"column":47},"end":{"line":275,"column":null}}],"line":275},"34":{"loc":{"start":{"line":276,"column":55},"end":{"line":276,"column":90}},"type":"binary-expr","locations":[{"start":{"line":276,"column":55},"end":{"line":276,"column":78}},{"start":{"line":276,"column":78},"end":{"line":276,"column":90}}],"line":276},"35":{"loc":{"start":{"line":280,"column":2},"end":{"line":288,"column":null}},"type":"if","locations":[{"start":{"line":280,"column":2},"end":{"line":288,"column":null}},{"start":{},"end":{}}],"line":280},"36":{"loc":{"start":{"line":283,"column":16},"end":{"line":283,"column":null}},"type":"cond-expr","locations":[{"start":{"line":283,"column":32},"end":{"line":283,"column":42}},{"start":{"line":283,"column":42},"end":{"line":283,"column":null}}],"line":283},"37":{"loc":{"start":{"line":285,"column":11},"end":{"line":285,"column":null}},"type":"cond-expr","locations":[{"start":{"line":285,"column":33},"end":{"line":285,"column":41}},{"start":{"line":285,"column":41},"end":{"line":285,"column":null}}],"line":285},"38":{"loc":{"start":{"line":291,"column":14},"end":{"line":291,"column":null}},"type":"cond-expr","locations":[{"start":{"line":291,"column":30},"end":{"line":291,"column":39}},{"start":{"line":291,"column":39},"end":{"line":291,"column":null}}],"line":291},"39":{"loc":{"start":{"line":293,"column":9},"end":{"line":293,"column":null}},"type":"cond-expr","locations":[{"start":{"line":293,"column":31},"end":{"line":293,"column":39}},{"start":{"line":293,"column":39},"end":{"line":293,"column":null}}],"line":293},"40":{"loc":{"start":{"line":301,"column":2},"end":{"line":301,"column":null}},"type":"if","locations":[{"start":{"line":301,"column":2},"end":{"line":301,"column":null}},{"start":{},"end":{}}],"line":301},"41":{"loc":{"start":{"line":307,"column":2},"end":{"line":307,"column":null}},"type":"if","locations":[{"start":{"line":307,"column":2},"end":{"line":307,"column":null}},{"start":{},"end":{}}],"line":307},"42":{"loc":{"start":{"line":308,"column":2},"end":{"line":308,"column":null}},"type":"if","locations":[{"start":{"line":308,"column":2},"end":{"line":308,"column":null}},{"start":{},"end":{}}],"line":308},"43":{"loc":{"start":{"line":418,"column":18},"end":{"line":422,"column":null}},"type":"cond-expr","locations":[{"start":{"line":419,"column":22},"end":{"line":419,"column":null}},{"start":{"line":420,"column":22},"end":{"line":422,"column":null}}],"line":418},"44":{"loc":{"start":{"line":420,"column":22},"end":{"line":422,"column":null}},"type":"cond-expr","locations":[{"start":{"line":421,"column":24},"end":{"line":421,"column":null}},{"start":{"line":422,"column":24},"end":{"line":422,"column":null}}],"line":420},"45":{"loc":{"start":{"line":435,"column":50},"end":{"line":435,"column":88}},"type":"binary-expr","locations":[{"start":{"line":435,"column":50},"end":{"line":435,"column":63}},{"start":{"line":435,"column":63},"end":{"line":435,"column":88}}],"line":435},"46":{"loc":{"start":{"line":439,"column":50},"end":{"line":439,"column":72}},"type":"binary-expr","locations":[{"start":{"line":439,"column":50},"end":{"line":439,"column":66}},{"start":{"line":439,"column":66},"end":{"line":439,"column":72}}],"line":439},"47":{"loc":{"start":{"line":443,"column":50},"end":{"line":443,"column":80}},"type":"binary-expr","locations":[{"start":{"line":443,"column":50},"end":{"line":443,"column":65}},{"start":{"line":443,"column":65},"end":{"line":443,"column":80}}],"line":443},"48":{"loc":{"start":{"line":474,"column":20},"end":{"line":474,"column":53}},"type":"binary-expr","locations":[{"start":{"line":474,"column":20},"end":{"line":474,"column":33}},{"start":{"line":474,"column":33},"end":{"line":474,"column":53}}],"line":474},"49":{"loc":{"start":{"line":475,"column":20},"end":{"line":475,"column":48}},"type":"binary-expr","locations":[{"start":{"line":475,"column":20},"end":{"line":475,"column":36}},{"start":{"line":475,"column":36},"end":{"line":475,"column":48}}],"line":475},"50":{"loc":{"start":{"line":482,"column":16},"end":{"line":486,"column":null}},"type":"cond-expr","locations":[{"start":{"line":483,"column":20},"end":{"line":483,"column":null}},{"start":{"line":484,"column":20},"end":{"line":486,"column":null}}],"line":482},"51":{"loc":{"start":{"line":484,"column":20},"end":{"line":486,"column":null}},"type":"cond-expr","locations":[{"start":{"line":485,"column":22},"end":{"line":485,"column":null}},{"start":{"line":486,"column":22},"end":{"line":486,"column":null}}],"line":484},"52":{"loc":{"start":{"line":500,"column":18},"end":{"line":504,"column":null}},"type":"cond-expr","locations":[{"start":{"line":501,"column":22},"end":{"line":501,"column":null}},{"start":{"line":502,"column":22},"end":{"line":504,"column":null}}],"line":500},"53":{"loc":{"start":{"line":502,"column":22},"end":{"line":504,"column":null}},"type":"cond-expr","locations":[{"start":{"line":503,"column":24},"end":{"line":503,"column":null}},{"start":{"line":504,"column":24},"end":{"line":504,"column":null}}],"line":502},"54":{"loc":{"start":{"line":524,"column":18},"end":{"line":524,"column":null}},"type":"cond-expr","locations":[{"start":{"line":524,"column":44},"end":{"line":524,"column":69}},{"start":{"line":524,"column":69},"end":{"line":524,"column":null}}],"line":524},"55":{"loc":{"start":{"line":530,"column":17},"end":{"line":534,"column":null}},"type":"cond-expr","locations":[{"start":{"line":531,"column":20},"end":{"line":531,"column":null}},{"start":{"line":532,"column":20},"end":{"line":534,"column":null}}],"line":530},"56":{"loc":{"start":{"line":532,"column":20},"end":{"line":534,"column":null}},"type":"cond-expr","locations":[{"start":{"line":533,"column":22},"end":{"line":533,"column":null}},{"start":{"line":534,"column":22},"end":{"line":534,"column":null}}],"line":532},"57":{"loc":{"start":{"line":588,"column":38},"end":{"line":588,"column":70}},"type":"binary-expr","locations":[{"start":{"line":588,"column":38},"end":{"line":588,"column":64}},{"start":{"line":588,"column":64},"end":{"line":588,"column":70}}],"line":588},"58":{"loc":{"start":{"line":589,"column":34},"end":{"line":589,"column":72}},"type":"binary-expr","locations":[{"start":{"line":589,"column":34},"end":{"line":589,"column":52}},{"start":{"line":589,"column":52},"end":{"line":589,"column":72}}],"line":589},"59":{"loc":{"start":{"line":616,"column":15},"end":{"line":638,"column":null}},"type":"cond-expr","locations":[{"start":{"line":617,"column":16},"end":{"line":634,"column":null}},{"start":{"line":636,"column":16},"end":{"line":638,"column":null}}],"line":616},"60":{"loc":{"start":{"line":644,"column":15},"end":{"line":658,"column":null}},"type":"cond-expr","locations":[{"start":{"line":645,"column":16},"end":{"line":654,"column":null}},{"start":{"line":656,"column":16},"end":{"line":658,"column":null}}],"line":644},"61":{"loc":{"start":{"line":648,"column":56},"end":{"line":648,"column":92}},"type":"binary-expr","locations":[{"start":{"line":648,"column":56},"end":{"line":648,"column":79}},{"start":{"line":648,"column":79},"end":{"line":648,"column":92}}],"line":648},"62":{"loc":{"start":{"line":735,"column":17},"end":{"line":757,"column":null}},"type":"cond-expr","locations":[{"start":{"line":736,"column":18},"end":{"line":749,"column":null}},{"start":{"line":751,"column":18},"end":{"line":757,"column":null}}],"line":735},"63":{"loc":{"start":{"line":739,"column":27},"end":{"line":739,"column":68}},"type":"binary-expr","locations":[{"start":{"line":739,"column":27},"end":{"line":739,"column":54}},{"start":{"line":739,"column":54},"end":{"line":739,"column":68}}],"line":739},"64":{"loc":{"start":{"line":761,"column":13},"end":{"line":766,"column":null}},"type":"binary-expr","locations":[{"start":{"line":761,"column":13},"end":{"line":761,"column":null}},{"start":{"line":762,"column":14},"end":{"line":766,"column":null}}],"line":761},"65":{"loc":{"start":{"line":764,"column":17},"end":{"line":764,"column":79}},"type":"cond-expr","locations":[{"start":{"line":764,"column":70},"end":{"line":764,"column":75}},{"start":{"line":764,"column":75},"end":{"line":764,"column":79}}],"line":764}},"s":{"0":12,"1":0,"2":12,"3":12,"4":0,"5":12,"6":4,"7":0,"8":4,"9":4,"10":0,"11":4,"12":16,"13":6,"14":2,"15":4,"16":4,"17":2,"18":0,"19":2,"20":2,"21":2,"22":2,"23":2,"24":2,"25":0,"26":2,"27":4,"28":2,"29":2,"30":2,"31":2,"32":1,"33":2,"34":1,"35":2,"36":1,"37":2,"38":1,"39":2,"40":1,"41":1,"42":1,"43":0,"44":1,"45":2,"46":2,"47":1,"48":2,"49":1,"50":2,"51":1,"52":0,"53":2,"54":1,"55":1,"56":1,"57":0,"58":0,"59":1,"60":2,"61":1,"62":1,"63":1,"64":2,"65":2,"66":1,"67":2,"68":2,"69":2,"70":1,"71":1,"72":0,"73":1,"74":2,"75":1,"76":1,"77":2,"78":2,"79":2,"80":1,"81":0,"82":2,"83":2,"84":1,"85":1,"86":2,"87":1,"88":1,"89":2,"90":2,"91":8,"92":0,"93":8,"94":1,"95":1,"96":1,"97":0,"98":0,"99":0,"100":1,"101":2,"102":2,"103":2,"104":2,"105":2,"106":2,"107":2,"108":2,"109":2,"110":1,"111":2,"112":2,"113":2,"114":2,"115":2,"116":2,"117":2,"118":2,"119":2,"120":1,"121":0,"122":2,"123":2,"124":6,"125":2,"126":2,"127":2,"128":2,"129":2,"130":7,"131":6,"132":4,"133":6,"134":2,"135":1,"136":1,"137":1},"f":{"0":12,"1":4,"2":16,"3":6,"4":2,"5":4,"6":4,"7":2,"8":2,"9":4,"10":2,"11":1,"12":1,"13":1,"14":1,"15":2,"16":1,"17":1,"18":1,"19":0,"20":2,"21":2,"22":1,"23":0,"24":8,"25":1,"26":2,"27":2,"28":2,"29":2,"30":1,"31":2,"32":2,"33":2,"34":2,"35":1,"36":0,"37":6,"38":2,"39":7,"40":6,"41":4,"42":6,"43":2,"44":1,"45":1},"b":{"0":[0,12],"1":[0,12],"2":[0,4],"3":[0,4],"4":[4,4],"5":[0,2],"6":[0,2],"7":[1,1],"8":[0,1],"9":[1,0],"10":[1,1],"11":[1,1,0],"12":[1,1],"13":[1,0],"14":[0,1],"15":[1,1,1],"16":[0,0],"17":[1,1],"18":[0,1],"19":[1,1],"20":[1,0],"21":[1,1],"22":[1,1],"23":[1,0],"24":[1,0],"25":[0,1],"26":[0,0],"27":[0,0],"28":[1,1],"29":[1,0],"30":[1,1],"31":[1,1],"32":[1,0],"33":[1,0],"34":[1,0],"35":[1,1],"36":[0,1],"37":[1,0],"38":[1,1],"39":[1,1],"40":[0,8],"41":[1,0],"42":[0,0],"43":[1,1],"44":[0,1],"45":[2,0],"46":[2,0],"47":[2,0],"48":[2,0],"49":[2,0],"50":[1,1],"51":[0,1],"52":[1,1],"53":[0,1],"54":[1,1],"55":[1,1],"56":[0,1],"57":[2,0],"58":[2,1],"59":[1,1],"60":[1,1],"61":[1,0],"62":[1,1],"63":[1,0],"64":[2,0],"65":[0,0]},"meta":{"lastBranch":66,"lastFunction":46,"lastStatement":138,"seen":{"f:40:9:40:20":0,"b:41:2:41:Infinity:undefined:undefined:undefined:undefined":0,"s:41:2:41:Infinity":0,"s:41:14:41:Infinity":1,"s:42:15:42:Infinity":2,"b:43:2:43:Infinity:undefined:undefined:undefined:undefined":1,"s:43:2:43:Infinity":3,"s:43:36:43:Infinity":4,"s:44:2:44:Infinity":5,"f:47:9:47:24":1,"b:48:2:48:Infinity:undefined:undefined:undefined:undefined":2,"s:48:2:48:Infinity":6,"s:48:14:48:Infinity":7,"s:49:15:49:Infinity":8,"b:50:2:50:Infinity:undefined:undefined:undefined:undefined":3,"s:50:2:50:Infinity":9,"s:50:36:50:Infinity":10,"s:51:2:57:Infinity":11,"f:60:9:60:22":2,"s:61:2:61:Infinity":12,"f:64:9:64:25":3,"s:65:2:65:Infinity":13,"f:68:9:68:29":4,"s:69:19:71:Infinity":14,"f:70:9:70:10":5,"s:70:20:70:33":15,"f:71:12:71:13":6,"s:71:25:71:80":16,"b:71:25:71:56:71:56:71:80":4,"b:73:2:75:Infinity:undefined:undefined:undefined:undefined":5,"s:73:2:75:Infinity":17,"s:74:4:74:Infinity":18,"s:77:21:77:Infinity":19,"f:77:37:77:38":7,"s:77:55:77:77":20,"s:78:21:78:Infinity":21,"f:78:37:78:38":8,"s:78:55:78:77":22,"s:79:16:79:Infinity":23,"b:81:2:83:Infinity:undefined:undefined:undefined:undefined":6,"s:81:2:83:Infinity":24,"s:82:4:82:Infinity":25,"s:85:21:85:Infinity":26,"f:85:35:85:36":9,"s:85:46:85:82":27,"s:86:18:86:Infinity":28,"s:88:4:88:Infinity":29,"b:88:23:88:29:88:29:88:Infinity":7,"b:88:45:88:66:88:66:88:Infinity":8,"b:88:81:88:102:88:102:88:Infinity":9,"s:90:2:93:Infinity":30,"f:96:9:96:Infinity":10,"s:101:28:103:Infinity":31,"f:102:4:102:5":11,"s:102:18:102:Infinity":32,"s:104:27:106:Infinity":33,"f:105:4:105:5":12,"s:105:18:105:Infinity":34,"s:107:26:109:Infinity":35,"f:108:4:108:5":13,"s:108:17:108:Infinity":36,"b:108:17:108:60:108:60:108:Infinity":10,"s:110:23:115:Infinity":37,"f:111:4:111:5":14,"s:112:6:114:Infinity":38,"b:112:6:112:Infinity:113:6:113:Infinity:114:6:114:Infinity":11,"b:117:2:132:Infinity:undefined:undefined:undefined:undefined":12,"s:117:2:132:Infinity":39,"s:118:24:118:Infinity":40,"s:119:4:131:Infinity":41,"b:124:25:124:90:124:90:124:Infinity":13,"b:134:2:149:Infinity:undefined:undefined:undefined:undefined":14,"s:134:2:149:Infinity":42,"b:134:6:134:36:134:36:134:67:134:67:134:92":15,"s:135:4:148:Infinity":43,"b:141:12:141:Infinity:142:12:142:Infinity":16,"s:151:2:162:Infinity":44,"f:165:9:165:Infinity":15,"s:172:29:172:Infinity":45,"s:173:28:175:Infinity":46,"f:174:4:174:5":16,"s:174:18:174:Infinity":47,"s:176:27:178:Infinity":48,"f:177:4:177:5":17,"s:177:18:177:Infinity":49,"s:179:25:181:Infinity":50,"f:180:12:180:13":18,"s:180:25:180:64":51,"f:181:10:181:11":19,"s:181:27:181:63":52,"b:183:2:195:Infinity:188:2:195:Infinity":17,"s:183:2:195:Infinity":53,"s:184:21:184:Infinity":54,"s:185:4:187:Infinity":55,"b:188:2:195:Infinity:193:9:195:Infinity":18,"s:188:2:195:Infinity":56,"s:189:21:189:Infinity":57,"s:190:4:192:Infinity":58,"s:194:4:194:Infinity":59,"b:197:2:206:Infinity:204:9:206:Infinity":19,"s:197:2:206:Infinity":60,"s:198:20:198:Infinity":61,"s:199:4:203:Infinity":62,"b:200:43:200:66:200:66:200:78":20,"s:205:4:205:Infinity":63,"s:208:2:212:Infinity":64,"b:214:2:216:Infinity:undefined:undefined:undefined:undefined":21,"s:214:2:216:Infinity":65,"s:215:4:215:Infinity":66,"s:218:2:218:Infinity":67,"f:221:9:221:Infinity":20,"s:227:27:227:Infinity":68,"b:229:2:243:Infinity:235:2:243:Infinity":22,"s:229:2:243:Infinity":69,"s:230:4:234:Infinity":70,"b:232:30:232:35:232:35:232:Infinity":23,"b:233:39:233:44:233:44:233:47":24,"b:235:2:243:Infinity:241:9:243:Infinity":25,"s:235:2:243:Infinity":71,"s:236:4:240:Infinity":72,"b:238:29:238:34:238:34:238:Infinity":26,"b:239:41:239:46:239:46:239:49":27,"s:242:4:242:Infinity":73,"b:245:2:253:Infinity:251:9:253:Infinity":28,"s:245:2:253:Infinity":74,"s:246:4:250:Infinity":75,"b:248:36:248:41:248:41:248:Infinity":29,"s:252:4:252:Infinity":76,"s:255:2:255:Infinity":77,"s:256:2:256:Infinity":78,"f:259:9:259:Infinity":21,"s:264:25:266:Infinity":79,"f:265:12:265:13":22,"s:265:25:265:92":80,"b:265:25:265:68:265:68:265:92":30,"f:266:10:266:11":23,"s:266:27:266:63":81,"s:268:37:268:Infinity":82,"b:270:2:278:Infinity:undefined:undefined:undefined:undefined":31,"s:270:2:278:Infinity":83,"s:271:20:271:Infinity":84,"s:272:4:277:Infinity":85,"b:273:38:273:47:273:47:273:Infinity":32,"b:275:33:275:47:275:47:275:Infinity":33,"b:276:55:276:78:276:78:276:90":34,"b:280:2:288:Infinity:undefined:undefined:undefined:undefined":35,"s:280:2:288:Infinity":86,"s:281:21:281:Infinity":87,"s:282:4:287:Infinity":88,"b:283:32:283:42:283:42:283:Infinity":36,"b:285:33:285:41:285:41:285:Infinity":37,"s:290:2:295:Infinity":89,"b:291:30:291:39:291:39:291:Infinity":38,"b:293:31:293:39:293:39:293:Infinity":39,"s:297:2:297:Infinity":90,"f:300:9:300:22":24,"b:301:2:301:Infinity:undefined:undefined:undefined:undefined":40,"s:301:2:301:Infinity":91,"s:301:21:301:Infinity":92,"s:302:2:302:Infinity":93,"f:305:9:305:27":25,"s:306:21:306:Infinity":94,"b:307:2:307:Infinity:undefined:undefined:undefined:undefined":41,"s:307:2:307:Infinity":95,"s:307:30:307:Infinity":96,"b:308:2:308:Infinity:undefined:undefined:undefined:undefined":42,"s:308:2:308:Infinity":97,"s:308:32:308:Infinity":98,"s:309:2:309:Infinity":99,"s:312:13:778:Infinity":100,"f:313:2:313:Infinity":26,"s:329:10:332:Infinity":101,"f:330:6:330:12":27,"s:330:12:330:Infinity":102,"s:334:10:334:Infinity":103,"f:334:28:334:34":28,"s:334:34:334:71":104,"s:335:10:335:Infinity":105,"f:335:37:335:43":29,"s:335:43:335:75":106,"s:337:26:337:Infinity":107,"s:338:25:338:Infinity":108,"s:339:22:341:Infinity":109,"f:340:6:340:7":30,"s:340:20:340:Infinity":110,"s:342:32:342:Infinity":111,"s:344:10:354:Infinity":112,"f:345:6:345:Infinity":31,"s:346:8:352:Infinity":113,"s:356:10:359:Infinity":114,"f:357:6:357:12":32,"s:357:12:357:Infinity":115,"s:361:10:364:Infinity":116,"f:362:6:362:12":33,"s:362:12:362:Infinity":117,"s:366:10:373:Infinity":118,"f:367:6:367:Infinity":34,"s:368:8:371:Infinity":119,"f:369:18:369:19":35,"s:369:31:369:70":120,"f:370:16:370:17":36,"s:370:33:370:69":121,"s:375:25:379:Infinity":122,"s:381:24:381:Infinity":123,"f:381:53:381:54":37,"s:381:63:381:73":124,"s:382:27:382:Infinity":125,"s:383:24:383:Infinity":126,"f:383:55:383:56":38,"s:383:65:383:75":127,"s:384:28:384:Infinity":128,"s:386:4:775:Infinity":129,"b:419:22:419:Infinity:420:22:422:Infinity":43,"b:421:24:421:Infinity:422:24:422:Infinity":44,"b:435:50:435:63:435:63:435:88":45,"b:439:50:439:66:439:66:439:72":46,"b:443:50:443:65:443:65:443:80":47,"b:474:20:474:33:474:33:474:53":48,"b:475:20:475:36:475:36:475:48":49,"b:483:20:483:Infinity:484:20:486:Infinity":50,"b:485:22:485:Infinity:486:22:486:Infinity":51,"b:501:22:501:Infinity:502:22:504:Infinity":52,"b:503:24:503:Infinity:504:24:504:Infinity":53,"b:524:44:524:69:524:69:524:Infinity":54,"b:531:20:531:Infinity:532:20:534:Infinity":55,"b:533:22:533:Infinity:534:22:534:Infinity":56,"f:548:30:548:31":39,"s:549:18:549:Infinity":130,"f:557:34:557:35":40,"s:558:18:558:Infinity":131,"f:565:25:565:26":41,"s:566:14:571:Infinity":132,"b:588:38:588:64:588:64:588:70":57,"b:589:34:589:52:589:52:589:72":58,"f:597:34:597:35":42,"s:598:18:609:Infinity":133,"b:617:16:634:Infinity:636:16:638:Infinity":59,"f:618:38:618:39":43,"s:619:20:632:Infinity":134,"b:645:16:654:Infinity:656:16:658:Infinity":60,"f:646:38:646:39":44,"s:647:20:652:Infinity":135,"b:648:56:648:79:648:79:648:92":61,"b:736:18:749:Infinity:751:18:757:Infinity":62,"f:736:38:736:39":45,"s:737:20:748:Infinity":136,"b:739:27:739:54:739:54:739:68":63,"b:761:13:761:Infinity:762:14:766:Infinity":64,"b:764:70:764:75:764:75:764:79":65,"s:780:0:780:Infinity":137}}}
,"C:\\Users\\imartinez.CDSA\\Desktop\\Proyectos\\Printer-Logs-Analyzer\\frontend\\src\\components\\Analysis\\ExecutiveSummary.module.css": {"path":"C:\\Users\\imartinez.CDSA\\Desktop\\Proyectos\\Printer-Logs-Analyzer\\frontend\\src\\components\\Analysis\\ExecutiveSummary.module.css","statementMap":{},"fnMap":{},"branchMap":{},"s":{},"f":{},"b":{},"meta":{"lastBranch":0,"lastFunction":0,"lastStatement":0,"seen":{}}}
,"C:\\Users\\imartinez.CDSA\\Desktop\\Proyectos\\Printer-Logs-Analyzer\\frontend\\src\\components\\Analysis\\ExecutiveSummary.tsx": {"path":"C:\\Users\\imartinez.CDSA\\Desktop\\Proyectos\\Printer-Logs-Analyzer\\frontend\\src\\components\\Analysis\\ExecutiveSummary.tsx","statementMap":{"0":{"start":{"line":30,"column":19},"end":{"line":30,"column":null}},"1":{"start":{"line":30,"column":43},"end":{"line":30,"column":79}},"2":{"start":{"line":31,"column":2},"end":{"line":38,"column":null}},"3":{"start":{"line":32,"column":18},"end":{"line":32,"column":null}},"4":{"start":{"line":34,"column":6},"end":{"line":36,"column":null}},"5":{"start":{"line":37,"column":4},"end":{"line":37,"column":null}},"6":{"start":{"line":40,"column":19},"end":{"line":40,"column":null}},"7":{"start":{"line":40,"column":43},"end":{"line":40,"column":81}},"8":{"start":{"line":41,"column":2},"end":{"line":44,"column":null}},"9":{"start":{"line":42,"column":17},"end":{"line":42,"column":null}},"10":{"start":{"line":43,"column":4},"end":{"line":43,"column":null}},"11":{"start":{"line":46,"column":2},"end":{"line":50,"column":null}},"12":{"start":{"line":54,"column":19},"end":{"line":56,"column":null}},"13":{"start":{"line":55,"column":16},"end":{"line":55,"column":25}},"14":{"start":{"line":56,"column":19},"end":{"line":56,"column":62}},"15":{"start":{"line":58,"column":2},"end":{"line":60,"column":null}},"16":{"start":{"line":59,"column":4},"end":{"line":59,"column":null}},"17":{"start":{"line":62,"column":15},"end":{"line":62,"column":null}},"18":{"start":{"line":62,"column":41},"end":{"line":62,"column":55}},"19":{"start":{"line":63,"column":15},"end":{"line":63,"column":null}},"20":{"start":{"line":63,"column":41},"end":{"line":63,"column":55}},"21":{"start":{"line":64,"column":16},"end":{"line":64,"column":null}},"22":{"start":{"line":65,"column":2},"end":{"line":67,"column":null}},"23":{"start":{"line":66,"column":4},"end":{"line":66,"column":null}},"24":{"start":{"line":69,"column":21},"end":{"line":69,"column":null}},"25":{"start":{"line":70,"column":22},"end":{"line":70,"column":null}},"26":{"start":{"line":70,"column":43},"end":{"line":70,"column":75}},"27":{"start":{"line":71,"column":2},"end":{"line":73,"column":null}},"28":{"start":{"line":72,"column":4},"end":{"line":72,"column":null}},"29":{"start":{"line":75,"column":20},"end":{"line":75,"column":null}},"30":{"start":{"line":76,"column":18},"end":{"line":76,"column":null}},"31":{"start":{"line":78,"column":4},"end":{"line":82,"column":null}},"32":{"start":{"line":84,"column":2},"end":{"line":84,"column":null}},"33":{"start":{"line":88,"column":20},"end":{"line":88,"column":null}},"34":{"start":{"line":89,"column":18},"end":{"line":89,"column":null}},"35":{"start":{"line":90,"column":2},"end":{"line":90,"column":null}},"36":{"start":{"line":90,"column":76},"end":{"line":90,"column":null}},"37":{"start":{"line":91,"column":2},"end":{"line":91,"column":null}},"38":{"start":{"line":94,"column":13},"end":{"line":305,"column":null}},"39":{"start":{"line":107,"column":30},"end":{"line":109,"column":null}},"40":{"start":{"line":108,"column":13},"end":{"line":108,"column":null}},"41":{"start":{"line":110,"column":29},"end":{"line":112,"column":null}},"42":{"start":{"line":111,"column":13},"end":{"line":111,"column":null}},"43":{"start":{"line":113,"column":26},"end":{"line":113,"column":null}},"44":{"start":{"line":113,"column":58},"end":{"line":113,"column":93}},"45":{"start":{"line":114,"column":28},"end":{"line":116,"column":null}},"46":{"start":{"line":115,"column":13},"end":{"line":115,"column":null}},"47":{"start":{"line":117,"column":28},"end":{"line":119,"column":null}},"48":{"start":{"line":118,"column":13},"end":{"line":118,"column":null}},"49":{"start":{"line":121,"column":10},"end":{"line":124,"column":null}},"50":{"start":{"line":122,"column":12},"end":{"line":122,"column":null}},"51":{"start":{"line":125,"column":10},"end":{"line":125,"column":null}},"52":{"start":{"line":125,"column":34},"end":{"line":125,"column":71}},"53":{"start":{"line":127,"column":10},"end":{"line":178,"column":null}},"54":{"start":{"line":128,"column":31},"end":{"line":128,"column":null}},"55":{"start":{"line":130,"column":6},"end":{"line":146,"column":null}},"56":{"start":{"line":131,"column":20},"end":{"line":131,"column":null}},"57":{"start":{"line":132,"column":8},"end":{"line":136,"column":null}},"58":{"start":{"line":137,"column":6},"end":{"line":146,"column":null}},"59":{"start":{"line":138,"column":20},"end":{"line":138,"column":null}},"60":{"start":{"line":139,"column":8},"end":{"line":143,"column":null}},"61":{"start":{"line":145,"column":8},"end":{"line":145,"column":null}},"62":{"start":{"line":148,"column":6},"end":{"line":163,"column":null}},"63":{"start":{"line":149,"column":21},"end":{"line":152,"column":null}},"64":{"start":{"line":151,"column":22},"end":{"line":151,"column":94}},"65":{"start":{"line":153,"column":22},"end":{"line":153,"column":null}},"66":{"start":{"line":154,"column":8},"end":{"line":154,"column":null}},"67":{"start":{"line":155,"column":6},"end":{"line":163,"column":null}},"68":{"start":{"line":156,"column":8},"end":{"line":160,"column":null}},"69":{"start":{"line":162,"column":8},"end":{"line":162,"column":null}},"70":{"start":{"line":165,"column":6},"end":{"line":167,"column":null}},"71":{"start":{"line":169,"column":6},"end":{"line":169,"column":null}},"72":{"start":{"line":180,"column":10},"end":{"line":220,"column":null}},"73":{"start":{"line":181,"column":60},"end":{"line":181,"column":null}},"74":{"start":{"line":182,"column":6},"end":{"line":194,"column":null}},"75":{"start":{"line":183,"column":18},"end":{"line":183,"column":null}},"76":{"start":{"line":184,"column":8},"end":{"line":187,"column":null}},"77":{"start":{"line":188,"column":6},"end":{"line":194,"column":null}},"78":{"start":{"line":189,"column":18},"end":{"line":189,"column":null}},"79":{"start":{"line":190,"column":8},"end":{"line":193,"column":null}},"80":{"start":{"line":196,"column":6},"end":{"line":210,"column":null}},"81":{"start":{"line":197,"column":20},"end":{"line":197,"column":null}},"82":{"start":{"line":198,"column":8},"end":{"line":203,"column":null}},"83":{"start":{"line":204,"column":6},"end":{"line":210,"column":null}},"84":{"start":{"line":205,"column":20},"end":{"line":205,"column":null}},"85":{"start":{"line":206,"column":8},"end":{"line":209,"column":null}},"86":{"start":{"line":212,"column":6},"end":{"line":217,"column":null}},"87":{"start":{"line":213,"column":8},"end":{"line":216,"column":null}},"88":{"start":{"line":219,"column":6},"end":{"line":219,"column":null}},"89":{"start":{"line":222,"column":25},"end":{"line":233,"column":null}},"90":{"start":{"line":235,"column":32},"end":{"line":235,"column":null}},"91":{"start":{"line":237,"column":4},"end":{"line":302,"column":null}},"92":{"start":{"line":277,"column":16},"end":{"line":277,"column":null}},"93":{"start":{"line":286,"column":16},"end":{"line":288,"column":null}},"94":{"start":{"line":296,"column":12},"end":{"line":299,"column":null}},"95":{"start":{"line":307,"column":0},"end":{"line":307,"column":null}}},"fnMap":{"0":{"name":"computeHealthStatus","decl":{"start":{"line":22,"column":9},"end":{"line":22,"column":null}},"loc":{"start":{"line":29,"column":2},"end":{"line":51,"column":null}},"line":29},"1":{"name":"(anonymous_1)","decl":{"start":{"line":30,"column":36},"end":{"line":30,"column":37}},"loc":{"start":{"line":30,"column":43},"end":{"line":30,"column":79}},"line":30},"2":{"name":"(anonymous_2)","decl":{"start":{"line":40,"column":36},"end":{"line":40,"column":37}},"loc":{"start":{"line":40,"column":43},"end":{"line":40,"column":81}},"line":40},"3":{"name":"computeErrorDensity","decl":{"start":{"line":53,"column":9},"end":{"line":53,"column":29}},"loc":{"start":{"line":53,"column":49},"end":{"line":85,"column":null}},"line":53},"4":{"name":"(anonymous_4)","decl":{"start":{"line":55,"column":9},"end":{"line":55,"column":10}},"loc":{"start":{"line":55,"column":16},"end":{"line":55,"column":25}},"line":55},"5":{"name":"(anonymous_5)","decl":{"start":{"line":56,"column":12},"end":{"line":56,"column":13}},"loc":{"start":{"line":56,"column":19},"end":{"line":56,"column":62}},"line":56},"6":{"name":"(anonymous_6)","decl":{"start":{"line":62,"column":31},"end":{"line":62,"column":32}},"loc":{"start":{"line":62,"column":41},"end":{"line":62,"column":55}},"line":62},"7":{"name":"(anonymous_7)","decl":{"start":{"line":63,"column":31},"end":{"line":63,"column":32}},"loc":{"start":{"line":63,"column":41},"end":{"line":63,"column":55}},"line":63},"8":{"name":"(anonymous_8)","decl":{"start":{"line":70,"column":36},"end":{"line":70,"column":37}},"loc":{"start":{"line":70,"column":43},"end":{"line":70,"column":75}},"line":70},"9":{"name":"formatDateRange","decl":{"start":{"line":87,"column":9},"end":{"line":87,"column":25}},"loc":{"start":{"line":87,"column":53},"end":{"line":92,"column":null}},"line":87},"10":{"name":"(anonymous_10)","decl":{"start":{"line":95,"column":2},"end":{"line":95,"column":null}},"loc":{"start":{"line":106,"column":7},"end":{"line":304,"column":null}},"line":106},"11":{"name":"(anonymous_11)","decl":{"start":{"line":108,"column":6},"end":{"line":108,"column":7}},"loc":{"start":{"line":108,"column":13},"end":{"line":108,"column":null}},"line":108},"12":{"name":"(anonymous_12)","decl":{"start":{"line":111,"column":6},"end":{"line":111,"column":7}},"loc":{"start":{"line":111,"column":13},"end":{"line":111,"column":null}},"line":111},"13":{"name":"(anonymous_13)","decl":{"start":{"line":113,"column":51},"end":{"line":113,"column":52}},"loc":{"start":{"line":113,"column":58},"end":{"line":113,"column":93}},"line":113},"14":{"name":"(anonymous_14)","decl":{"start":{"line":115,"column":6},"end":{"line":115,"column":7}},"loc":{"start":{"line":115,"column":13},"end":{"line":115,"column":null}},"line":115},"15":{"name":"(anonymous_15)","decl":{"start":{"line":118,"column":6},"end":{"line":118,"column":7}},"loc":{"start":{"line":118,"column":13},"end":{"line":118,"column":null}},"line":118},"16":{"name":"(anonymous_16)","decl":{"start":{"line":122,"column":6},"end":{"line":122,"column":12}},"loc":{"start":{"line":122,"column":12},"end":{"line":122,"column":null}},"line":122},"17":{"name":"(anonymous_17)","decl":{"start":{"line":125,"column":28},"end":{"line":125,"column":34}},"loc":{"start":{"line":125,"column":34},"end":{"line":125,"column":71}},"line":125},"18":{"name":"(anonymous_18)","decl":{"start":{"line":127,"column":34},"end":{"line":127,"column":40}},"loc":{"start":{"line":127,"column":40},"end":{"line":170,"column":7}},"line":127},"19":{"name":"(anonymous_19)","decl":{"start":{"line":151,"column":15},"end":{"line":151,"column":16}},"loc":{"start":{"line":151,"column":22},"end":{"line":151,"column":94}},"line":151},"20":{"name":"(anonymous_20)","decl":{"start":{"line":180,"column":30},"end":{"line":180,"column":36}},"loc":{"start":{"line":180,"column":36},"end":{"line":220,"column":7}},"line":180},"21":{"name":"(anonymous_21)","decl":{"start":{"line":276,"column":33},"end":{"line":276,"column":34}},"loc":{"start":{"line":277,"column":16},"end":{"line":277,"column":null}},"line":277},"22":{"name":"(anonymous_22)","decl":{"start":{"line":285,"column":29},"end":{"line":285,"column":30}},"loc":{"start":{"line":286,"column":16},"end":{"line":288,"column":null}},"line":286},"23":{"name":"(anonymous_23)","decl":{"start":{"line":295,"column":28},"end":{"line":295,"column":29}},"loc":{"start":{"line":296,"column":12},"end":{"line":299,"column":null}},"line":296}},"branchMap":{"0":{"loc":{"start":{"line":31,"column":2},"end":{"line":38,"column":null}},"type":"if","locations":[{"start":{"line":31,"column":2},"end":{"line":38,"column":null}},{"start":{},"end":{}}],"line":31},"1":{"loc":{"start":{"line":34,"column":6},"end":{"line":36,"column":null}},"type":"cond-expr","locations":[{"start":{"line":35,"column":10},"end":{"line":35,"column":null}},{"start":{"line":36,"column":10},"end":{"line":36,"column":null}}],"line":34},"2":{"loc":{"start":{"line":41,"column":2},"end":{"line":44,"column":null}},"type":"if","locations":[{"start":{"line":41,"column":2},"end":{"line":44,"column":null}},{"start":{},"end":{}}],"line":41},"3":{"loc":{"start":{"line":42,"column":48},"end":{"line":42,"column":78}},"type":"cond-expr","locations":[{"start":{"line":42,"column":70},"end":{"line":42,"column":76}},{"start":{"line":42,"column":76},"end":{"line":42,"column":78}}],"line":42},"4":{"loc":{"start":{"line":56,"column":19},"end":{"line":56,"column":62}},"type":"binary-expr","locations":[{"start":{"line":56,"column":19},"end":{"line":56,"column":44}},{"start":{"line":56,"column":44},"end":{"line":56,"column":62}}],"line":56},"5":{"loc":{"start":{"line":58,"column":2},"end":{"line":60,"column":null}},"type":"if","locations":[{"start":{"line":58,"column":2},"end":{"line":60,"column":null}},{"start":{},"end":{}}],"line":58},"6":{"loc":{"start":{"line":65,"column":2},"end":{"line":67,"column":null}},"type":"if","locations":[{"start":{"line":65,"column":2},"end":{"line":67,"column":null}},{"start":{},"end":{}}],"line":65},"7":{"loc":{"start":{"line":71,"column":2},"end":{"line":73,"column":null}},"type":"if","locations":[{"start":{"line":71,"column":2},"end":{"line":73,"column":null}},{"start":{},"end":{}}],"line":71},"8":{"loc":{"start":{"line":76,"column":18},"end":{"line":76,"column":null}},"type":"cond-expr","locations":[{"start":{"line":76,"column":34},"end":{"line":76,"column":67}},{"start":{"line":76,"column":67},"end":{"line":76,"column":null}}],"line":76},"9":{"loc":{"start":{"line":78,"column":4},"end":{"line":82,"column":null}},"type":"cond-expr","locations":[{"start":{"line":79,"column":8},"end":{"line":7
[...]
:4},"end":{"line":83,"column":null}},"15":{"start":{"line":70,"column":34},"end":{"line":73,"column":null}},"16":{"start":{"line":72,"column":43},"end":{"line":72,"column":73}},"17":{"start":{"line":74,"column":6},"end":{"line":78,"column":null}},"18":{"start":{"line":80,"column":18},"end":{"line":80,"column":null}},"19":{"start":{"line":81,"column":6},"end":{"line":81,"column":null}},"20":{"start":{"line":82,"column":6},"end":{"line":82,"column":null}},"21":{"start":{"line":87,"column":4},"end":{"line":87,"column":null}},"22":{"start":{"line":88,"column":4},"end":{"line":131,"column":null}},"23":{"start":{"line":89,"column":18},"end":{"line":89,"column":null}},"24":{"start":{"line":90,"column":6},"end":{"line":126,"column":null}},"25":{"start":{"line":91,"column":29},"end":{"line":91,"column":null}},"26":{"start":{"line":91,"column":84},"end":{"line":91,"column":99}},"27":{"start":{"line":92,"column":8},"end":{"line":92,"column":null}},"28":{"start":{"line":92,"column":27},"end":{"line":92,"column":null}},"29":{"start":{"line":95,"column":46},"end":{"line":124,"column":null}},"30":{"start":{"line":98,"column":12},"end":{"line":104,"column":null}},"31":{"start":{"line":107,"column":34},"end":{"line":115,"column":null}},"32":{"start":{"line":108,"column":14},"end":{"line":114,"column":null}},"33":{"start":{"line":116,"column":12},"end":{"line":116,"column":null}},"34":{"start":{"line":116,"column":40},"end":{"line":116,"column":null}},"35":{"start":{"line":117,"column":12},"end":{"line":122,"column":null}},"36":{"start":{"line":125,"column":8},"end":{"line":125,"column":null}},"37":{"start":{"line":127,"column":6},"end":{"line":127,"column":null}},"38":{"start":{"line":129,"column":6},"end":{"line":129,"column":null}},"39":{"start":{"line":130,"column":6},"end":{"line":130,"column":null}},"40":{"start":{"line":135,"column":23},"end":{"line":135,"column":null}},"41":{"start":{"line":136,"column":4},"end":{"line":136,"column":null}},"42":{"start":{"line":136,"column":17},"end":{"line":136,"column":null}},"43":{"start":{"line":137,"column":4},"end":{"line":137,"column":null}},"44":{"start":{"line":139,"column":4},"end":{"line":162,"column":null}},"45":{"start":{"line":140,"column":49},"end":{"line":150,"column":null}},"46":{"start":{"line":140,"column":80},"end":{"line":150,"column":8}},"47":{"start":{"line":152,"column":6},"end":{"line":157,"column":null}},"48":{"start":{"line":158,"column":6},"end":{"line":158,"column":null}},"49":{"start":{"line":160,"column":6},"end":{"line":160,"column":null}},"50":{"start":{"line":161,"column":6},"end":{"line":161,"column":null}}},"fnMap":{"0":{"name":"(anonymous_0)","decl":{"start":{"line":42,"column":54},"end":{"line":42,"column":55}},"loc":{"start":{"line":42,"column":69},"end":{"line":164,"column":2}},"line":42},"1":{"name":"(anonymous_1)","decl":{"start":{"line":56,"column":13},"end":{"line":56,"column":14}},"loc":{"start":{"line":56,"column":25},"end":{"line":56,"column":null}},"line":56},"2":{"name":"(anonymous_2)","decl":{"start":{"line":57,"column":14},"end":{"line":57,"column":15}},"loc":{"start":{"line":57,"column":27},"end":{"line":57,"column":null}},"line":57},"3":{"name":"(anonymous_3)","decl":{"start":{"line":58,"column":12},"end":{"line":58,"column":13}},"loc":{"start":{"line":58,"column":23},"end":{"line":58,"column":null}},"line":58},"4":{"name":"(anonymous_4)","decl":{"start":{"line":59,"column":15},"end":{"line":59,"column":16}},"loc":{"start":{"line":59,"column":29},"end":{"line":59,"column":null}},"line":59},"5":{"name":"(anonymous_5)","decl":{"start":{"line":60,"column":18},"end":{"line":60,"column":19}},"loc":{"start":{"line":60,"column":35},"end":{"line":60,"column":null}},"line":60},"6":{"name":"(anonymous_6)","decl":{"start":{"line":61,"column":15},"end":{"line":61,"column":16}},"loc":{"start":{"line":61,"column":28},"end":{"line":61,"column":null}},"line":61},"7":{"name":"(anonymous_7)","decl":{"start":{"line":61,"column":32},"end":{"line":61,"column":33}},"loc":{"start":{"line":61,"column":44},"end":{"line":61,"column":82}},"line":61},"8":{"name":"(anonymous_8)","decl":{"start":{"line":62,"column":22},"end":{"line":62,"column":23}},"loc":{"start":{"line":62,"column":43},"end":{"line":62,"column":null}},"line":62},"9":{"name":"(anonymous_9)","decl":{"start":{"line":63,"column":20},"end":{"line":63,"column":21}},"loc":{"start":{"line":63,"column":39},"end":{"line":63,"column":null}},"line":63},"10":{"name":"(anonymous_10)","decl":{"start":{"line":65,"column":17},"end":{"line":65,"column":24}},"loc":{"start":{"line":65,"column":59},"end":{"line":84,"column":null}},"line":65},"11":{"name":"(anonymous_11)","decl":{"start":{"line":72,"column":36},"end":{"line":72,"column":43}},"loc":{"start":{"line":72,"column":43},"end":{"line":72,"column":73}},"line":72},"12":{"name":"(anonymous_12)","decl":{"start":{"line":86,"column":27},"end":{"line":86,"column":34}},"loc":{"start":{"line":86,"column":59},"end":{"line":132,"column":null}},"line":86},"13":{"name":"(anonymous_13)","decl":{"start":{"line":90,"column":10},"end":{"line":90,"column":11}},"loc":{"start":{"line":90,"column":21},"end":{"line":126,"column":7}},"line":90},"14":{"name":"(anonymous_14)","decl":{"start":{"line":91,"column":77},"end":{"line":91,"column":78}},"loc":{"start":{"line":91,"column":84},"end":{"line":91,"column":99}},"line":91},"15":{"name":"(anonymous_15)","decl":{"start":{"line":97,"column":42},"end":{"line":97,"column":43}},"loc":{"start":{"line":98,"column":12},"end":{"line":104,"column":null}},"line":98},"16":{"name":"(anonymous_16)","decl":{"start":{"line":106,"column":48},"end":{"line":106,"column":49}},"loc":{"start":{"line":106,"column":57},"end":{"line":123,"column":11}},"line":106},"17":{"name":"(anonymous_17)","decl":{"start":{"line":107,"column":49},"end":{"line":107,"column":50}},"loc":{"start":{"line":108,"column":14},"end":{"line":114,"column":null}},"line":108},"18":{"name":"(anonymous_18)","decl":{"start":{"line":134,"column":22},"end":{"line":134,"column":29}},"loc":{"start":{"line":134,"column":59},"end":{"line":163,"column":null}},"line":134},"19":{"name":"(anonymous_19)","decl":{"start":{"line":140,"column":70},"end":{"line":140,"column":71}},"loc":{"start":{"line":140,"column":80},"end":{"line":150,"column":8}},"line":140}},"branchMap":{"0":{"loc":{"start":{"line":66,"column":4},"end":{"line":66,"column":null}},"type":"if","locations":[{"start":{"line":66,"column":4},"end":{"line":66,"column":null}},{"start":{},"end":{}}],"line":66},"1":{"loc":{"start":{"line":67,"column":79},"end":{"line":67,"column":97}},"type":"binary-expr","locations":[{"start":{"line":67,"column":79},"end":{"line":67,"column":91}},{"start":{"line":67,"column":91},"end":{"line":67,"column":97}}],"line":67},"2":{"loc":{"start":{"line":67,"column":117},"end":{"line":67,"column":137}},"type":"binary-expr","locations":[{"start":{"line":67,"column":117},"end":{"line":67,"column":132}},{"start":{"line":67,"column":132},"end":{"line":67,"column":137}}],"line":67},"3":{"loc":{"start":{"line":76,"column":18},"end":{"line":76,"column":null}},"type":"binary-expr","locations":[{"start":{"line":76,"column":18},"end":{"line":76,"column":43}},{"start":{"line":76,"column":43},"end":{"line":76,"column":null}}],"line":76},"4":{"loc":{"start":{"line":80,"column":18},"end":{"line":80,"column":null}},"type":"cond-expr","locations":[{"start":{"line":80,"column":39},"end":{"line":80,"column":51}},{"start":{"line":80,"column":51},"end":{"line":80,"column":null}}],"line":80},"5":{"loc":{"start":{"line":86,"column":40},"end":{"line":86,"column":59}},"type":"default-arg","locations":[{"start":{"line":86,"column":49},"end":{"line":86,"column":59}}],"line":86},"6":{"loc":{"start":{"line":91,"column":29},"end":{"line":91,"column":null}},"type":"cond-expr","locations":[{"start":{"line":91,"column":38},"end":{"line":91,"column":55}},{"start":{"line":91,"column":55},"end":{"line":91,"column":null}}],"line":91},"7":{"loc":{"start":{"line":92,"column":8},"end":{"line":92,"column":null}},"type":"if","locations":[{"start":{"line":92,"column":8},"end":{"line":92,"column":null}},{"start":{},"end":{}}],"line":92},"8":{"loc":{"start":{"line":98,"column":12},"end":{"line":104,"column":null}},"type":"cond-expr","locations":[{"start":{"line":99,"column":16},"end":{"line":103,"column":null}},{"start":{"line":104,"column":16},"end":{"line":104,"column":null}}],"line":98},"9":{"loc":{"start":{"line":101,"column":37},"end":{"line":101,"column":null}},"type":"binary-expr","locations":[{"start":{"line":101,"column":37},"end":{"line":101,"column":57}},{"start":{"line":101,"column":57},"end":{"line":101,"column":78}},{"start":{"line":101,"column":78},"end":{"line":101,"column":null}}],"line":101},"10":{"loc":{"start":{"line":102,"column":41},"end":{"line":102,"column":null}},"type":"binary-expr","locations":[{"start":{"line":102,"column":41},"end":{"line":102,"column":65}},{"start":{"line":102,"column":65},"end":{"line":102,"column":null}}],"line":102},"11":{"loc":{"start":{"line":108,"column":14},"end":{"line":114,"column":null}},"type":"cond-expr","locations":[{"start":{"line":109,"column":18},"end":{"line":113,"column":null}},{"start":{"line":114,"column":18},"end":{"line":114,"column":null}}],"line":108},"12":{"loc":{"start":{"line":111,"column":39},"end":{"line":111,"column":null}},"type":"binary-expr","locations":[{"start":{"line":111,"column":39},"end":{"line":111,"column":59}},{"start":{"line":111,"column":59},"end":{"line":111,"column":80}},{"start":{"line":111,"column":80},"end":{"line":111,"column":null}}],"line":111},"13":{"loc":{"start":{"line":112,"column":43},"end":{"line":112,"column":null}},"type":"binary-expr","locations":[{"start":{"line":112,"column":43},"end":{"line":112,"column":67}},{"start":{"line":112,"column":67},"end":{"line":112,"column":null}}],"line":112},"14":{"loc":{"start":{"line":116,"column":12},"end":{"line":116,"column":null}},"type":"if","locations":[{"start":{"line":116,"column":12},"end":{"line":116,"column":null}},{"start":{},"end":{}}],"line":116},"15":{"loc":{"start":{"line":120,"column":24},"end":{"line":120,"column":null}},"type":"binary-expr","locations":[{"start":{"line":120,"column":24},"end":{"line":120,"column":44}},{"start":{"line":120,"column":44},"end":{"line":120,"column":65}},{"start":{"line":120,"column":65},"end":{"line":120,"column":null}}],"line":120},"16":{"loc":{"start":{"line":121,"column":36},"end":{"line":121,"column":null}},"type":"binary-expr","locations":[{"start":{"line":121,"column":36},"end":{"line":121,"column":60}},{"start":{"line":121,"column":60},"end":{"line":121,"column":null}}],"line":121},"17":{"loc":{"start":{"line":129,"column":38},"end":{"line":129,"column":81}},"type":"cond-expr","locations":[{"start":{"line":129,"column":59},"end":{"line":129,"column":71}},{"start":{"line":129,"column":71},"end":{"line":129,"column":81}}],"line":129},"18":{"loc":{"start":{"line":136,"column":4},"end":{"line":136,"column":null}},"type":"if","locations":[{"start":{"line":136,"column":4},"end":{"line":136,"column":null}},{"start":{},"end":{}}],"line":136},"19":{"loc":{"start":{"line":148,"column":18},"end":{"line":148,"column":null}},"type":"binary-expr","locations":[{"start":{"line":148,"column":18},"end":{"line":148,"column":34}},{"start":{"line":148,"column":34},"end":{"line":148,"column":null}}],"line":148},"20":{"loc":{"start":{"line":160,"column":42},"end":{"line":160,"column":85}},"type":"cond-expr","locations":[{"start":{"line":160,"column":63},"end":{"line":160,"column":75}},{"start":{"line":160,"column":75},"end":{"line":160,"column":85}}],"line":160}},"s":{"0":3,"1":3,"2":0,"3":0,"4":0,"5":2,"6":0,"7":0,"8":0,"9":1,"10":1,"11":2,"12":0,"13":2,"14":2,"15":2,"16":0,"17":1,"18":1,"19":1,"20":1,"21":1,"22":1,"23":1,"24":1,"25":1,"26":2,"27":1,"28":0,"29":1,"30":1,"31":1,"32":1,"33":1,"34":0,"35":1,"36":1,"37":1,"38":0,"39":0,"40":1,"41":1,"42":0,"43":1,"44":1,"45":1,"46":1,"47":1,"48":1,"49":0,"50":0},"f":{"0":3,"1":0,"2":0,"3":0,"4":2,"5":0,"6":0,"7":0,"8":1,"9":1,"10":2,"11":0,"12":1,"13":1,"14":2,"15":1,"16":1,"17":1,"18":1,"19":1},"b":{"0":[0,2],"1":[2,1],"2":[2,2],"3":[1,0],"4":[1,0],"5":[1],"6":[0,1],"7":[0,1],"8":[1,0],"9":[1,0,0],"10":[1,1],"11":[1,0],"12":[1,0,0],"13":[1,1],"14":[0,1],"15":[1,0,0],"16":[1,1],"17":[0,0],"18":[0,1],"19":[1,1],"20":[0,0]},"meta":{"lastBranch":21,"lastFunction":20,"lastStatement":51,"seen":{"s:42:13:164:Infinity":0,"f:42:54:42:55":0,"s:42:69:164:2":1,"f:56:13:56:14":1,"s:56:25:56:Infinity":2,"f:57:14:57:15":2,"s:57:27:57:Infinity":3,"f:58:12:58:13":3,"s:58:23:58:Infinity":4,"f:59:15:59:16":4,"s:59:29:59:Infinity":5,"f:60:18:60:19":5,"s:60:35:60:Infinity":6,"f:61:15:61:16":6,"s:61:28:61:Infinity":7,"f:61:32:61:33":7,"s:61:44:61:82":8,"f:62:22:62:23":8,"s:62:43:62:Infinity":9,"f:63:20:63:21":9,"s:63:39:63:Infinity":10,"f:65:17:65:24":10,"b:66:4:66:Infinity:undefined:undefined:undefined:undefined":0,"s:66:4:66:Infinity":11,"s:66:25:66:Infinity":12,"s:67:4:67:Infinity":13,"b:67:79:67:91:67:91:67:97":1,"b:67:117:67:132:67:132:67:137":2,"s:69:4:83:Infinity":14,"s:70:34:73:Infinity":15,"f:72:36:72:43":11,"s:72:43:72:73":16,"s:74:6:78:Infinity":17,"b:76:18:76:43:76:43:76:Infinity":3,"s:80:18:80:Infinity":18,"b:80:39:80:51:80:51:80:Infinity":4,"s:81:6:81:Infinity":19,"s:82:6:82:Infinity":20,"f:86:27:86:34":12,"b:86:49:86:59":5,"s:87:4:87:Infinity":21,"s:88:4:131:Infinity":22,"s:89:18:89:Infinity":23,"s:90:6:126:Infinity":24,"f:90:10:90:11":13,"s:91:29:91:Infinity":25,"b:91:38:91:55:91:55:91:Infinity":6,"f:91:77:91:78":14,"s:91:84:91:99":26,"b:92:8:92:Infinity:undefined:undefined:undefined:undefined":7,"s:92:8:92:Infinity":27,"s:92:27:92:Infinity":28,"s:95:46:124:Infinity":29,"f:97:42:97:43":15,"s:98:12:104:Infinity":30,"b:99:16:103:Infinity:104:16:104:Infinity":8,"b:101:37:101:57:101:57:101:78:101:78:101:Infinity":9,"b:102:41:102:65:102:65:102:Infinity":10,"f:106:48:106:49":16,"s:107:34:115:Infinity":31,"f:107:49:107:50":17,"s:108:14:114:Infinity":32,"b:109:18:113:Infinity:114:18:114:Infinity":11,"b:111:39:111:59:111:59:111:80:111:80:111:Infinity":12,"b:112:43:112:67:112:67:112:Infinity":13,"b:116:12:116:Infinity:undefined:undefined:undefined:undefined":14,"s:116:12:116:Infinity":33,"s:116:40:116:Infinity":34,"s:117:12:122:Infinity":35,"b:120:24:120:44:120:44:120:65:120:65:120:Infinity":15,"b:121:36:121:60:121:60:121:Infinity":16,"s:125:8:125:Infinity":36,"s:127:6:127:Infinity":37,"s:129:6:129:Infinity":38,"b:129:59:129:71:129:71:129:81":17,"s:130:6:130:Infinity":39,"f:134:22:134:29":18,"s:135:23:135:Infinity":40,"b:136:4:136:Infinity:undefined:undefined:undefined:undefined":18,"s:136:4:136:Infinity":41,"s:136:17:136:Infinity":42,"s:137:4:137:Infinity":43,"s:139:4:162:Infinity":44,"s:140:49:150:Infinity":45,"f:140:70:140:71":19,"s:140:80:150:8":46,"b:148:18:148:34:148:34:148:Infinity":19,"s:152:6:157:Infinity":47,"s:158:6:158:Infinity":48,"s:160:6:160:Infinity":49,"b:160:63:160:75:160:75:160:85":20,"s:161:6:161:Infinity":50}}}
,"C:\\Users\\imartinez.CDSA\\Desktop\\Proyectos\\Printer-Logs-Analyzer\\frontend\\src\\store\\useUIStore.ts": {"path":"C:\\Users\\imartinez.CDSA\\Desktop\\Proyectos\\Printer-Logs-Analyzer\\frontend\\src\\store\\useUIStore.ts","statementMap":{"0":{"start":{"line":41,"column":13},"end":{"line":77,"column":null}},"1":{"start":{"line":41,"column":52},"end":{"line":77,"column":2}},"2":{"start":{"line":54,"column":37},"end":{"line":54,"column":null}},"3":{"start":{"line":55,"column":57},"end":{"line":55,"column":null}},"4":{"start":{"line":56,"column":35},"end":{"line":56,"column":null}},"5":{"start":{"line":57,"column":45},"end":{"line":57,"column":null}},"6":{"start":{"line":58,"column":43},"end":{"line":58,"column":null}},"7":{"start":{"line":59,"column":55},"end":{"line":59,"column":null}},"8":{"start":{"line":60,"column":45},"end":{"line":60,"column":null}},"9":{"start":{"line":61,"column":39},"end":{"line":61,"column":null}},"10":{"start":{"line":62,"column":39},"end":{"line":62,"column":null}},"11":{"start":{"line":63,"column":39},"end":{"line":63,"column":null}},"12":{"start":{"line":64,"column":47},"end":{"line":64,"column":null}},"13":{"start":{"line":65,"column":24},"end":{"line":76,"column":null}}},"fnMap":{"0":{"name":"(anonymous_0)","decl":{"start":{"line":41,"column":42},"end":{"line":41,"column":43}},"loc":{"start":{"line":41,"column":52},"end":{"line":77,"column":2}},"line":41},"1":{"name":"(anonymous_1)","decl":{"start":{"line":54,"column":19},"end":{"line":54,"column":20}},"loc":{"start":{"line":54,"column":37},"end":{"line":54,"column":null}},"line":54},"2":{"name":"(anonymous_2)","decl":{"start":{"line":55,"column":19},"end":{"line":55,"column":20}},"loc":{"start":{"line":55,"column":57},"end":{"line":55,"column":null}},"line":55},"3":{"name":"(anonymous_3)","decl":{"start":{"line":56,"column":18},"end":{"line":56,"column":19}},"loc":{"start":{"line":56,"column":35},"end":{"line":56,"column":null}},"line":56},"4":{"name":"(anonymous_4)","decl":{"start":{"line":57,"column":23},"end":{"line":57,"column":24}},"loc":{"start":{"line":57,"column":45},"end":{"line":57,"column":null}},"line":57},"5":{"name":"(anonymous_5)","decl":{"start":{"line":58,"column":22},"end":{"line":58,"column":23}},"loc":{"start":{"line":58,"column":43},"end":{"line":58,"column":null}},"line":58},"6":{"name":"(anonymous_6)","decl":{"start":{"line":59,"column":28},"end":{"line":59,"column":29}},"loc":{"start":{"line":59,"column":55},"end":{"line":59,"column":null}},"line":59},"7":{"name":"(anonymous_7)","decl":{"start":{"line":60,"column":23},"end":{"line":60,"column":24}},"loc":{"start":{"line":60,"column":45},"end":{"line":60,"column":null}},"line":60},"8":{"name":"(anonymous_8)","decl":{"start":{"line":61,"column":20},"end":{"line":61,"column":21}},"loc":{"start":{"line":61,"column":39},"end":{"line":61,"column":null}},"line":61},"9":{"name":"(anonymous_9)","decl":{"start":{"line":62,"column":20},"end":{"line":62,"column":21}},"loc":{"start":{"line":62,"column":39},"end":{"line":62,"column":null}},"line":62},"10":{"name":"(anonymous_10)","decl":{"start":{"line":63,"column":20},"end":{"line":63,"column":21}},"loc":{"start":{"line":63,"column":39},"end":{"line":63,"column":null}},"line":63},"11":{"name":"(anonymous_11)","decl":{"start":{"line":64,"column":24},"end":{"line":64,"column":25}},"loc":{"start":{"line":64,"column":47},"end":{"line":64,"column":null}},"line":64},"12":{"name":"(anonymous_12)","decl":{"start":{"line":65,"column":18},"end":{"line":65,"column":24}},"loc":{"start":{"line":65,"column":24},"end":{"line":76,"column":null}},"line":65}},"branchMap":{"0":{"loc":{"start":{"line":55,"column":34},"end":{"line":55,"column":57}},"type":"default-arg","locations":[{"start":{"line":55,"column":48},"end":{"line":55,"column":57}}],"line":55}},"s":{"0":1,"1":1,"2":0,"3":0,"4":0,"5":0,"6":0,"7":0,"8":0,"9":0,"10":0,"11":0,"12":4,"13":0},"f":{"0":1,"1":0,"2":0,"3":0,"4":0,"5":0,"6":0,"7":0,"8":0,"9":0,"10":0,"11":4,"12":0},"b":{"0":[0]},"meta":{"lastBranch":1,"lastFunction":13,"lastStatement":14,"seen":{"s:41:13:77:Infinity":0,"f:41:42:41:43":0,"s:41:52:77:2":1,"f:54:19:54:20":1,"s:54:37:54:Infinity":2,"f:55:19:55:20":2,"s:55:57:55:Infinity":3,"b:55:48:55:57":0,"f:56:18:56:19":3,"s:56:35:56:Infinity":4,"f:57:23:57:24":4,"s:57:45:57:Infinity":5,"f:58:22:58:23":5,"s:58:43:58:Infinity":6,"f:59:28:59:29":6,"s:59:55:59:Infinity":7,"f:60:23:60:24":7,"s:60:45:60:Infinity":8,"f:61:20:61:21":8,"s:61:39:61:Infinity":9,"f:62:20:62:21":9,"s:62:39:62:Infinity":10,"f:63:20:63:21":10,"s:63:39:63:Infinity":11,"f:64:24:64:25":11,"s:64:47:64:Infinity":12,"f:65:18:65:24":12,"s:65:24:76:Infinity":13}}}
,"C:\\Users\\imartinez.CDSA\\Desktop\\Proyectos\\Printer-Logs-Analyzer\\frontend\\src\\styles\\skeleton.css": {"path":"C:\\Users\\imartinez.CDSA\\Desktop\\Proyectos\\Printer-Logs-Analyzer\\frontend\\src\\styles\\skeleton.css","statementMap":{},"fnMap":{},"branchMap":{},"s":{},"f":{},"b":{},"meta":{"lastBranch":0,"lastFunction":0,"lastStatement":0,"seen":{}}}
}
